This is pdfTeX, Version 3.14159265-2.6-1.40.20 (TeX Live 2019/Debian) (preloaded format=pdflatex 2021.12.28)  6 MAR 2022 15:16
entering extended mode
 restricted \write18 enabled.
 %&-line parsing enabled.
**vrsasara_ed_rm.tex
(./vrsasara_ed_rm.tex
LaTeX2e <2020-02-02> patch level 2
L3 programming layer <2020-02-14>
(/usr/share/texlive/texmf-dist/tex/latex/base/book.cls
Document Class: book 2019/12/20 v1.4l Standard LaTeX document class
(/usr/share/texlive/texmf-dist/tex/latex/base/bk12.clo
File: bk12.clo 2019/12/20 v1.4l Standard LaTeX file (size option)
)
\c@part=\count167
\c@chapter=\count168
\c@section=\count169
\c@subsection=\count170
\c@subsubsection=\count171
\c@paragraph=\count172
\c@subparagraph=\count173
\c@figure=\count174
\c@table=\count175
\abovecaptionskip=\skip47
\belowcaptionskip=\skip48
\bibindent=\dimen134
)
(/usr/share/texlive/texmf-dist/tex/latex/inputenx/inputenx.sty
Package: inputenx 2019/11/29 v1.12 Enhanced input encoding handling (HO)

(/usr/share/texlive/texmf-dist/tex/latex/inputenx/ix-alias.def
File: ix-alias.def 2019/11/29 v1.12 Alias list (inputenx)
)
Package inputenx Info: Encoding name: utf8x
(inputenx)             Encoding file: utf8x.def
(inputenx)              on input line 175.

(/usr/share/texlive/texmf-dist/tex/latex/base/inputenc.sty
Package: inputenc 2018/08/11 v1.3c Input encoding file
\inpenc@prehook=\toks14
\inpenc@posthook=\toks15
)
(/usr/share/texlive/texmf-dist/tex/latex/ucs/utf8x.def
File: utf8x.def 2004/10/17 UCS: Input encoding UTF-8
))
(/usr/share/texlive/texmf-dist/tex/latex/ucs/ucs.sty
Package: ucs 2013/05/11 v2.2 UCS: Unicode input support

(/usr/share/texlive/texmf-dist/tex/latex/ucs/data/uni-global.def
File: uni-global.def 2013/05/13 UCS: Unicode global data
)
\uc@secondtry=\count176
\uc@combtoks=\toks16
\uc@combtoksb=\toks17
\uc@temptokena=\toks18
)
(/usr/share/texlive/texmf-dist/tex/latex/background/background.sty
Package: background 2014/03/04 v2.1 background material

(/usr/share/texlive/texmf-dist/tex/latex/xkeyval/xkeyval.sty
Package: xkeyval 2014/12/03 v2.7a package option processing (HA)

(/usr/share/texlive/texmf-dist/tex/generic/xkeyval/xkeyval.tex
(/usr/share/texlive/texmf-dist/tex/generic/xkeyval/xkvutils.tex
\XKV@toks=\toks19
\XKV@tempa@toks=\toks20

(/usr/share/texlive/texmf-dist/tex/generic/xkeyval/keyval.tex))
\XKV@depth=\count177
File: xkeyval.tex 2014/12/03 v2.7a key=value parser (HA)
))
(/usr/share/texlive/texmf-dist/tex/latex/pgf/frontendlayer/tikz.sty
(/usr/share/texlive/texmf-dist/tex/latex/pgf/basiclayer/pgf.sty
(/usr/share/texlive/texmf-dist/tex/latex/pgf/utilities/pgfrcs.sty
(/usr/share/texlive/texmf-dist/tex/generic/pgf/utilities/pgfutil-common.tex
\pgfutil@everybye=\toks21
\pgfutil@tempdima=\dimen135
\pgfutil@tempdimb=\dimen136

(/usr/share/texlive/texmf-dist/tex/generic/pgf/utilities/pgfutil-common-lists.t
ex)) (/usr/share/texlive/texmf-dist/tex/generic/pgf/utilities/pgfutil-latex.def
\pgfutil@abb=\box45
(/usr/share/texlive/texmf-dist/tex/latex/ms/everyshi.sty
Package: everyshi 2001/05/15 v3.00 EveryShipout Package (MS)
))
(/usr/share/texlive/texmf-dist/tex/generic/pgf/utilities/pgfrcs.code.tex
(/usr/share/texlive/texmf-dist/tex/generic/pgf/pgf.revision.tex)
Package: pgfrcs 2020/01/08 v3.1.5b (3.1.5b)
))
Package: pgf 2020/01/08 v3.1.5b (3.1.5b)

(/usr/share/texlive/texmf-dist/tex/latex/pgf/basiclayer/pgfcore.sty
(/usr/share/texlive/texmf-dist/tex/latex/graphics/graphicx.sty
Package: graphicx 2019/11/30 v1.2a Enhanced LaTeX Graphics (DPC,SPQR)

(/usr/share/texlive/texmf-dist/tex/latex/graphics/graphics.sty
Package: graphics 2019/11/30 v1.4a Standard LaTeX Graphics (DPC,SPQR)

(/usr/share/texlive/texmf-dist/tex/latex/graphics/trig.sty
Package: trig 2016/01/03 v1.10 sin cos tan (DPC)
)
(/usr/share/texlive/texmf-dist/tex/latex/graphics-cfg/graphics.cfg
File: graphics.cfg 2016/06/04 v1.11 sample graphics configuration
)
Package graphics Info: Driver file: pdftex.def on input line 105.

(/usr/share/texlive/texmf-dist/tex/latex/graphics-def/pdftex.def
File: pdftex.def 2018/01/08 v1.0l Graphics/color driver for pdftex
))
\Gin@req@height=\dimen137
\Gin@req@width=\dimen138
)
(/usr/share/texlive/texmf-dist/tex/latex/pgf/systemlayer/pgfsys.sty
(/usr/share/texlive/texmf-dist/tex/generic/pgf/systemlayer/pgfsys.code.tex
Package: pgfsys 2020/01/08 v3.1.5b (3.1.5b)

(/usr/share/texlive/texmf-dist/tex/generic/pgf/utilities/pgfkeys.code.tex
\pgfkeys@pathtoks=\toks22
\pgfkeys@temptoks=\toks23

(/usr/share/texlive/texmf-dist/tex/generic/pgf/utilities/pgfkeysfiltered.code.t
ex
\pgfkeys@tmptoks=\toks24
))
\pgf@x=\dimen139
\pgf@y=\dimen140
\pgf@xa=\dimen141
\pgf@ya=\dimen142
\pgf@xb=\dimen143
\pgf@yb=\dimen144
\pgf@xc=\dimen145
\pgf@yc=\dimen146
\pgf@xd=\dimen147
\pgf@yd=\dimen148
\w@pgf@writea=\write3
\r@pgf@reada=\read2
\c@pgf@counta=\count178
\c@pgf@countb=\count179
\c@pgf@countc=\count180
\c@pgf@countd=\count181
\t@pgf@toka=\toks25
\t@pgf@tokb=\toks26
\t@pgf@tokc=\toks27
\pgf@sys@id@count=\count182
 (/usr/share/texlive/texmf-dist/tex/generic/pgf/systemlayer/pgf.cfg
File: pgf.cfg 2020/01/08 v3.1.5b (3.1.5b)
)
Driver file for pgf: pgfsys-pdftex.def

(/usr/share/texlive/texmf-dist/tex/generic/pgf/systemlayer/pgfsys-pdftex.def
File: pgfsys-pdftex.def 2020/01/08 v3.1.5b (3.1.5b)

(/usr/share/texlive/texmf-dist/tex/generic/pgf/systemlayer/pgfsys-common-pdf.de
f
File: pgfsys-common-pdf.def 2020/01/08 v3.1.5b (3.1.5b)
)))
(/usr/share/texlive/texmf-dist/tex/generic/pgf/systemlayer/pgfsyssoftpath.code.
tex
File: pgfsyssoftpath.code.tex 2020/01/08 v3.1.5b (3.1.5b)
\pgfsyssoftpath@smallbuffer@items=\count183
\pgfsyssoftpath@bigbuffer@items=\count184
)
(/usr/share/texlive/texmf-dist/tex/generic/pgf/systemlayer/pgfsysprotocol.code.
tex
File: pgfsysprotocol.code.tex 2020/01/08 v3.1.5b (3.1.5b)
)) (/usr/share/texlive/texmf-dist/tex/latex/xcolor/xcolor.sty
Package: xcolor 2016/05/11 v2.12 LaTeX color extensions (UK)

(/usr/share/texlive/texmf-dist/tex/latex/graphics-cfg/color.cfg
File: color.cfg 2016/01/02 v1.6 sample color configuration
)
Package xcolor Info: Driver file: pdftex.def on input line 225.
Package xcolor Info: Model `cmy' substituted by `cmy0' on input line 1348.
Package xcolor Info: Model `hsb' substituted by `rgb' on input line 1352.
Package xcolor Info: Model `RGB' extended on input line 1364.
Package xcolor Info: Model `HTML' substituted by `rgb' on input line 1366.
Package xcolor Info: Model `Hsb' substituted by `hsb' on input line 1367.
Package xcolor Info: Model `tHsb' substituted by `hsb' on input line 1368.
Package xcolor Info: Model `HSB' substituted by `hsb' on input line 1369.
Package xcolor Info: Model `Gray' substituted by `gray' on input line 1370.
Package xcolor Info: Model `wave' substituted by `hsb' on input line 1371.
)
(/usr/share/texlive/texmf-dist/tex/generic/pgf/basiclayer/pgfcore.code.tex
Package: pgfcore 2020/01/08 v3.1.5b (3.1.5b)

(/usr/share/texlive/texmf-dist/tex/generic/pgf/math/pgfmath.code.tex
(/usr/share/texlive/texmf-dist/tex/generic/pgf/math/pgfmathcalc.code.tex
(/usr/share/texlive/texmf-dist/tex/generic/pgf/math/pgfmathutil.code.tex)
(/usr/share/texlive/texmf-dist/tex/generic/pgf/math/pgfmathparser.code.tex
\pgfmath@dimen=\dimen149
\pgfmath@count=\count185
\pgfmath@box=\box46
\pgfmath@toks=\toks28
\pgfmath@stack@operand=\toks29
\pgfmath@stack@operation=\toks30
)
(/usr/share/texlive/texmf-dist/tex/generic/pgf/math/pgfmathfunctions.code.tex
(/usr/share/texlive/texmf-dist/tex/generic/pgf/math/pgfmathfunctions.basic.code
.tex)
(/usr/share/texlive/texmf-dist/tex/generic/pgf/math/pgfmathfunctions.trigonomet
ric.code.tex)
(/usr/share/texlive/texmf-dist/tex/generic/pgf/math/pgfmathfunctions.random.cod
e.tex)
(/usr/share/texlive/texmf-dist/tex/generic/pgf/math/pgfmathfunctions.comparison
.code.tex)
(/usr/share/texlive/texmf-dist/tex/generic/pgf/math/pgfmathfunctions.base.code.
tex)
(/usr/share/texlive/texmf-dist/tex/generic/pgf/math/pgfmathfunctions.round.code
.tex)
(/usr/share/texlive/texmf-dist/tex/generic/pgf/math/pgfmathfunctions.misc.code.
tex)
(/usr/share/texlive/texmf-dist/tex/generic/pgf/math/pgfmathfunctions.integerari
thmetics.code.tex)))
(/usr/share/texlive/texmf-dist/tex/generic/pgf/math/pgfmathfloat.code.tex
\c@pgfmathroundto@lastzeros=\count186
))
(/usr/share/texlive/texmf-dist/tex/generic/pgf/math/pgfint.code.tex)
(/usr/share/texlive/texmf-dist/tex/generic/pgf/basiclayer/pgfcorepoints.code.te
x
File: pgfcorepoints.code.tex 2020/01/08 v3.1.5b (3.1.5b)
\pgf@picminx=\dimen150
\pgf@picmaxx=\dimen151
\pgf@picminy=\dimen152
\pgf@picmaxy=\dimen153
\pgf@pathminx=\dimen154
\pgf@pathmaxx=\dimen155
\pgf@pathminy=\dimen156
\pgf@pathmaxy=\dimen157
\pgf@xx=\dimen158
\pgf@xy=\dimen159
\pgf@yx=\dimen160
\pgf@yy=\dimen161
\pgf@zx=\dimen162
\pgf@zy=\dimen163
)
(/usr/share/texlive/texmf-dist/tex/generic/pgf/basiclayer/pgfcorepathconstruct.
code.tex
File: pgfcorepathconstruct.code.tex 2020/01/08 v3.1.5b (3.1.5b)
\pgf@path@lastx=\dimen164
\pgf@path@lasty=\dimen165
)
(/usr/share/texlive/texmf-dist/tex/generic/pgf/basiclayer/pgfcorepathusage.code
.tex
File: pgfcorepathusage.code.tex 2020/01/08 v3.1.5b (3.1.5b)
\pgf@shorten@end@additional=\dimen166
\pgf@shorten@start@additional=\dimen167
)
(/usr/share/texlive/texmf-dist/tex/generic/pgf/basiclayer/pgfcorescopes.code.te
x
File: pgfcorescopes.code.tex 2020/01/08 v3.1.5b (3.1.5b)
\pgfpic=\box47
\pgf@hbox=\box48
\pgf@layerbox@main=\box49
\pgf@picture@serial@count=\count187
)
(/usr/share/texlive/texmf-dist/tex/generic/pgf/basiclayer/pgfcoregraphicstate.c
ode.tex
File: pgfcoregraphicstate.code.tex 2020/01/08 v3.1.5b (3.1.5b)
\pgflinewidth=\dimen168
)
(/usr/share/texlive/texmf-dist/tex/generic/pgf/basiclayer/pgfcoretransformation
s.code.tex
File: pgfcoretransformations.code.tex 2020/01/08 v3.1.5b (3.1.5b)
\pgf@pt@x=\dimen169
\pgf@pt@y=\dimen170
\pgf@pt@temp=\dimen171
)
(/usr/share/texlive/texmf-dist/tex/generic/pgf/basiclayer/pgfcorequick.code.tex
File: pgfcorequick.code.tex 2020/01/08 v3.1.5b (3.1.5b)
)
(/usr/share/texlive/texmf-dist/tex/generic/pgf/basiclayer/pgfcoreobjects.code.t
ex
File: pgfcoreobjects.code.tex 2020/01/08 v3.1.5b (3.1.5b)
)
(/usr/share/texlive/texmf-dist/tex/generic/pgf/basiclayer/pgfcorepathprocessing
.code.tex
File: pgfcorepathprocessing.code.tex 2020/01/08 v3.1.5b (3.1.5b)
)
(/usr/share/texlive/texmf-dist/tex/generic/pgf/basiclayer/pgfcorearrows.code.te
x
File: pgfcorearrows.code.tex 2020/01/08 v3.1.5b (3.1.5b)
\pgfarrowsep=\dimen172
)
(/usr/share/texlive/texmf-dist/tex/generic/pgf/basiclayer/pgfcoreshade.code.tex
File: pgfcoreshade.code.tex 2020/01/08 v3.1.5b (3.1.5b)
\pgf@max=\dimen173
\pgf@sys@shading@range@num=\count188
\pgf@shadingcount=\count189
)
(/usr/share/texlive/texmf-dist/tex/generic/pgf/basiclayer/pgfcoreimage.code.tex
File: pgfcoreimage.code.tex 2020/01/08 v3.1.5b (3.1.5b)

(/usr/share/texlive/texmf-dist/tex/generic/pgf/basiclayer/pgfcoreexternal.code.
tex
File: pgfcoreexternal.code.tex 2020/01/08 v3.1.5b (3.1.5b)
\pgfexternal@startupbox=\box50
))
(/usr/share/texlive/texmf-dist/tex/generic/pgf/basiclayer/pgfcorelayers.code.te
x
File: pgfcorelayers.code.tex 2020/01/08 v3.1.5b (3.1.5b)
)
(/usr/share/texlive/texmf-dist/tex/generic/pgf/basiclayer/pgfcoretransparency.c
ode.tex
File: pgfcoretransparency.code.tex 2020/01/08 v3.1.5b (3.1.5b)
)
(/usr/share/texlive/texmf-dist/tex/generic/pgf/basiclayer/pgfcorepatterns.code.
tex
File: pgfcorepatterns.code.tex 2020/01/08 v3.1.5b (3.1.5b)
)
(/usr/share/texlive/texmf-dist/tex/generic/pgf/basiclayer/pgfcorerdf.code.tex
File: pgfcorerdf.code.tex 2020/01/08 v3.1.5b (3.1.5b)
)))
(/usr/share/texlive/texmf-dist/tex/generic/pgf/modules/pgfmoduleshapes.code.tex
File: pgfmoduleshapes.code.tex 2020/01/08 v3.1.5b (3.1.5b)
\pgfnodeparttextbox=\box51
) (/usr/share/texlive/texmf-dist/tex/generic/pgf/modules/pgfmoduleplot.code.tex
File: pgfmoduleplot.code.tex 2020/01/08 v3.1.5b (3.1.5b)
)
(/usr/share/texlive/texmf-dist/tex/latex/pgf/compatibility/pgfcomp-version-0-65
.sty
Package: pgfcomp-version-0-65 2020/01/08 v3.1.5b (3.1.5b)
\pgf@nodesepstart=\dimen174
\pgf@nodesepend=\dimen175
)
(/usr/share/texlive/texmf-dist/tex/latex/pgf/compatibility/pgfcomp-version-1-18
.sty
Package: pgfcomp-version-1-18 2020/01/08 v3.1.5b (3.1.5b)
)) (/usr/share/texlive/texmf-dist/tex/latex/pgf/utilities/pgffor.sty
(/usr/share/texlive/texmf-dist/tex/latex/pgf/utilities/pgfkeys.sty
(/usr/share/texlive/texmf-dist/tex/generic/pgf/utilities/pgfkeys.code.tex))
(/usr/share/texlive/texmf-dist/tex/latex/pgf/math/pgfmath.sty
(/usr/share/texlive/texmf-dist/tex/generic/pgf/math/pgfmath.code.tex))
(/usr/share/texlive/texmf-dist/tex/generic/pgf/utilities/pgffor.code.tex
Package: pgffor 2020/01/08 v3.1.5b (3.1.5b)

(/usr/share/texlive/texmf-dist/tex/generic/pgf/math/pgfmath.code.tex)
\pgffor@iter=\dimen176
\pgffor@skip=\dimen177
\pgffor@stack=\toks31
\pgffor@toks=\toks32
))
(/usr/share/texlive/texmf-dist/tex/generic/pgf/frontendlayer/tikz/tikz.code.tex
Package: tikz 2020/01/08 v3.1.5b (3.1.5b)

(/usr/share/texlive/texmf-dist/tex/generic/pgf/libraries/pgflibraryplothandlers
.code.tex
File: pgflibraryplothandlers.code.tex 2020/01/08 v3.1.5b (3.1.5b)
\pgf@plot@mark@count=\count190
\pgfplotmarksize=\dimen178
)
\tikz@lastx=\dimen179
\tikz@lasty=\dimen180
\tikz@lastxsaved=\dimen181
\tikz@lastysaved=\dimen182
\tikz@lastmovetox=\dimen183
\tikz@lastmovetoy=\dimen184
\tikzleveldistance=\dimen185
\tikzsiblingdistance=\dimen186
\tikz@figbox=\box52
\tikz@figbox@bg=\box53
\tikz@tempbox=\box54
\tikz@tempbox@bg=\box55
\tikztreelevel=\count191
\tikznumberofchildren=\count192
\tikznumberofcurrentchild=\count193
\tikz@fig@count=\count194

(/usr/share/texlive/texmf-dist/tex/generic/pgf/modules/pgfmodulematrix.code.tex
File: pgfmodulematrix.code.tex 2020/01/08 v3.1.5b (3.1.5b)
\pgfmatrixcurrentrow=\count195
\pgfmatrixcurrentcolumn=\count196
\pgf@matrix@numberofcolumns=\count197
)
\tikz@expandcount=\count198

(/usr/share/texlive/texmf-dist/tex/generic/pgf/frontendlayer/tikz/libraries/tik
zlibrarytopaths.code.tex
File: tikzlibrarytopaths.code.tex 2020/01/08 v3.1.5b (3.1.5b)
)))
(/usr/share/texlive/texmf-dist/tex/latex/everypage/everypage.sty
Package: everypage 2007/06/20 1.1 Hooks to run on every page
)
(/usr/share/texlive/texmf-dist/tex/latex/tools/afterpage.sty
Package: afterpage 2014/10/28 v1.08 After-Page Package (DPC)
\AP@output=\toks33
\AP@partial=\box56
\AP@footins=\box57
))
(/usr/share/texlive/texmf-dist/tex/latex/ucs/data/uni-0.def
File: uni-0.def 2013/05/13 UCS: Unicode data U+0000..U+00FF
)
(/usr/share/texlive/texmf-dist/tex/latex/ucs/data/uni-34.def
File: uni-34.def 2013/05/13 UCS: Unicode data U+2200..U+22FF
)
(/usr/share/texlive/texmf-dist/tex/latex/ucs/data/uni-1.def
File: uni-1.def 2013/05/13 UCS: Unicode data U+0100..U+01FF
)
(/usr/share/texlive/texmf-dist/tex/latex/ucs/data/uni-30.def
File: uni-30.def 2013/05/13 UCS: Unicode data U+1E00..U+1EFF
)
(./vrsasara_macros.tex
(/usr/share/texlive/texmf-dist/tex/latex/libertine/libertine.sty
Package: libertine 2019/07/01 (Bob Tennent) Supports Libertine and Biolinum fon
ts for all LaTeX engines.

(/usr/share/texlive/texmf-dist/tex/generic/iftex/ifxetex.sty
Package: ifxetex 2019/10/25 v0.7 ifxetex legacy package. Use iftex instead.

(/usr/share/texlive/texmf-dist/tex/generic/iftex/iftex.sty
Package: iftex 2019/11/07 v1.0c TeX engine tests
))
(/usr/share/texlive/texmf-dist/tex/generic/iftex/ifluatex.sty
Package: ifluatex 2019/10/25 v1.5 ifluatex legacy package. Use iftex instead.
)
(/usr/share/texlive/texmf-dist/tex/latex/base/textcomp.sty
Package: textcomp 2020/02/02 v2.0n Standard LaTeX package
)
(/usr/share/texlive/texmf-dist/tex/latex/base/fontenc.sty
Package: fontenc 2020/02/11 v2.0o Standard LaTeX package
)
(/usr/share/texlive/texmf-dist/tex/latex/fontaxes/fontaxes.sty
Package: fontaxes 2014/03/23 v1.0d Font selection axes
LaTeX Info: Redefining \upshape on input line 29.
LaTeX Info: Redefining \itshape on input line 31.
LaTeX Info: Redefining \slshape on input line 33.
LaTeX Info: Redefining \swshape on input line 35.
LaTeX Info: Redefining \scshape on input line 37.
LaTeX Info: Redefining \sscshape on input line 39.
LaTeX Info: Redefining \ulcshape on input line 41.
LaTeX Info: Redefining \textsw on input line 47.
LaTeX Info: Redefining \textssc on input line 48.
LaTeX Info: Redefining \textulc on input line 49.
)
LaTeX Info: Redefining \oldstylenums on input line 494.

(/usr/share/texlive/texmf-dist/tex/latex/libertine/LinLibertine_I.tex))
(/usr/share/texlive/texmf-dist/tex/latex/pdfpages/pdfpages.sty
Package: pdfpages 2020/01/28 v0.5q Insert pages of external PDF documents (AM)

(/usr/share/texlive/texmf-dist/tex/latex/base/ifthen.sty
Package: ifthen 2014/09/29 v1.1c Standard LaTeX ifthen package (DPC)
)
(/usr/share/texlive/texmf-dist/tex/latex/tools/calc.sty
Package: calc 2017/05/25 v4.3 Infix arithmetic (KKT,FJ)
\calc@Acount=\count199
\calc@Bcount=\count266
\calc@Adimen=\dimen187
\calc@Bdimen=\dimen188
\calc@Askip=\skip49
\calc@Bskip=\skip50
LaTeX Info: Redefining \setlength on input line 80.
LaTeX Info: Redefining \addtolength on input line 81.
\calc@Ccount=\count267
\calc@Cskip=\skip51
)
(/usr/share/texlive/texmf-dist/tex/latex/eso-pic/eso-pic.sty
Package: eso-pic 2018/04/12 v2.0h eso-pic (RN)

(/usr/share/texlive/texmf-dist/tex/generic/atbegshi/atbegshi.sty
Package: atbegshi 2019/12/05 v1.19 At begin shipout hook (HO)

(/usr/share/texlive/texmf-dist/tex/generic/infwarerr/infwarerr.sty
Package: infwarerr 2019/12/03 v1.5 Providing info/warning/error messages (HO)
)
(/usr/share/texlive/texmf-dist/tex/generic/ltxcmds/ltxcmds.sty
Package: ltxcmds 2019/12/15 v1.24 LaTeX kernel commands for general use (HO)
)))
\AM@pagewidth=\dimen189
\AM@pageheight=\dimen190

(/usr/share/texlive/texmf-dist/tex/latex/pdfpages/pppdftex.def
File: pppdftex.def 2020/01/28 v0.5q Pdfpages driver for pdfTeX (AM)
)
\AM@pagebox=\box58
\AM@global@opts=\toks34
\AM@pagecnt=\count268
\AM@toc@title=\toks35
\c@AM@survey=\count269
\AM@templatesizebox=\box59
)
(/usr/share/texlive/texmf-dist/tex/latex/velthuis/dev.sty
Package: dev 2008/03/09 v2.15 LaTeX macros for Velthuis Devanagari

(/usr/share/texlive/texmf-dist/tex/latex/velthuis/devanagari.sty
Package: devanagari 2019/03/05 v2.17.1 LaTeX macros for Velthuis Devanagari
\dev@chnum=\count270
\itdim=\dimen191
LaTeX Info: Redefining \dn@commands on input line 238.
\anudep=\dimen192
\anuwid=\dimen193
)
(/usr/share/texlive/texmf-dist/tex/latex/velthuis/dvngcite.sty
Package: dvngcite 2008/03/09 v2.15 Extension for citations in the nagari text

(/usr/share/texlive/texmf-dist/tex/latex/cite/cite.sty
LaTeX Info: Redefining \cite on input line 302.
LaTeX Info: Redefining \nocite on input line 332.
Package: cite 2015/02/27  v 5.5
)

)) (/usr/share/texlive/texmf-dist/tex/latex/fancyhdr/fancyhdr.sty
Package: fancyhdr 2019/01/31 v3.10 Extensive control of page headers and footer
s
\f@nch@headwidth=\skip52
\f@nch@O@elh=\skip53
\f@nch@O@erh=\skip54
\f@nch@O@olh=\skip55
\f@nch@O@orh=\skip56
\f@nch@O@elf=\skip57
\f@nch@O@erf=\skip58
\f@nch@O@olf=\skip59
\f@nch@O@orf=\skip60
)
(/usr/share/texlive/texmf-dist/tex/latex/ledmac/ledmac.sty
Package: ledmac 2016/08/06 v0.19.4 LaTeX port of EDMAC
\@l@dtempcnta=\count271
\@l@dtempcntb=\count272
\section@num=\count273
\l@dnumpstartsL=\count274
\line@margin=\count275
\c@firstlinenum=\count276
\c@linenumincrement=\count277
\c@firstsublinenum=\count278
\c@sublinenumincrement=\count279
\lock@disp=\count280
\sublock@disp=\count281
\linenumsep=\skip61
\@toksa=\toks36
\@toksb=\toks37
\line@num=\count282
\subline@num=\count283
\absline@num=\count284
\@lock=\count285
\sub@lock=\count286
\page@num=\count287
\endpage@num=\count288
\endline@num=\count289
\endsubline@num=\count290
\@inputcheck=\read3
\last@page@num=\count291
\insert@count=\count292
\linenum@out=\write4
\raw@text=\box60
\num@lines=\count293
\one@line=\box61
\par@line=\count294
\c@pstart=\count295
\ballast@count=\count296
\c@ballast=\count297
\mpAfootins=\insert252
\mpBfootins=\insert251
\mpCfootins=\insert250
\mpDfootins=\insert249
\mpEfootins=\insert248
\Afootins=\insert247
\Bfootins=\insert246
\Cfootins=\insert245
\Dfootins=\insert244
\Efootins=\insert243
\ipn@skip=\skip62
\prevpage@num=\count298
\@k=\count299
\@h=\dimen194
\l@d@end=\write5
\sidenote@margin=\count300
\l@dlp@rbox=\box62
\l@drp@rbox=\box63
\ledlsnotewidth=\dimen195
\ledrsnotewidth=\dimen196
\ledlsnotesep=\dimen197
\ledrsnotesep=\dimen198
\footinsA=\insert242
\c@footnoteA=\count301
\mpfootinsA=\insert241
\c@footnoteB=\count302
\footinsB=\insert240
\mpfootinsB=\insert239
\c@footnoteC=\count303
\footinsC=\insert238
\mpfootinsC=\insert237
\c@labidx=\count304
\@emptytoks=\toks38
\l@denvbody=\toks39
\stanza@count=\count305
\stanzaindentbase=\skip63
\c@stanzaindentsrepetition=\count306
\stanza@modulo=\count307
\l@dampcount=\count308
\l@dcolcount=\count309
\hilfsbox=\box64
\hilfsskip=\skip64
\Hilfsbox=\box65
\hilfscount=\count310
\dcoli=\dimen199
\dcolii=\dimen256
\dcoliii=\dimen257
\dcoliv=\dimen258
\dcolv=\dimen259
\dcolvi=\dimen260
\dcolvii=\dimen261
\dcolviii=\dimen262
\dcolix=\dimen263
\dcolx=\dimen264
\dcolxi=\dimen265
\dcolxii=\dimen266
\dcolxiii=\dimen267
\dcolxiv=\dimen268
\dcolxv=\dimen269
\dcolxvi=\dimen270
\dcolxvii=\dimen271
\dcolxviii=\dimen272
\dcolxix=\dimen273
\dcolxx=\dimen274
\dcolxxi=\dimen275
\dcolxxii=\dimen276
\dcolxxiii=\dimen277
\dcolxxiv=\dimen278
\dcolxxv=\dimen279
\dcolxxvi=\dimen280
\dcolxxvii=\dimen281
\dcolxxviii=\dimen282
\dcolxxix=\dimen283
\dcolxxx=\dimen284
\dcolerr=\dimen285
\@hilfs@count=\count311
\edtabcolsep=\skip65
\edfilldimen=\dimen286
\c@addcolcount=\count312
\HILFSskip=\skip66
\Hilfsskip=\skip67
\tabhilfbox=\box66
\tabHilfbox=\box67
)
(/usr/share/texlive/texmf-dist/tex/generic/babel/babel.sty
Package: babel 2020/02/14 3.40 The Babel package

(/usr/share/texlive/texmf-dist/tex/generic/babel/switch.def
File: switch.def 2020/02/14 3.40 Babel switching mechanism
)
(/usr/share/texlive/texmf-dist/tex/generic/babel-english/english.ldf
Language: english 2017/06/06 v3.3r English support from the babel system

(/usr/share/texlive/texmf-dist/tex/generic/babel/babel.def
File: babel.def 2020/02/14 3.40 Babel common definitions
\babel@savecnt=\count313
\U@D=\dimen287

(/usr/share/texlive/texmf-dist/tex/generic/babel/txtbabel.def)
\bbl@readstream=\read4
\bbl@dirlevel=\count314
)
Package babel Info: \l@british = using hyphenrules for english
(babel)             (\language0) on input line 82.
Package babel Info: \l@UKenglish = using hyphenrules for english
(babel)             (\language0) on input line 83.
Package babel Info: \l@canadian = using hyphenrules for english
(babel)             (\language0) on input line 102.
Package babel Info: \l@australian = using hyphenrules for english
(babel)             (\language0) on input line 105.
Package babel Info: \l@newzealand = using hyphenrules for english
(babel)             (\language0) on input line 108.
))
(/usr/share/texlive/texmf-dist/tex/latex/pdflscape/pdflscape.sty
Package: pdflscape 2019/12/05 v0.12 Display of landscape pages in PDF (HO)

(/usr/share/texlive/texmf-dist/tex/latex/graphics/lscape.sty
Package: lscape 2000/10/22 v3.01 Landscape Pages (DPC)
)
Package pdflscape Info: Auto-detected driver: pdftex on input line 81.
)
(/usr/share/texlive/texmf-dist/tex/generic/ulem/ulem.sty
\UL@box=\box68
\UL@hyphenbox=\box69
\UL@skip=\skip68
\UL@hook=\toks40
\UL@height=\dimen288
\UL@pe=\count315
\UL@pixel=\dimen289
\ULC@box=\box70
Package: ulem 2019/11/18
\ULdepth=\dimen290
)
(/usr/share/texlive/texmf-dist/tex/latex/index/index.sty
Package: index 2004/01/20 v4.2beta Improved index support (dmj)
\@indexbox=\insert236
\indexproofstyle=\toks41


LaTeX Warning: Command \markboth  has changed.
               Check if current package is valid.


LaTeX Warning: Command \markright  has changed.
               Check if current package is valid.

) (/usr/share/texlive/texmf-dist/tex/latex/amsmath/amsmath.sty
Package: amsmath 2020/01/20 v2.17e AMS math features
\@mathmargin=\skip69

For additional information on amsmath, use the `?' option.
(/usr/share/texlive/texmf-dist/tex/latex/amsmath/amstext.sty
Package: amstext 2000/06/29 v2.01 AMS text

(/usr/share/texlive/texmf-dist/tex/latex/amsmath/amsgen.sty
File: amsgen.sty 1999/11/30 v2.0 generic functions
\@emptytoks=\toks42
\ex@=\dimen291
))
(/usr/share/texlive/texmf-dist/tex/latex/amsmath/amsbsy.sty
Package: amsbsy 1999/11/29 v1.2d Bold Symbols
\pmbraise@=\dimen292
)
(/usr/share/texlive/texmf-dist/tex/latex/amsmath/amsopn.sty
Package: amsopn 2016/03/08 v2.02 operator names
)
\inf@bad=\count316
LaTeX Info: Redefining \frac on input line 227.
\uproot@=\count317
\leftroot@=\count318
LaTeX Info: Redefining \overline on input line 389.
\classnum@=\count319
\DOTSCASE@=\count320
LaTeX Info: Redefining \ldots on input line 486.
LaTeX Info: Redefining \dots on input line 489.
LaTeX Info: Redefining \cdots on input line 610.
\Mathstrutbox@=\box71
\strutbox@=\box72
\big@size=\dimen293
LaTeX Font Info:    Redeclaring font encoding OML on input line 733.
LaTeX Font Info:    Redeclaring font encoding OMS on input line 734.
\macc@depth=\count321
\c@MaxMatrixCols=\count322
\dotsspace@=\muskip16
\c@parentequation=\count323
\dspbrk@lvl=\count324
\tag@help=\toks43
\row@=\count325
\column@=\count326
\maxfields@=\count327
\andhelp@=\toks44
\eqnshift@=\dimen294
\alignsep@=\dimen295
\tagshift@=\dimen296
\tagwidth@=\dimen297
\totwidth@=\dimen298
\lineht@=\dimen299
\@envbody=\toks45
\multlinegap=\skip70
\multlinetaggap=\skip71
\mathdisplay@stack=\toks46
LaTeX Info: Redefining \[ on input line 2859.
LaTeX Info: Redefining \] on input line 2860.
)
(/usr/share/texlive/texmf-dist/tex/latex/amsfonts/amssymb.sty
Package: amssymb 2013/01/14 v3.01 AMS font symbols

(/usr/share/texlive/texmf-dist/tex/latex/amsfonts/amsfonts.sty
Package: amsfonts 2013/01/14 v3.01 Basic AMSFonts support
\symAMSa=\mathgroup4
\symAMSb=\mathgroup5
LaTeX Font Info:    Redeclaring math symbol \hbar on input line 98.
LaTeX Font Info:    Overwriting math alphabet `\mathfrak' in version `bold'
(Font)                  U/euf/m/n --> U/euf/b/n on input line 106.
))
\fejno=\count328
\versno=\count329
\ajsa=\count330
\innen=\count331
\innenn=\count332

(/usr/share/texlive/texmf-dist/tex/latex/bbding/bbding.sty
Package: bbding 1999/04/15 v1.01 Dingbats symbols
))
(/usr/share/texmf/tex/latex/tipa/tipa.sty
Package: tipa 2002/08/08 TIPA version 1.1

(/usr/share/texlive/texmf-dist/tex/latex/base/fontenc.sty
Package: fontenc 2020/02/11 v2.0o Standard LaTeX package

(/usr/share/texmf/tex/latex/tipa/t3enc.def
File: t3enc.def 2001/12/31 T3 encoding
Now handling font encoding T3 ...
... no UTF-8 mapping file for font encoding T3
LaTeX Font Info:    Trying to load font information for OT1+LinuxBiolinumT-TLF 
on input line 357.

(/usr/share/texlive/texmf-dist/tex/latex/libertine/OT1LinuxBiolinumT-TLF.fd
File: OT1LinuxBiolinumT-TLF.fd 2017/03/20 (autoinst) Font definitions for OT1/L
inuxBiolinumT-TLF.
)
LaTeX Font Info:    Font shape `OT1/LinuxBiolinumT-TLF/m/n' will be
(Font)              scaled to size 12.0pt on input line 357.
)
LaTeX Font Info:    Trying to load font information for OT1+LinuxLibertineT-TLF
 on input line 112.

(/usr/share/texlive/texmf-dist/tex/latex/libertine/OT1LinuxLibertineT-TLF.fd
File: OT1LinuxLibertineT-TLF.fd 2017/03/20 (autoinst) Font definitions for OT1/
LinuxLibertineT-TLF.
)
LaTeX Font Info:    Font shape `OT1/LinuxLibertineT-TLF/m/n' will be
(Font)              scaled to size 12.0pt on input line 112.
))
\idxtitle@default=\toks47
\tf@default=\write6
\openout6 = `vrsasara_ed_rm.idx'.

Package index Info: Writing index file vrsasara_ed_rm.idx on input line 36.
(/usr/share/texlive/texmf-dist/tex/latex/l3backend/l3backend-pdfmode.def
File: l3backend-pdfmode.def 2020-02-03 L3 backend support: PDF mode
\l__kernel_color_stack_int=\count333
\l__pdf_internal_box=\box73
)

LaTeX Warning: Unused global option(s):
    [a4].

(./vrsasara_ed_rm.aux)
\openout1 = `vrsasara_ed_rm.aux'.

LaTeX Font Info:    Checking defaults for OML/cmm/m/it on input line 39.
LaTeX Font Info:    ... okay on input line 39.
LaTeX Font Info:    Checking defaults for OMS/cmsy/m/n on input line 39.
LaTeX Font Info:    ... okay on input line 39.
LaTeX Font Info:    Checking defaults for OT1/cmr/m/n on input line 39.
LaTeX Font Info:    ... okay on input line 39.
LaTeX Font Info:    Checking defaults for T1/cmr/m/n on input line 39.
LaTeX Font Info:    ... okay on input line 39.
LaTeX Font Info:    Checking defaults for TS1/cmr/m/n on input line 39.
LaTeX Font Info:    ... okay on input line 39.
LaTeX Font Info:    Checking defaults for OMX/cmex/m/n on input line 39.
LaTeX Font Info:    ... okay on input line 39.
LaTeX Font Info:    Checking defaults for U/dn/m/n on input line 39.
LaTeX Font Info:    Trying to load font information for U+dn on input line 39.
 (/usr/share/texlive/texmf-dist/tex/latex/velthuis/udn.fd
File: Udn.fd 2004/08/03 v2.14
)
LaTeX Font Info:    ... okay on input line 39.
LaTeX Font Info:    Checking defaults for T3/cmr/m/n on input line 39.
LaTeX Font Info:    Trying to load font information for T3+cmr on input line 39
.
 (/usr/share/texmf/tex/latex/tipa/t3cmr.fd
File: t3cmr.fd 2001/12/31 TIPA font definitions
)
LaTeX Font Info:    ... okay on input line 39.

(/usr/share/texlive/texmf-dist/tex/latex/ucs/ucsencs.def
File: ucsencs.def 2011/01/21 Fixes to fontencodings LGR, T3
T3\textscriptg already defined.

fontencoding T3 patched
) ABD: EveryShipout initializing macros
(/usr/share/texlive/texmf-dist/tex/context/base/mkii/supp-pdf.mkii
[Loading MPS to PDF converter (version 2006.09.02).]
\scratchcounter=\count334
\scratchdimen=\dimen300
\scratchbox=\box74
\nofMPsegments=\count335
\nofMParguments=\count336
\everyMPshowfont=\toks48
\MPscratchCnt=\count337
\MPscratchDim=\dimen301
\MPnumerator=\count338
\makeMPintoPDFobject=\count339
\everyMPtoPDFconversion=\toks49
) (/usr/share/texlive/texmf-dist/tex/latex/epstopdf-pkg/epstopdf-base.sty
Package: epstopdf-base 2020-01-24 v2.11 Base part for package epstopdf

(/usr/share/texlive/texmf-dist/tex/latex/grfext/grfext.sty
Package: grfext 2019/12/03 v1.3 Manage graphics extensions (HO)

(/usr/share/texlive/texmf-dist/tex/generic/kvdefinekeys/kvdefinekeys.sty
Package: kvdefinekeys 2019-12-19 v1.6 Define keys (HO)
))
(/usr/share/texlive/texmf-dist/tex/latex/kvoptions/kvoptions.sty
Package: kvoptions 2019/11/29 v3.13 Key value format for package options (HO)

(/usr/share/texlive/texmf-dist/tex/generic/kvsetkeys/kvsetkeys.sty
Package: kvsetkeys 2019/12/15 v1.18 Key value parser (HO)
))
(/usr/share/texlive/texmf-dist/tex/latex/pdftexcmds/pdftexcmds.sty
Package: pdftexcmds 2019/11/24 v0.31 Utility functions of pdfTeX for LuaTeX (HO
)
Package pdftexcmds Info: \pdf@primitive is available.
Package pdftexcmds Info: \pdf@ifprimitive is available.
Package pdftexcmds Info: \pdfdraftmode found.
)
Package epstopdf-base Info: Redefining graphics rule for `.eps' on input line 4
85.
Package grfext Info: Graphics extension search list:
(grfext)             [.pdf,.png,.jpg,.mps,.jpeg,.jbig2,.jb2,.PDF,.PNG,.JPG,.JPE
G,.JBIG2,.JB2,.eps]
(grfext)             \AppendGraphicsExtensions on input line 504.

(/usr/share/texlive/texmf-dist/tex/latex/latexconfig/epstopdf-sys.cfg
File: epstopdf-sys.cfg 2010/07/13 v1.3 Configuration of (r)epstopdf for TeX Liv
e
))
\c@mv@tabular=\count340
\c@mv@boldtabular=\count341
\AtBeginShipoutBox=\box75
LaTeX Font Info:    Font shape `OT1/LinuxLibertineT-TLF/m/n' will be
(Font)              scaled to size 24.88pt on input line 53.
LaTeX Font Info:    Font shape `OT1/LinuxLibertineT-TLF/m/sc' will be
(Font)              scaled to size 24.88pt on input line 53.
LaTeX Font Info:    Trying to load font information for T3+LinuxLibertineT-TLF 
on input line 53.
LaTeX Font Info:    No file T3LinuxLibertineT-TLF.fd. on input line 53.


LaTeX Font Warning: Font shape `T3/LinuxLibertineT-TLF/m/sc' undefined
(Font)              using `T3/cmr/m/n' instead on input line 53.

LaTeX Font Info:    Font shape `OT1/LinuxLibertineT-TLF/m/n' will be
(Font)              scaled to size 14.4pt on input line 57.
LaTeX Font Info:    Font shape `OT1/LinuxLibertineT-TLF/m/sc' will be
(Font)              scaled to size 12.0pt on input line 64.
[1{/var/lib/texmf/fonts/map/pdftex/updmap/pdftex.map}

]
LaTeX Font Info:    Font shape `OT1/LinuxLibertineT-TLF/m/sl' in size <12> not 
available
(Font)              Font shape `OT1/LinuxLibertineT-TLF/m/it' tried instead on 
input line 80.
LaTeX Font Info:    Font shape `OT1/LinuxLibertineT-TLF/m/it' will be
(Font)              scaled to size 12.0pt on input line 80.
 [2

]
LaTeX Font Info:    Font shape `OT1/LinuxLibertineT-TLF/b/n' will be
(Font)              scaled to size 24.88pt on input line 80.

(./vrsasara_ed_rm.toc
LaTeX Font Info:    Trying to load font information for U+msa on input line 2.
 (/usr/share/texlive/texmf-dist/tex/latex/amsfonts/umsa.fd
File: umsa.fd 2013/01/14 v3.01 AMS symbols A
)
LaTeX Font Info:    Trying to load font information for U+msb on input line 2.
 (/usr/share/texlive/texmf-dist/tex/latex/amsfonts/umsb.fd
File: umsb.fd 2013/01/14 v3.01 AMS symbols B
))
\tf@toc=\write7
\openout7 = `vrsasara_ed_rm.toc'.

 [3]
(./vrsasara_input.tex

LaTeX Font Warning: Font shape `T3/LinuxLibertineT-TLF/m/n' undefined
(Font)              using `T3/cmr/m/n' instead on input line 3.

Section 1 (./vrsasara_ed_rm.1

Package ledmac Warning: \advanceline produced a line number less than zero. on 
input line 5.

)
\openout4 = `vrsasara_ed_rm.1'.

\openout5 = `vrsasara_ed_rm.end'.

LaTeX Font Info:    Font shape `OT1/LinuxLibertineT-TLF/b/n' will be
(Font)              scaled to size 12.0pt on input line 132.
LaTeX Font Info:    Font shape `OT1/LinuxLibertineT-TLF/b/n' will be
(Font)              scaled to size 14.4pt on input line 132.
)
\pstartline=\count342
LaTeX Font Info:    Font shape `OT1/LinuxLibertineT-TLF/m/n' will be
(Font)              scaled to size 10.0pt on input line 100.
LaTeX Font Info:    Font shape `OT1/LinuxLibertineT-TLF/m/it' will be
(Font)              scaled to size 10.0pt on input line 100.
LaTeX Font Info:    Font shape `OT1/LinuxLibertineT-TLF/b/n' will be
(Font)              scaled to size 10.0pt on input line 100.
LaTeX Font Info:    Trying to load font information for TS1+LinuxLibertineT-TLF
 on input line 100.
 (/usr/share/texlive/texmf-dist/tex/latex/libertine/TS1LinuxLibertineT-TLF.fd
File: TS1LinuxLibertineT-TLF.fd 2017/03/20 (autoinst) Font definitions for TS1/
LinuxLibertineT-TLF.
)
LaTeX Font Info:    Font shape `TS1/LinuxLibertineT-TLF/m/it' will be
(Font)              scaled to size 10.0pt on input line 100.

Overfull \hbox (24.94485pt too wide) in paragraph at lines 100--100
 []| \OT1/LinuxLibertineT-TLF/b/n/10 19a \OT1/LinuxLibertineT-TLF/m/it/10 ravi[
]\OT1/LinuxLibertineT-TLF/b/n/10 ] \OT1/LinuxLibertineT-TLF/m/n/10 C$[]$\OT1/Li
nuxLibertineT-TLF/m/it/10 ; ravi\TS1/LinuxLibertineT-TLF/m/it/10 ° \OT1/LinuxLi
bertineT-TLF/m/n/10 C$[]$C$[]$K$[]$K$[]$K$[]$LE  \OT1/LinuxLibertineT-TLF/b/n/1
0 19b \OT1/LinuxLibertineT-TLF/m/it/10 spha[]ik[]ambara\TS1/LinuxLibertineT-TLF
/m/it/10 °\OT1/LinuxLibertineT-TLF/b/n/10 ]
 []


Overfull \hbox (69.54045pt too wide) in paragraph at lines 100--100
 \OT1/LinuxLibertineT-TLF/m/n/10 CK$[]$K$[]$E\OT1/LinuxLibertineT-TLF/m/it/10 ;
 spha[]ik[]a[]m$\OMS/cmsy/m/n/10 ^^B$\OT1/LinuxLibertineT-TLF/m/it/10 ra\TS1/Li
nuxLibertineT-TLF/m/it/10 ° \OT1/LinuxLibertineT-TLF/m/n/10 K$[]$\OT1/LinuxLibe
rtineT-TLF/m/it/10 , spha[]ik[]a[]msata\TS1/LinuxLibertineT-TLF/m/it/10 ° \OT1/
LinuxLibertineT-TLF/m/n/10 L  \OT1/LinuxLibertineT-TLF/b/n/10 19c \OT1/LinuxLib
ertineT-TLF/m/it/10 da[]sayog[]asan[]as[]^^Pno\OT1/LinuxLibertineT-TLF/b/n/10 ]

 []


Overfull \hbox (19.29753pt too wide) in paragraph at lines 100--100
 \OT1/LinuxLibertineT-TLF/m/n/10 C$[]$C$[]$K$[]$K$[]$K$[]$\OT1/LinuxLibertineT-
TLF/m/it/10 ; da[]sayogasam[]as[]^^Pno \OT1/LinuxLibertineT-TLF/m/n/10 C$[]$\OT
1/LinuxLibertineT-TLF/m/it/10 ,  de-vayog[]asat[]as[]^^Pno
 []


LaTeX Font Warning: Font shape `T3/LinuxLibertineT-TLF/m/it' undefined
(Font)              using `T3/LinuxLibertineT-TLF/m/n' instead on input line 10
0.

LaTeX Font Info:    Font shape `OT1/LinuxLibertineT-TLF/m/n' will be
(Font)              scaled to size 6.0pt on input line 100.
LaTeX Font Info:    Trying to load font information for U+ding on input line 10
0.
(/usr/share/texlive/texmf-dist/tex/latex/bbding/Uding.fd
File: Uding.fd 1996/02/01 v1.0 BBding font definitions
)
Overfull \vbox (17.70848pt too high) has occurred while \output is active []


[4]
Underfull \hbox (badness 3019) in paragraph at lines 100--100
 []| \OT1/LinuxLibertineT-TLF/b/n/10 24a \OT1/LinuxLibertineT-TLF/m/it/10 j[]ne
ya[]m\OT1/LinuxLibertineT-TLF/b/n/10 ] \OT1/LinuxLibertineT-TLF/m/n/10 C$[]$C$[
]$K$[]$K$[]$E\OT1/LinuxLibertineT-TLF/m/it/10 ; j[]neya \OT1/LinuxLibertineT-TL
F/m/n/10 C$[]$L\OT1/LinuxLibertineT-TLF/m/it/10 , j[]ne \OT1/LinuxLibertineT-TL
F/m/n/10 K$[]$\OT1/LinuxLibertineT-TLF/m/it/10 ,
 []


Underfull \hbox (badness 1648) in paragraph at lines 100--100
 \OT1/LinuxLibertineT-TLF/m/it/10 j[]ne$\OMS/cmsy/m/n/10 ^^B$ \OT1/LinuxLiberti
neT-TLF/m/n/10 K$[]$  \OT1/LinuxLibertineT-TLF/b/n/10 24b \OT1/LinuxLibertineT-
TLF/m/it/10 tu pa[]nkajam\OT1/LinuxLibertineT-TLF/b/n/10 ] \OT1/LinuxLibertineT
-TLF/m/n/10 C$[]$C$[]$K$[]$K$[]$K$[]$LE\OT1/LinuxLibertineT-TLF/m/it/10 ;
 []


Overfull \hbox (12.68484pt too wide) in paragraph at lines 100--100
 []| \OT1/LinuxLibertineT-TLF/b/n/10 25b \TS1/LinuxLibertineT-TLF/m/it/10 °\OT1
/LinuxLibertineT-TLF/m/it/10 bindu[]m\OT1/LinuxLibertineT-TLF/b/n/10 ] \OT1/Lin
uxLibertineT-TLF/m/n/10 C$[]$K$[]$\OT1/LinuxLibertineT-TLF/m/it/10 ; \TS1/Linux
LibertineT-TLF/m/it/10 °\OT1/LinuxLibertineT-TLF/m/it/10 bindu \OT1/LinuxLibert
ineT-TLF/m/n/10 C$[]$C$[]$K$[]$K$[]$LE  \OT1/LinuxLibertineT-TLF/b/n/10 25c \TS
1/LinuxLibertineT-TLF/m/it/10 °[]\OT1/LinuxLibertineT-TLF/m/it/10 sikh[]a[]m\OT
1/LinuxLibertineT-TLF/b/n/10 ]
 []


Underfull \hbox (badness 7133) in paragraph at lines 100--100
 []| \OT1/LinuxLibertineT-TLF/b/n/10 27ab \OT1/LinuxLibertineT-TLF/m/it/10 ma[]
i[]m dhy[]ayec chud-dha\TS1/LinuxLibertineT-TLF/m/it/10 °\OT1/LinuxLibertineT-T
LF/b/n/10 ] \OT1/LinuxLibertineT-TLF/m/n/10 C$[]$K$[]$K$[]$K$[]$LE
 []


Underfull \hbox (badness 4608) in paragraph at lines 100--100
 \OT1/LinuxLibertineT-TLF/m/it/10 ; $\OMS/cmsy/m/n/10 ^^B$$^^B$$^^B$$^^B$$^^B$$
^^B$ \OT1/LinuxLibertineT-TLF/m/n/10 C$[]$\OT1/LinuxLibertineT-TLF/m/it/10 ,   
mani[]m dhy[]ayec chud-dha\TS1/LinuxLibertineT-TLF/m/it/10 °
 []


Underfull \hbox (badness 5245) in paragraph at lines 100--100
 \OT1/LinuxLibertineT-TLF/m/it/10 mano'nug[]a\OT1/LinuxLibertineT-TLF/b/n/10 ] 
\OT1/LinuxLibertineT-TLF/m/n/10 C$[]$K$[]$K$[]$K$[]$L\OT1/LinuxLibertineT-TLF/m
/it/10 ;   candr[]a man[]anug[]a
 []


Underfull \hbox (badness 4266) in paragraph at lines 100--100
 \OT1/LinuxLibertineT-TLF/m/n/10 C$[]$\OT1/LinuxLibertineT-TLF/m/it/10 , can-dr
a-manonug[]a \OT1/LinuxLibertineT-TLF/m/n/10 C$[]$\OT1/LinuxLibertineT-TLF/m/it
/10 , can-dro mano'nug[]a \OT1/LinuxLibertineT-TLF/m/n/10 E
 []


Underfull \hbox (badness 5696) in paragraph at lines 100--100
 \OT1/LinuxLibertineT-TLF/b/n/10 29d \OT1/LinuxLibertineT-TLF/m/it/10 suk[]t[]a
 ca tath[]apar[]a\OT1/LinuxLibertineT-TLF/b/n/10 ] \OT1/LinuxLibertineT-TLF/m/n
/10 C$[]$C$[]$K$[]$K$[]$L\OT1/LinuxLibertineT-TLF/m/it/10 ; suk[]t[]a
 []


Underfull \hbox (badness 7273) in paragraph at lines 100--100
 \OT1/LinuxLibertineT-TLF/m/it/10 nira[]njan[]a $\OMS/cmsy/m/n/10 ^^B$$^^B$ \OT
1/LinuxLibertineT-TLF/m/n/10 C$[]$\OT1/LinuxLibertineT-TLF/m/it/10 , \OT1/Linux
LibertineT-TLF/m/n/10 omit-ted in K$[]$\OT1/LinuxLibertineT-TLF/m/it/10 ,  saum
y[]a
 []


Underfull \hbox (badness 7522) in paragraph at lines 100--100
 []\OT1/LinuxLibertineT-TLF/m/it/10 ira[]njan[]a caiva \OT1/LinuxLibertineT-TLF
/m/n/10 K$[]$  \OT1/LinuxLibertineT-TLF/b/n/10 30b \OT1/LinuxLibertineT-TLF/m/i
t/10 k[]^^Prtit[]a\OT1/LinuxLibertineT-TLF/b/n/10 ] \OT1/LinuxLibertineT-TLF/m/
n/10 CK$[]$K$[]$K$[]$E\OT1/LinuxLibertineT-TLF/m/it/10 ;
 []


Underfull \hbox (badness 2564) in paragraph at lines 100--100
 \OT1/LinuxLibertineT-TLF/m/it/10 k[]^^Prtit[]a[] \OT1/LinuxLibertineT-TLF/m/n/
10 L  \OT1/LinuxLibertineT-TLF/b/n/10 30c \OT1/LinuxLibertineT-TLF/m/it/10 supi
[]itv[]a[]ngulau\OT1/LinuxLibertineT-TLF/b/n/10 ] \OT1/LinuxLibertineT-TLF/m/n/
10 C$[]$C$[]$K$[]$K$[]$K$[]$
 []


Underfull \hbox (badness 1838) in paragraph at lines 100--100
 \OT1/LinuxLibertineT-TLF/m/it/10 ; su$\OMS/cmsy/m/n/10 ^^B$\OT1/LinuxLibertine
T-TLF/m/it/10 i[]ic[]a[]ngulau \OT1/LinuxLibertineT-TLF/m/n/10 C$[]$\OT1/LinuxL
ibertineT-TLF/m/it/10 ,  sup-ithitv[]a[]ngulau \OT1/LinuxLibertineT-TLF/m/n/10 
L\OT1/LinuxLibertineT-TLF/m/it/10 , su[]si[]i
 []


Underfull \hbox (badness 1521) in paragraph at lines 100--100
 \OT1/LinuxLibertineT-TLF/m/n/10 C$[]$E\OT1/LinuxLibertineT-TLF/m/it/10 ,  pi[]
ngal[]a[]mn tu []sikh[]adh[]um[]a[]m \OT1/LinuxLibertineT-TLF/m/n/10 K$[]$\OT1/
LinuxLibertineT-TLF/m/it/10 , pi[]ngal[]an
 []


Underfull \hbox (badness 1616) in paragraph at lines 100--100
 \OT1/LinuxLibertineT-TLF/m/it/10 tu []sikh[]adh[]um[]a \OT1/LinuxLibertineT-TL
F/m/n/10 K$[]$  \OT1/LinuxLibertineT-TLF/b/n/10 31d \TS1/LinuxLibertineT-TLF/m/
it/10 °\OT1/LinuxLibertineT-TLF/m/it/10 tandrita[]\OT1/LinuxLibertineT-TLF/b/n/
10 ] \OT1/LinuxLibertineT-TLF/m/n/10 CK$[]$K$[]$K$[]$E\OT1/LinuxLibertineT-TLF/
m/it/10 ;
 []


Overfull \hbox (8.22182pt too wide) in paragraph at lines 100--100
 []| \OT1/LinuxLibertineT-TLF/b/n/10 32a \OT1/LinuxLibertineT-TLF/m/it/10 vimuk
ta[]\OT1/LinuxLibertineT-TLF/b/n/10 ] \OT1/LinuxLibertineT-TLF/m/n/10 C$[]$C$[]
$K$[]$K$[]$K$[]$LE\OT1/LinuxLibertineT-TLF/m/it/10 ; vimukta \OT1/LinuxLibertin
eT-TLF/m/n/10 C$[]$  \OT1/LinuxLibertineT-TLF/b/n/10 32b \OT1/LinuxLibertineT-T
LF/m/it/10 nird-
 []


Underfull \hbox (badness 3428) in paragraph at lines 100--100
 \OT1/LinuxLibertineT-TLF/m/it/10 vandva\TS1/LinuxLibertineT-TLF/m/it/10 °\OT1/
LinuxLibertineT-TLF/b/n/10 ] \OT1/LinuxLibertineT-TLF/m/n/10 CK$[]$\OT1/LinuxLi
bertineT-TLF/m/it/10 ; nid-vanda\TS1/LinuxLibertineT-TLF/m/it/10 ° \OT1/LinuxLi
bertineT-TLF/m/n/10 K$[]$K$[]$L\OT1/LinuxLibertineT-TLF/m/it/10 , nird-vanda\TS
1/LinuxLibertineT-TLF/m/it/10 ° \OT1/LinuxLibertineT-TLF/m/n/10 E
 []


Overfull \hbox (7.45319pt too wide) in paragraph at lines 100--100
 \OT1/LinuxLibertineT-TLF/b/n/10 32c \OT1/LinuxLibertineT-TLF/m/it/10 vaidyut[]
^^P tu\OT1/LinuxLibertineT-TLF/b/n/10 ] \OT1/LinuxLibertineT-TLF/m/n/10 CK$[]$K
$[]$K$[]$E\OT1/LinuxLibertineT-TLF/m/it/10 ; vaidyut[]^^Pnta \OT1/LinuxLibertin
eT-TLF/m/n/10 L  \OT1/LinuxLibertineT-TLF/b/n/10 32d \OT1/LinuxLibertineT-TLF/m
/it/10 lak[]ate
 []


Underfull \hbox (badness 6412) in paragraph at lines 100--100
 []| \OT1/LinuxLibertineT-TLF/b/n/10 33a \OT1/LinuxLibertineT-TLF/m/it/10 pa[]n
cam[]asasad[]a\TS1/LinuxLibertineT-TLF/m/it/10 °\OT1/LinuxLibertineT-TLF/b/n/10
 ] \OT1/LinuxLibertineT-TLF/m/n/10 C$[]$K$[]$K$[]$L\OT1/LinuxLibertineT-TLF/m/i
t/10 ; $[]$pa$[]$$\OMS/cmsy/m/n/10 ^^B$$^^B$\OT1/LinuxLibertineT-TLF/m/it/10 sa
sad[]a\TS1/LinuxLibertineT-TLF/m/it/10 °
 []


Underfull \hbox (badness 1796) in paragraph at lines 100--100
 \OT1/LinuxLibertineT-TLF/m/n/10 C$[]$\OT1/LinuxLibertineT-TLF/m/it/10 , pa[]nc
am[]asassad[]a\TS1/LinuxLibertineT-TLF/m/it/10 ° \OT1/LinuxLibertineT-TLF/m/n/1
0 C$[]$\OT1/LinuxLibertineT-TLF/m/it/10 ,   pa[]ncam[]asasam[]a\TS1/LinuxLibert
ineT-TLF/m/it/10 ° \OT1/LinuxLibertineT-TLF/m/n/10 E\OT1/LinuxLibertineT-TLF/m/
it/10 ,
 []


Overfull \vbox (19.16386pt too high) has occurred while \output is active []


[5] [6] (./vrsasara_ed_rm.aux)

LaTeX Font Warning: Some font shapes were not available, defaults substituted.

 ) 
Here is how much of TeX's memory you used:
 21448 strings out of 482567
 372758 string characters out of 5952508
 657062 words of memory out of 5000000
 36153 multiletter control sequences out of 15000+600000
 564209 words of font info for 85 fonts, out of 8000000 for 9000
 309 hyphenation exceptions out of 8191
 68i,16n,64p,528b,767s stack positions out of 5000i,500n,10000p,200000b,80000s
{/usr/share/texlive/texmf-dist/fonts/enc/dvips/libertine/lbtn_u7qtuy.enc}{/us
r/share/texlive/texmf-dist/fonts/enc/dvips/libertine/lbtn_kijugd.enc}{/usr/shar
e/texlive/texmf-dist/fonts/enc/dvips/libertine/lbtn_lyu3x3.enc}{/usr/share/texl
ive/texmf-dist/fonts/enc/dvips/libertine/lbtn_n3gv2c.enc}{/usr/share/texlive/te
xmf-dist/fonts/enc/dvips/libertine/lbtn_oexx6f.enc}</usr/share/texlive/texmf-di
st/fonts/type1/public/libertine/LinLibertineT.pfb></usr/share/texlive/texmf-dis
t/fonts/type1/public/libertine/LinLibertineTB.pfb></usr/share/texlive/texmf-dis
t/fonts/type1/public/libertine/LinLibertineTI.pfb></usr/share/texlive/texmf-dis
t/fonts/type1/public/niceframe-type1/bbding10.pfb></usr/share/texlive/texmf-dis
t/fonts/type1/public/amsfonts/cm/cmb10.pfb></usr/share/texlive/texmf-dist/fonts
/type1/public/amsfonts/cm/cmmi5.pfb></usr/share/texlive/texmf-dist/fonts/type1/
public/amsfonts/cm/cmr12.pfb></usr/share/texlive/texmf-dist/fonts/type1/public/
amsfonts/cm/cmr5.pfb></usr/share/texlive/texmf-dist/fonts/type1/public/amsfonts
/cm/cmsy10.pfb></usr/share/texmf/fonts/type1/fkr/tipa/tipa10.pfb></usr/share/te
xmf/fonts/type1/fkr/tipa/tipa12.pfb></usr/share/texmf/fonts/type1/fkr/tipa/tipa
17.pfb>
Output written on vrsasara_ed_rm.pdf (6 pages, 309244 bytes).
PDF statistics:
 83 PDF objects out of 1000 (max. 8388607)
 62 compressed objects within 1 object stream
 0 named destinations out of 1000 (max. 500000)
 13 words of extra memory for PDF output out of 10000 (max. 10000000)

