This is XeTeX, Version 3.14159265-2.6-0.999991 (TeX Live 2019/Debian) (preloaded format=xelatex 2021.12.28)  6 MAR 2022 15:16
entering extended mode
 restricted \write18 enabled.
 %&-line parsing enabled.
**vrsasara_ed_devnag.tex
(./vrsasara_ed_devnag.tex
LaTeX2e <2020-02-02> patch level 2
L3 programming layer <2020-02-14>
(/usr/share/texlive/texmf-dist/tex/latex/base/book.cls
Document Class: book 2019/12/20 v1.4l Standard LaTeX document class
(/usr/share/texlive/texmf-dist/tex/latex/base/bk12.clo
File: bk12.clo 2019/12/20 v1.4l Standard LaTeX file (size option)
)
\c@part=\count163
\c@chapter=\count164
\c@section=\count165
\c@subsection=\count166
\c@subsubsection=\count167
\c@paragraph=\count168
\c@subparagraph=\count169
\c@figure=\count170
\c@table=\count171
\abovecaptionskip=\skip47
\belowcaptionskip=\skip48
\bibindent=\dimen134
)
(/usr/share/texlive/texmf-dist/tex/xelatex/xunicode/xunicode.sty
File: xunicode.sty 2011/09/09 v0.981 provides access to latin accents and many 
other characters in Unicode lower plane

(/usr/share/texmf/tex/latex/tipa/t3enc.def
File: t3enc.def 2001/12/31 T3 encoding
)
\tipaTiiicode=\count172
\tipasavetokens=\toks14
\tipachecktokens=\toks15

(/usr/share/texlive/texmf-dist/tex/latex/graphics/graphicx.sty
Package: graphicx 2019/11/30 v1.2a Enhanced LaTeX Graphics (DPC,SPQR)

(/usr/share/texlive/texmf-dist/tex/latex/graphics/keyval.sty
Package: keyval 2014/10/28 v1.15 key=value parser (DPC)
\KV@toks@=\toks16
)
(/usr/share/texlive/texmf-dist/tex/latex/graphics/graphics.sty
Package: graphics 2019/11/30 v1.4a Standard LaTeX Graphics (DPC,SPQR)

(/usr/share/texlive/texmf-dist/tex/latex/graphics/trig.sty
Package: trig 2016/01/03 v1.10 sin cos tan (DPC)
)
(/usr/share/texlive/texmf-dist/tex/latex/graphics-cfg/graphics.cfg
File: graphics.cfg 2016/06/04 v1.11 sample graphics configuration
)
Package graphics Info: Driver file: xetex.def on input line 105.

(/usr/share/texlive/texmf-dist/tex/latex/graphics-def/xetex.def
File: xetex.def 2017/06/24 v5.0h Graphics/color driver for xetex
))
\Gin@req@height=\dimen135
\Gin@req@width=\dimen136
))
(/usr/share/texlive/texmf-dist/tex/xelatex/xltxtra/xltxtra.sty
Package: xltxtra 2018/12/31 v0.7 Improvements for the "XeLaTeX" format

(/usr/share/texlive/texmf-dist/tex/generic/iftex/ifluatex.sty
Package: ifluatex 2019/10/25 v1.5 ifluatex legacy package. Use iftex instead.

(/usr/share/texlive/texmf-dist/tex/generic/iftex/iftex.sty
Package: iftex 2019/11/07 v1.0c TeX engine tests
))
(/usr/share/texlive/texmf-dist/tex/generic/iftex/ifxetex.sty
Package: ifxetex 2019/10/25 v0.7 ifxetex legacy package. Use iftex instead.
)
(/usr/share/texlive/texmf-dist/tex/latex/fontspec/fontspec.sty
(/usr/share/texlive/texmf-dist/tex/latex/l3packages/xparse/xparse.sty
(/usr/share/texlive/texmf-dist/tex/latex/l3kernel/expl3.sty
Package: expl3 2020-02-14 L3 programming layer (loader) 

(/usr/share/texlive/texmf-dist/tex/latex/l3backend/l3backend-xdvipdfmx.def
File: l3backend-xdvipdfmx.def 2020-02-03 L3 backend support: xdvipdfmx
\g__graphics_track_int=\count173
\l__pdf_internal_box=\box45
\g__pdf_backend_object_int=\count174
\g__pdf_backend_annotation_int=\count175
))
Package: xparse 2020-02-14 L3 Experimental document command parser
\l__xparse_current_arg_int=\count176
\g__xparse_grabber_int=\count177
\l__xparse_m_args_int=\count178
\l__xparse_v_nesting_int=\count179
)
Package: fontspec 2020/02/03 v2.7h Font selection for XeLaTeX and LuaLaTeX

(/usr/share/texlive/texmf-dist/tex/latex/fontspec/fontspec-xetex.sty
Package: fontspec-xetex 2020/02/03 v2.7h Font selection for XeLaTeX and LuaLaTe
X
\l__fontspec_script_int=\count180
\l__fontspec_language_int=\count181
\l__fontspec_strnum_int=\count182
\l__fontspec_tmp_int=\count183
\l__fontspec_tmpa_int=\count184
\l__fontspec_tmpb_int=\count185
\l__fontspec_tmpc_int=\count186
\l__fontspec_em_int=\count187
\l__fontspec_emdef_int=\count188
\l__fontspec_strong_int=\count189
\l__fontspec_strongdef_int=\count190
\l__fontspec_tmpa_dim=\dimen137
\l__fontspec_tmpb_dim=\dimen138
\l__fontspec_tmpc_dim=\dimen139

(/usr/share/texlive/texmf-dist/tex/latex/base/fontenc.sty
Package: fontenc 2020/02/11 v2.0o Standard LaTeX package
)
(/usr/share/texlive/texmf-dist/tex/latex/fontspec/fontspec.cfg)))
(/usr/share/texlive/texmf-dist/tex/latex/realscripts/realscripts.sty
Package: realscripts 2016/02/13 v0.3d Access OpenType subscripts and superscrip
ts
\subsupersep=\dimen140
)
(/usr/share/texlive/texmf-dist/tex/latex/metalogo/metalogo.sty
Package: metalogo 2010/05/29 v0.12 Extended TeX logo macros
\xl@everylogo=\toks17
\xl@@everylogo=\toks18
LaTeX Info: Redefining \TeX on input line 193.
LaTeX Info: Redefining \LaTeX on input line 202.
LaTeX Info: Redefining \LaTeXe on input line 219.
)
\l__xetex_show_hyphens_wrapping_box=\box46
\l__xetex_show_hyphens_temp_box=\box47
\l__xetex_show_hyphens_final_box=\box48
\g__xetex_show_hyphens_word_box=\box49
)
(/usr/share/texlive/texmf-dist/tex/latex/background/background.sty
Package: background 2014/03/04 v2.1 background material

(/usr/share/texlive/texmf-dist/tex/latex/xkeyval/xkeyval.sty
Package: xkeyval 2014/12/03 v2.7a package option processing (HA)

(/usr/share/texlive/texmf-dist/tex/generic/xkeyval/xkeyval.tex
(/usr/share/texlive/texmf-dist/tex/generic/xkeyval/xkvutils.tex
\XKV@toks=\toks19
\XKV@tempa@toks=\toks20
)
\XKV@depth=\count191
File: xkeyval.tex 2014/12/03 v2.7a key=value parser (HA)
))
(/usr/share/texlive/texmf-dist/tex/latex/pgf/frontendlayer/tikz.sty
(/usr/share/texlive/texmf-dist/tex/latex/pgf/basiclayer/pgf.sty
(/usr/share/texlive/texmf-dist/tex/latex/pgf/utilities/pgfrcs.sty
(/usr/share/texlive/texmf-dist/tex/generic/pgf/utilities/pgfutil-common.tex
\pgfutil@everybye=\toks21
\pgfutil@tempdima=\dimen141
\pgfutil@tempdimb=\dimen142

(/usr/share/texlive/texmf-dist/tex/generic/pgf/utilities/pgfutil-common-lists.t
ex)) (/usr/share/texlive/texmf-dist/tex/generic/pgf/utilities/pgfutil-latex.def
\pgfutil@abb=\box50
(/usr/share/texlive/texmf-dist/tex/latex/ms/everyshi.sty
Package: everyshi 2001/05/15 v3.00 EveryShipout Package (MS)
))
(/usr/share/texlive/texmf-dist/tex/generic/pgf/utilities/pgfrcs.code.tex
(/usr/share/texlive/texmf-dist/tex/generic/pgf/pgf.revision.tex)
Package: pgfrcs 2020/01/08 v3.1.5b (3.1.5b)
))
Package: pgf 2020/01/08 v3.1.5b (3.1.5b)

(/usr/share/texlive/texmf-dist/tex/latex/pgf/basiclayer/pgfcore.sty
(/usr/share/texlive/texmf-dist/tex/latex/pgf/systemlayer/pgfsys.sty
(/usr/share/texlive/texmf-dist/tex/generic/pgf/systemlayer/pgfsys.code.tex
Package: pgfsys 2020/01/08 v3.1.5b (3.1.5b)

(/usr/share/texlive/texmf-dist/tex/generic/pgf/utilities/pgfkeys.code.tex
\pgfkeys@pathtoks=\toks22
\pgfkeys@temptoks=\toks23

(/usr/share/texlive/texmf-dist/tex/generic/pgf/utilities/pgfkeysfiltered.code.t
ex
\pgfkeys@tmptoks=\toks24
))
\pgf@x=\dimen143
\pgf@y=\dimen144
\pgf@xa=\dimen145
\pgf@ya=\dimen146
\pgf@xb=\dimen147
\pgf@yb=\dimen148
\pgf@xc=\dimen149
\pgf@yc=\dimen150
\pgf@xd=\dimen151
\pgf@yd=\dimen152
\w@pgf@writea=\write3
\r@pgf@reada=\read2
\c@pgf@counta=\count192
\c@pgf@countb=\count193
\c@pgf@countc=\count194
\c@pgf@countd=\count195
\t@pgf@toka=\toks25
\t@pgf@tokb=\toks26
\t@pgf@tokc=\toks27
\pgf@sys@id@count=\count196
 (/usr/share/texlive/texmf-dist/tex/generic/pgf/systemlayer/pgf.cfg
File: pgf.cfg 2020/01/08 v3.1.5b (3.1.5b)
)
Driver file for pgf: pgfsys-xetex.def

(/usr/share/texlive/texmf-dist/tex/generic/pgf/systemlayer/pgfsys-xetex.def
File: pgfsys-xetex.def 2020/01/08 v3.1.5b (3.1.5b)

(/usr/share/texlive/texmf-dist/tex/generic/pgf/systemlayer/pgfsys-dvipdfmx.def
File: pgfsys-dvipdfmx.def 2020/01/08 v3.1.5b (3.1.5b)

(/usr/share/texlive/texmf-dist/tex/generic/pgf/systemlayer/pgfsys-common-pdf.de
f
File: pgfsys-common-pdf.def 2020/01/08 v3.1.5b (3.1.5b)
)
\pgfsys@objnum=\count197
)))
(/usr/share/texlive/texmf-dist/tex/generic/pgf/systemlayer/pgfsyssoftpath.code.
tex
File: pgfsyssoftpath.code.tex 2020/01/08 v3.1.5b (3.1.5b)
\pgfsyssoftpath@smallbuffer@items=\count198
\pgfsyssoftpath@bigbuffer@items=\count199
)
(/usr/share/texlive/texmf-dist/tex/generic/pgf/systemlayer/pgfsysprotocol.code.
tex
File: pgfsysprotocol.code.tex 2020/01/08 v3.1.5b (3.1.5b)
)) (/usr/share/texlive/texmf-dist/tex/latex/xcolor/xcolor.sty
Package: xcolor 2016/05/11 v2.12 LaTeX color extensions (UK)

(/usr/share/texlive/texmf-dist/tex/latex/graphics-cfg/color.cfg
File: color.cfg 2016/01/02 v1.6 sample color configuration
)
Package xcolor Info: Driver file: xetex.def on input line 225.
Package xcolor Info: Model `cmy' substituted by `cmy0' on input line 1348.
Package xcolor Info: Model `RGB' extended on input line 1364.
Package xcolor Info: Model `HTML' substituted by `rgb' on input line 1366.
Package xcolor Info: Model `Hsb' substituted by `hsb' on input line 1367.
Package xcolor Info: Model `tHsb' substituted by `hsb' on input line 1368.
Package xcolor Info: Model `HSB' substituted by `hsb' on input line 1369.
Package xcolor Info: Model `Gray' substituted by `gray' on input line 1370.
Package xcolor Info: Model `wave' substituted by `hsb' on input line 1371.
)
(/usr/share/texlive/texmf-dist/tex/generic/pgf/basiclayer/pgfcore.code.tex
Package: pgfcore 2020/01/08 v3.1.5b (3.1.5b)

(/usr/share/texlive/texmf-dist/tex/generic/pgf/math/pgfmath.code.tex
(/usr/share/texlive/texmf-dist/tex/generic/pgf/math/pgfmathcalc.code.tex
(/usr/share/texlive/texmf-dist/tex/generic/pgf/math/pgfmathutil.code.tex)
(/usr/share/texlive/texmf-dist/tex/generic/pgf/math/pgfmathparser.code.tex
\pgfmath@dimen=\dimen153
\pgfmath@count=\count266
\pgfmath@box=\box51
\pgfmath@toks=\toks28
\pgfmath@stack@operand=\toks29
\pgfmath@stack@operation=\toks30
)
(/usr/share/texlive/texmf-dist/tex/generic/pgf/math/pgfmathfunctions.code.tex
(/usr/share/texlive/texmf-dist/tex/generic/pgf/math/pgfmathfunctions.basic.code
.tex)
(/usr/share/texlive/texmf-dist/tex/generic/pgf/math/pgfmathfunctions.trigonomet
ric.code.tex)
(/usr/share/texlive/texmf-dist/tex/generic/pgf/math/pgfmathfunctions.random.cod
e.tex)
(/usr/share/texlive/texmf-dist/tex/generic/pgf/math/pgfmathfunctions.comparison
.code.tex)
(/usr/share/texlive/texmf-dist/tex/generic/pgf/math/pgfmathfunctions.base.code.
tex)
(/usr/share/texlive/texmf-dist/tex/generic/pgf/math/pgfmathfunctions.round.code
.tex)
(/usr/share/texlive/texmf-dist/tex/generic/pgf/math/pgfmathfunctions.misc.code.
tex)
(/usr/share/texlive/texmf-dist/tex/generic/pgf/math/pgfmathfunctions.integerari
thmetics.code.tex)))
(/usr/share/texlive/texmf-dist/tex/generic/pgf/math/pgfmathfloat.code.tex
\c@pgfmathroundto@lastzeros=\count267
))
(/usr/share/texlive/texmf-dist/tex/generic/pgf/math/pgfint.code.tex)
(/usr/share/texlive/texmf-dist/tex/generic/pgf/basiclayer/pgfcorepoints.code.te
x
File: pgfcorepoints.code.tex 2020/01/08 v3.1.5b (3.1.5b)
\pgf@picminx=\dimen154
\pgf@picmaxx=\dimen155
\pgf@picminy=\dimen156
\pgf@picmaxy=\dimen157
\pgf@pathminx=\dimen158
\pgf@pathmaxx=\dimen159
\pgf@pathminy=\dimen160
\pgf@pathmaxy=\dimen161
\pgf@xx=\dimen162
\pgf@xy=\dimen163
\pgf@yx=\dimen164
\pgf@yy=\dimen165
\pgf@zx=\dimen166
\pgf@zy=\dimen167
)
(/usr/share/texlive/texmf-dist/tex/generic/pgf/basiclayer/pgfcorepathconstruct.
code.tex
File: pgfcorepathconstruct.code.tex 2020/01/08 v3.1.5b (3.1.5b)
\pgf@path@lastx=\dimen168
\pgf@path@lasty=\dimen169
)
(/usr/share/texlive/texmf-dist/tex/generic/pgf/basiclayer/pgfcorepathusage.code
.tex
File: pgfcorepathusage.code.tex 2020/01/08 v3.1.5b (3.1.5b)
\pgf@shorten@end@additional=\dimen170
\pgf@shorten@start@additional=\dimen171
)
(/usr/share/texlive/texmf-dist/tex/generic/pgf/basiclayer/pgfcorescopes.code.te
x
File: pgfcorescopes.code.tex 2020/01/08 v3.1.5b (3.1.5b)
\pgfpic=\box52
\pgf@hbox=\box53
\pgf@layerbox@main=\box54
\pgf@picture@serial@count=\count268
)
(/usr/share/texlive/texmf-dist/tex/generic/pgf/basiclayer/pgfcoregraphicstate.c
ode.tex
File: pgfcoregraphicstate.code.tex 2020/01/08 v3.1.5b (3.1.5b)
\pgflinewidth=\dimen172
)
(/usr/share/texlive/texmf-dist/tex/generic/pgf/basiclayer/pgfcoretransformation
s.code.tex
File: pgfcoretransformations.code.tex 2020/01/08 v3.1.5b (3.1.5b)
\pgf@pt@x=\dimen173
\pgf@pt@y=\dimen174
\pgf@pt@temp=\dimen175
)
(/usr/share/texlive/texmf-dist/tex/generic/pgf/basiclayer/pgfcorequick.code.tex
File: pgfcorequick.code.tex 2020/01/08 v3.1.5b (3.1.5b)
)
(/usr/share/texlive/texmf-dist/tex/generic/pgf/basiclayer/pgfcoreobjects.code.t
ex
File: pgfcoreobjects.code.tex 2020/01/08 v3.1.5b (3.1.5b)
)
(/usr/share/texlive/texmf-dist/tex/generic/pgf/basiclayer/pgfcorepathprocessing
.code.tex
File: pgfcorepathprocessing.code.tex 2020/01/08 v3.1.5b (3.1.5b)
)
(/usr/share/texlive/texmf-dist/tex/generic/pgf/basiclayer/pgfcorearrows.code.te
x
File: pgfcorearrows.code.tex 2020/01/08 v3.1.5b (3.1.5b)
\pgfarrowsep=\dimen176
)
(/usr/share/texlive/texmf-dist/tex/generic/pgf/basiclayer/pgfcoreshade.code.tex
File: pgfcoreshade.code.tex 2020/01/08 v3.1.5b (3.1.5b)
\pgf@max=\dimen177
\pgf@sys@shading@range@num=\count269
\pgf@shadingcount=\count270
)
(/usr/share/texlive/texmf-dist/tex/generic/pgf/basiclayer/pgfcoreimage.code.tex
File: pgfcoreimage.code.tex 2020/01/08 v3.1.5b (3.1.5b)

(/usr/share/texlive/texmf-dist/tex/generic/pgf/basiclayer/pgfcoreexternal.code.
tex
File: pgfcoreexternal.code.tex 2020/01/08 v3.1.5b (3.1.5b)
\pgfexternal@startupbox=\box55
))
(/usr/share/texlive/texmf-dist/tex/generic/pgf/basiclayer/pgfcorelayers.code.te
x
File: pgfcorelayers.code.tex 2020/01/08 v3.1.5b (3.1.5b)
)
(/usr/share/texlive/texmf-dist/tex/generic/pgf/basiclayer/pgfcoretransparency.c
ode.tex
File: pgfcoretransparency.code.tex 2020/01/08 v3.1.5b (3.1.5b)
)
(/usr/share/texlive/texmf-dist/tex/generic/pgf/basiclayer/pgfcorepatterns.code.
tex
File: pgfcorepatterns.code.tex 2020/01/08 v3.1.5b (3.1.5b)
)
(/usr/share/texlive/texmf-dist/tex/generic/pgf/basiclayer/pgfcorerdf.code.tex
File: pgfcorerdf.code.tex 2020/01/08 v3.1.5b (3.1.5b)
)))
(/usr/share/texlive/texmf-dist/tex/generic/pgf/modules/pgfmoduleshapes.code.tex
File: pgfmoduleshapes.code.tex 2020/01/08 v3.1.5b (3.1.5b)
\pgfnodeparttextbox=\box56
) (/usr/share/texlive/texmf-dist/tex/generic/pgf/modules/pgfmoduleplot.code.tex
File: pgfmoduleplot.code.tex 2020/01/08 v3.1.5b (3.1.5b)
)
(/usr/share/texlive/texmf-dist/tex/latex/pgf/compatibility/pgfcomp-version-0-65
.sty
Package: pgfcomp-version-0-65 2020/01/08 v3.1.5b (3.1.5b)
\pgf@nodesepstart=\dimen178
\pgf@nodesepend=\dimen179
)
(/usr/share/texlive/texmf-dist/tex/latex/pgf/compatibility/pgfcomp-version-1-18
.sty
Package: pgfcomp-version-1-18 2020/01/08 v3.1.5b (3.1.5b)
)) (/usr/share/texlive/texmf-dist/tex/latex/pgf/utilities/pgffor.sty
(/usr/share/texlive/texmf-dist/tex/latex/pgf/utilities/pgfkeys.sty
(/usr/share/texlive/texmf-dist/tex/generic/pgf/utilities/pgfkeys.code.tex))
(/usr/share/texlive/texmf-dist/tex/latex/pgf/math/pgfmath.sty
(/usr/share/texlive/texmf-dist/tex/generic/pgf/math/pgfmath.code.tex))
(/usr/share/texlive/texmf-dist/tex/generic/pgf/utilities/pgffor.code.tex
Package: pgffor 2020/01/08 v3.1.5b (3.1.5b)

(/usr/share/texlive/texmf-dist/tex/generic/pgf/math/pgfmath.code.tex)
\pgffor@iter=\dimen180
\pgffor@skip=\dimen181
\pgffor@stack=\toks31
\pgffor@toks=\toks32
))
(/usr/share/texlive/texmf-dist/tex/generic/pgf/frontendlayer/tikz/tikz.code.tex
Package: tikz 2020/01/08 v3.1.5b (3.1.5b)

(/usr/share/texlive/texmf-dist/tex/generic/pgf/libraries/pgflibraryplothandlers
.code.tex
File: pgflibraryplothandlers.code.tex 2020/01/08 v3.1.5b (3.1.5b)
\pgf@plot@mark@count=\count271
\pgfplotmarksize=\dimen182
)
\tikz@lastx=\dimen183
\tikz@lasty=\dimen184
\tikz@lastxsaved=\dimen185
\tikz@lastysaved=\dimen186
\tikz@lastmovetox=\dimen187
\tikz@lastmovetoy=\dimen188
\tikzleveldistance=\dimen189
\tikzsiblingdistance=\dimen190
\tikz@figbox=\box57
\tikz@figbox@bg=\box58
\tikz@tempbox=\box59
\tikz@tempbox@bg=\box60
\tikztreelevel=\count272
\tikznumberofchildren=\count273
\tikznumberofcurrentchild=\count274
\tikz@fig@count=\count275

(/usr/share/texlive/texmf-dist/tex/generic/pgf/modules/pgfmodulematrix.code.tex
File: pgfmodulematrix.code.tex 2020/01/08 v3.1.5b (3.1.5b)
\pgfmatrixcurrentrow=\count276
\pgfmatrixcurrentcolumn=\count277
\pgf@matrix@numberofcolumns=\count278
)
\tikz@expandcount=\count279

(/usr/share/texlive/texmf-dist/tex/generic/pgf/frontendlayer/tikz/libraries/tik
zlibrarytopaths.code.tex
File: tikzlibrarytopaths.code.tex 2020/01/08 v3.1.5b (3.1.5b)
)))
(/usr/share/texlive/texmf-dist/tex/latex/everypage/everypage.sty
Package: everypage 2007/06/20 1.1 Hooks to run on every page
)
(/usr/share/texlive/texmf-dist/tex/latex/tools/afterpage.sty
Package: afterpage 2014/10/28 v1.08 After-Page Package (DPC)
\AP@output=\toks33
\AP@partial=\box61
\AP@footins=\box62
))
(/home/csaba/indology/dharma_project/vrsa_edition/vrsasara_macros_devnag.tex
(/usr/share/texlive/texmf-dist/tex/latex/libertine/libertine.sty
Package: libertine 2019/07/01 (Bob Tennent) Supports Libertine and Biolinum fon
ts for all LaTeX engines.

(/usr/share/texlive/texmf-dist/tex/latex/base/textcomp.sty
Package: textcomp 2020/02/02 v2.0n Standard LaTeX package
)
Requested font "[LinLibertine_R.otf]/OT" at 11.99997pt
 -> /usr/share/texlive/texmf-dist/fonts/opentype/public/libertine/LinLibertine_
R.otf
Requested font "[LinLibertine_R.otf]/OT" at 12.00003pt
 -> /usr/share/texlive/texmf-dist/fonts/opentype/public/libertine/LinLibertine_
R.otf
Requested font "[LinLibertine_R.otf]/OT:script=latn;language=dflt;" at 12.00003
pt
 -> /usr/share/texlive/texmf-dist/fonts/opentype/public/libertine/LinLibertine_
R.otf
Requested font "[LinLibertine_RB.otf]/OT:script=latn;language=dflt;" at 12.0000
3pt
 -> /usr/share/texlive/texmf-dist/fonts/opentype/public/libertine/LinLibertine_
RB.otf
Requested font "[LinLibertine_RI.otf]/OT:script=latn;language=dflt;" at 12.0000
3pt
 -> /usr/share/texlive/texmf-dist/fonts/opentype/public/libertine/LinLibertine_
RI.otf
Requested font "[LinLibertine_RBI.otf]/OT:script=latn;language=dflt;" at 12.000
03pt
 -> /usr/share/texlive/texmf-dist/fonts/opentype/public/libertine/LinLibertine_
RBI.otf

Package fontspec Info: Font family 'LinLibertine(0)' created for font
(fontspec)             'LinLibertine' with options [Ligatures = TeX,Extension
(fontspec)             =
(fontspec)             .otf,SmallCapsFeatures={Letters=SmallCaps},Ligatures=TeX
,Numbers
(fontspec)             = {Monospaced,Lining},Scale = 1,UprightFont =
(fontspec)             *_R,ItalicFont = *_RI,BoldFont = *_RB,BoldItalicFont =
(fontspec)             *_RBI].
(fontspec)              
(fontspec)              This font family consists of the following NFSS
(fontspec)             series/shapes:
(fontspec)              
(fontspec)             - 'normal' (m/n) with NFSS spec.:
(fontspec)             <->s*[1]"[LinLibertine_R.otf]/OT:script=latn;language=df
lt;+tnum;+lnum;mapping=tex-text;"
(fontspec)             - 'small caps'  (m/sc) with NFSS spec.:
(fontspec)             <->s*[1]"[LinLibertine_R.otf]/OT:script=latn;language=df
lt;+tnum;+lnum;+smcp;mapping=tex-text;"
(fontspec)             - 'bold' (b/n) with NFSS spec.:
(fontspec)             <->s*[1]"[LinLibertine_RB.otf]/OT:script=latn;language=d
flt;+tnum;+lnum;mapping=tex-text;"
(fontspec)             - 'bold small caps'  (b/sc) with NFSS spec.:
(fontspec)             <->s*[1]"[LinLibertine_RB.otf]/OT:script=latn;language=d
flt;+tnum;+lnum;+smcp;mapping=tex-text;"
(fontspec)             - 'italic' (m/it) with NFSS spec.:
(fontspec)             <->s*[1]"[LinLibertine_RI.otf]/OT:script=latn;language=d
flt;+tnum;+lnum;mapping=tex-text;"
(fontspec)             - 'italic small caps'  (m/scit) with NFSS spec.:
(fontspec)             <->s*[1]"[LinLibertine_RI.otf]/OT:script=latn;language=d
flt;+tnum;+lnum;+smcp;mapping=tex-text;"
(fontspec)             - 'bold italic' (b/it) with NFSS spec.:
(fontspec)             <->s*[1]"[LinLibertine_RBI.otf]/OT:script=latn;language=
dflt;+tnum;+lnum;mapping=tex-text;"
(fontspec)             - 'bold italic small caps'  (b/scit) with NFSS spec.:
(fontspec)             <->s*[1]"[LinLibertine_RBI.otf]/OT:script=latn;language=
dflt;+tnum;+lnum;+smcp;mapping=tex-text;"

LaTeX Font Info:    Font shape `TU/LinLibertine(0)/m/n' will be
(Font)              scaled to size 12.0pt on input line 308.
Requested font "[LinLibertine_R.otf]/OT:script=latn;language=dflt;+tnum;+lnum;m
apping=tex-text;" at 12.0pt
 -> /usr/share/texlive/texmf-dist/fonts/opentype/public/libertine/LinLibertine_
R.otf
Requested font "[LinBiolinum_R.otf]/OT" at 11.99997pt
 -> /usr/share/texlive/texmf-dist/fonts/opentype/public/libertine/LinBiolinum_R
.otf
Requested font "[LinBiolinum_R.otf]/OT" at 12.00003pt
 -> /usr/share/texlive/texmf-dist/fonts/opentype/public/libertine/LinBiolinum_R
.otf
Requested font "[LinBiolinum_R.otf]/OT:script=latn;language=dflt;" at 12.00003p
t
 -> /usr/share/texlive/texmf-dist/fonts/opentype/public/libertine/LinBiolinum_R
.otf
Requested font "[LinBiolinum_RB.otf]/OT:script=latn;language=dflt;" at 12.00003
pt
 -> /usr/share/texlive/texmf-dist/fonts/opentype/public/libertine/LinBiolinum_R
B.otf


Package fontspec Warning: OpenType feature 'Numbers=Uppercase' (lnum) not
(fontspec)                available for font 'LinBiolinum_RB' with script
(fontspec)                'CustomDefault' and language 'Default'.


Package fontspec Warning: OpenType feature 'Numbers=Uppercase' (lnum) not
(fontspec)                available for font 'LinBiolinum_RB' with script
(fontspec)                'CustomDefault' and language 'Default'.

Requested font "[LinBiolinum_RI.otf]/OT:script=latn;language=dflt;" at 12.00003
pt
 -> /usr/share/texlive/texmf-dist/fonts/opentype/public/libertine/LinBiolinum_R
I.otf
Requested font "[LinBiolinum_RBO.otf]/OT:script=latn;language=dflt;" at 12.0000
3pt
 -> /usr/share/texlive/texmf-dist/fonts/opentype/public/libertine/LinBiolinum_R
BO.otf

Package fontspec Info: Font family 'LinBiolinum(0)' created for font
(fontspec)             'LinBiolinum' with options [Ligatures = TeX,Extension =
(fontspec)             .otf,SmallCapsFeatures={Letters=SmallCaps},Ligatures=TeX
,Numbers
(fontspec)             = {Monospaced, Lining},Scale = 1,UprightFont =
(fontspec)             *_R,ItalicFont = *_RI,BoldFont = *_RB,BoldItalicFont =
(fontspec)             *_RBO].
(fontspec)              
(fontspec)              This font family consists of the following NFSS
(fontspec)             series/shapes:
(fontspec)              
(fontspec)             - 'normal' (m/n) with NFSS spec.:
(fontspec)             <->s*[1]"[LinBiolinum_R.otf]/OT:script=latn;language=dfl
t;+tnum;+lnum;mapping=tex-text;"
(fontspec)             - 'small caps'  (m/sc) with NFSS spec.:
(fontspec)             <->s*[1]"[LinBiolinum_R.otf]/OT:script=latn;language=dfl
t;+tnum;+lnum;+smcp;mapping=tex-text;"
(fontspec)             - 'bold' (b/n) with NFSS spec.:
(fontspec)             <->s*[1]"[LinBiolinum_RB.otf]/OT:script=latn;language=df
lt;+tnum;mapping=tex-text;"
(fontspec)             - 'bold small caps'  (b/sc) with NFSS spec.:
(fontspec)             <->s*[1]"[LinBiolinum_RB.otf]/OT:script=latn;language=df
lt;+tnum;+smcp;mapping=tex-text;"
(fontspec)             - 'italic' (m/it) with NFSS spec.:
(fontspec)             <->s*[1]"[LinBiolinum_RI.otf]/OT:script=latn;language=df
lt;+tnum;+lnum;mapping=tex-text;"
(fontspec)             - 'italic small caps'  (m/scit) with NFSS spec.:
(fontspec)             <->s*[1]"[LinBiolinum_RI.otf]/OT:script=latn;language=df
lt;+tnum;+lnum;+smcp;mapping=tex-text;"
(fontspec)             - 'bold italic' (b/it) with NFSS spec.:
(fontspec)             <->s*[1]"[LinBiolinum_RBO.otf]/OT:script=latn;language=d
flt;+tnum;+lnum;mapping=tex-text;"
(fontspec)             - 'bold italic small caps'  (b/scit) with NFSS spec.:
(fontspec)             <->s*[1]"[LinBiolinum_RBO.otf]/OT:script=latn;language=d
flt;+tnum;+lnum;+smcp;mapping=tex-text;"


Package fontspec Info: Font family 'LinLibertine(1)' created for font
(fontspec)             'LinLibertine' with options [Ligatures = TeX,Extension
(fontspec)             = .otf,SmallCapsFeatures={Letters=SmallCaps},Numbers =
(fontspec)             {Monospaced,Lining},Scale = 1,UprightFont =
(fontspec)             *_R,ItalicFont = *_RI,BoldFont = *_RB,BoldItalicFont =
(fontspec)             *_RBI].
(fontspec)              
(fontspec)              This font family consists of the following NFSS
(fontspec)             series/shapes:
(fontspec)              
(fontspec)             - 'normal' (m/n) with NFSS spec.:
(fontspec)             <->s*[1]"[LinLibertine_R.otf]/OT:script=latn;language=df
lt;+tnum;+lnum;mapping=tex-text;"
(fontspec)             - 'small caps'  (m/sc) with NFSS spec.:
(fontspec)             <->s*[1]"[LinLibertine_R.otf]/OT:script=latn;language=df
lt;+tnum;+lnum;+smcp;mapping=tex-text;"
(fontspec)             - 'bold' (b/n) with NFSS spec.:
(fontspec)             <->s*[1]"[LinLibertine_RB.otf]/OT:script=latn;language=d
flt;+tnum;+lnum;mapping=tex-text;"
(fontspec)             - 'bold small caps'  (b/sc) with NFSS spec.:
(fontspec)             <->s*[1]"[LinLibertine_RB.otf]/OT:script=latn;language=d
flt;+tnum;+lnum;+smcp;mapping=tex-text;"
(fontspec)             - 'italic' (m/it) with NFSS spec.:
(fontspec)             <->s*[1]"[LinLibertine_RI.otf]/OT:script=latn;language=d
flt;+tnum;+lnum;mapping=tex-text;"
(fontspec)             - 'italic small caps'  (m/scit) with NFSS spec.:
(fontspec)             <->s*[1]"[LinLibertine_RI.otf]/OT:script=latn;language=d
flt;+tnum;+lnum;+smcp;mapping=tex-text;"
(fontspec)             - 'bold italic' (b/it) with NFSS spec.:
(fontspec)             <->s*[1]"[LinLibertine_RBI.otf]/OT:script=latn;language=
dflt;+tnum;+lnum;mapping=tex-text;"
(fontspec)             - 'bold italic small caps'  (b/scit) with NFSS spec.:
(fontspec)             <->s*[1]"[LinLibertine_RBI.otf]/OT:script=latn;language=
dflt;+tnum;+lnum;+smcp;mapping=tex-text;"

Requested font "[LinLibertine_RZ.otf]/OT" at 11.99997pt
 -> /usr/share/texlive/texmf-dist/fonts/opentype/public/libertine/LinLibertine_
RZ.otf
Requested font "[LinLibertine_RZ.otf]/OT" at 12.00003pt
 -> /usr/share/texlive/texmf-dist/fonts/opentype/public/libertine/LinLibertine_
RZ.otf
Requested font "[LinLibertine_RZ.otf]/OT:script=latn;language=dflt;" at 12.0000
3pt
 -> /usr/share/texlive/texmf-dist/fonts/opentype/public/libertine/LinLibertine_
RZ.otf
Requested font "[LinLibertine_RZI.otf]/OT:script=latn;language=dflt;" at 12.000
03pt
 -> /usr/share/texlive/texmf-dist/fonts/opentype/public/libertine/LinLibertine_
RZI.otf

Package fontspec Warning: OpenType feature 'Numbers= Monospaced, Lining'
(fontspec)                (tnum) not available for font 'LinLibertine_RZI'
(fontspec)                with script 'CustomDefault' and language 'Default'.


Package fontspec Warning: OpenType feature 'Numbers= Monospaced, Lining'
(fontspec)                (tnum) not available for font 'LinLibertine_RZI'
(fontspec)                with script 'CustomDefault' and language 'Default'.


Package fontspec Info: Font family 'LinLibertine(2)' created for font
(fontspec)             'LinLibertine' with options [Ligatures = TeX,Extension
(fontspec)             = .otf,SmallCapsFeatures={Letters=SmallCaps},Numbers =
(fontspec)             { Monospaced, Lining},Scale = 1,UprightFont =
(fontspec)             *_RZ,ItalicFont = *_RZI,BoldFont = *_RB,BoldItalicFont
(fontspec)             = *_RBI].
(fontspec)              
(fontspec)              This font family consists of the following NFSS
(fontspec)             series/shapes:
(fontspec)              
(fontspec)             - 'normal' (m/n) with NFSS spec.:
(fontspec)             <->s*[1]"[LinLibertine_RZ.otf]/OT:script=latn;language=d
flt;+tnum;+lnum;mapping=tex-text;"
(fontspec)             - 'small caps'  (m/sc) with NFSS spec.:
(fontspec)             <->s*[1]"[LinLibertine_RZ.otf]/OT:script=latn;language=d
flt;+tnum;+lnum;+smcp;mapping=tex-text;"
(fontspec)             - 'bold' (b/n) with NFSS spec.:
(fontspec)             <->s*[1]"[LinLibertine_RB.otf]/OT:script=latn;language=d
flt;+tnum;+lnum;mapping=tex-text;"
(fontspec)             - 'bold small caps'  (b/sc) with NFSS spec.:
(fontspec)             <->s*[1]"[LinLibertine_RB.otf]/OT:script=latn;language=d
flt;+tnum;+lnum;+smcp;mapping=tex-text;"
(fontspec)             - 'italic' (m/it) with NFSS spec.:
(fontspec)             <->s*[1]"[LinLibertine_RZI.otf]/OT:script=latn;language=
dflt;+lnum;mapping=tex-text;"
(fontspec)             - 'italic small caps'  (m/scit) with NFSS spec.:
(fontspec)             <->s*[1]"[LinLibertine_RZI.otf]/OT:script=latn;language=
dflt;+lnum;+smcp;mapping=tex-text;"
(fontspec)             - 'bold italic' (b/it) with NFSS spec.:
(fontspec)             <->s*[1]"[LinLibertine_RBI.otf]/OT:script=latn;language=
dflt;+tnum;+lnum;mapping=tex-text;"
(fontspec)             - 'bold italic small caps'  (b/scit) with NFSS spec.:
(fontspec)             <->s*[1]"[LinLibertine_RBI.otf]/OT:script=latn;language=
dflt;+tnum;+lnum;+smcp;mapping=tex-text;"


Package fontspec Info: Font family 'LinLibertine(3)' created for font
(fontspec)             'LinLibertine' with options [Ligatures = TeX,Extension
(fontspec)             = .otf,SmallCapsFeatures={Letters=SmallCaps},Numbers =
(fontspec)             {Monospaced,OldStyle},Scale = 1,UprightFont =
(fontspec)             *_R,ItalicFont = *_RI,BoldFont = *_RB,BoldItalicFont =
(fontspec)             *_RBI].
(fontspec)              
(fontspec)              This font family consists of the following NFSS
(fontspec)             series/shapes:
(fontspec)              
(fontspec)             - 'normal' (m/n) with NFSS spec.:
(fontspec)             <->s*[1]"[LinLibertine_R.otf]/OT:script=latn;language=df
lt;+tnum;+onum;mapping=tex-text;"
(fontspec)             - 'small caps'  (m/sc) with NFSS spec.:
(fontspec)             <->s*[1]"[LinLibertine_R.otf]/OT:script=latn;language=df
lt;+tnum;+onum;+smcp;mapping=tex-text;"
(fontspec)             - 'bold' (b/n) with NFSS spec.:
(fontspec)             <->s*[1]"[LinLibertine_RB.otf]/OT:script=latn;language=d
flt;+tnum;+onum;mapping=tex-text;"
(fontspec)             - 'bold small caps'  (b/sc) with NFSS spec.:
(fontspec)             <->s*[1]"[LinLibertine_RB.otf]/OT:script=latn;language=d
flt;+tnum;+onum;+smcp;mapping=tex-text;"
(fontspec)             - 'italic' (m/it) with NFSS spec.:
(fontspec)             <->s*[1]"[LinLibertine_RI.otf]/OT:script=latn;language=d
flt;+tnum;+onum;mapping=tex-text;"
(fontspec)             - 'italic small caps'  (m/scit) with NFSS spec.:
(fontspec)             <->s*[1]"[LinLibertine_RI.otf]/OT:script=latn;language=d
flt;+tnum;+onum;+smcp;mapping=tex-text;"
(fontspec)             - 'bold italic' (b/it) with NFSS spec.:
(fontspec)             <->s*[1]"[LinLibertine_RBI.otf]/OT:script=latn;language=
dflt;+tnum;+onum;mapping=tex-text;"
(fontspec)             - 'bold italic small caps'  (b/scit) with NFSS spec.:
(fontspec)             <->s*[1]"[LinLibertine_RBI.otf]/OT:script=latn;language=
dflt;+tnum;+onum;+smcp;mapping=tex-text;"

Requested font "[LinLibertine_DR.otf]/OT" at 11.99997pt
 -> /usr/share/texlive/texmf-dist/fonts/opentype/public/libertine/LinLibertine_
DR.otf
Requested font "[LinLibertine_DR.otf]/OT" at 12.00003pt
 -> /usr/share/texlive/texmf-dist/fonts/opentype/public/libertine/LinLibertine_
DR.otf
Requested font "[LinLibertine_DR.otf]/OT:script=latn;language=dflt;" at 12.0000
3pt
 -> /usr/share/texlive/texmf-dist/fonts/opentype/public/libertine/LinLibertine_
DR.otf

Package fontspec Info: Font family 'LinLibertine(4)' created for font
(fontspec)             'LinLibertine' with options [Ligatures = TeX,Extension
(fontspec)             = .otf,SmallCapsFeatures={Letters=SmallCaps},Numbers =
(fontspec)             {Monospaced,Lining},UprightFont = *_DR,ItalicFont =
(fontspec)             *_RI,BoldFont = *_RB,BoldItalicFont = *_RBI].
(fontspec)              
(fontspec)              This font family consists of the following NFSS
(fontspec)             series/shapes:
(fontspec)              
(fontspec)             - 'normal' (m/n) with NFSS spec.:
(fontspec)             <->"[LinLibertine_DR.otf]/OT:script=latn;language=dflt;+
tnum;+lnum;mapping=tex-text;"
(fontspec)             - 'small caps'  (m/sc) with NFSS spec.: 
(fontspec)             - 'bold' (b/n) with NFSS spec.:
(fontspec)             <->"[LinLibertine_RB.otf]/OT:script=latn;language=dflt;+
tnum;+lnum;mapping=tex-text;"
(fontspec)             - 'bold small caps'  (b/sc) with NFSS spec.:
(fontspec)             <->"[LinLibertine_RB.otf]/OT:script=latn;language=dflt;+
tnum;+lnum;+smcp;mapping=tex-text;"
(fontspec)             - 'italic' (m/it) with NFSS spec.:
(fontspec)             <->"[LinLibertine_RI.otf]/OT:script=latn;language=dflt;+
tnum;+lnum;mapping=tex-text;"
(fontspec)             - 'italic small caps'  (m/scit) with NFSS spec.:
(fontspec)             <->"[LinLibertine_RI.otf]/OT:script=latn;language=dflt;+
tnum;+lnum;+smcp;mapping=tex-text;"
(fontspec)             - 'bold italic' (b/it) with NFSS spec.:
(fontspec)             <->"[LinLibertine_RBI.otf]/OT:script=latn;language=dflt;
+tnum;+lnum;mapping=tex-text;"
(fontspec)             - 'bold italic small caps'  (b/scit) with NFSS spec.:
(fontspec)             <->"[LinLibertine_RBI.otf]/OT:script=latn;language=dflt;
+tnum;+lnum;+smcp;mapping=tex-text;"


Package fontspec Warning: OpenType feature 'Numbers=Uppercase' (lnum) not
(fontspec)                available for font 'LinBiolinum_RB' with script
(fontspec)                'CustomDefault' and language 'Default'.


Package fontspec Warning: OpenType feature 'Numbers=Uppercase' (lnum) not
(fontspec)                available for font 'LinBiolinum_RB' with script
(fontspec)                'CustomDefault' and language 'Default'.


Package fontspec Info: Font family 'LinBiolinum(1)' created for font
(fontspec)             'LinBiolinum' with options [Ligatures = TeX,Extension =
(fontspec)             .otf,SmallCapsFeatures={Letters=SmallCaps},Numbers =
(fontspec)             {Monospaced, Lining},Scale = 1,UprightFont =
(fontspec)             *_R,ItalicFont = *_RI,BoldFont = *_RB,BoldItalicFont =
(fontspec)             *_RBO].
(fontspec)              
(fontspec)              This font family consists of the following NFSS
(fontspec)             series/shapes:
(fontspec)              
(fontspec)             - 'normal' (m/n) with NFSS spec.:
(fontspec)             <->s*[1]"[LinBiolinum_R.otf]/OT:script=latn;language=dfl
t;+tnum;+lnum;mapping=tex-text;"
(fontspec)             - 'small caps'  (m/sc) with NFSS spec.:
(fontspec)             <->s*[1]"[LinBiolinum_R.otf]/OT:script=latn;language=dfl
t;+tnum;+lnum;+smcp;mapping=tex-text;"
(fontspec)             - 'bold' (b/n) with NFSS spec.:
(fontspec)             <->s*[1]"[LinBiolinum_RB.otf]/OT:script=latn;language=df
lt;+tnum;mapping=tex-text;"
(fontspec)             - 'bold small caps'  (b/sc) with NFSS spec.:
(fontspec)             <->s*[1]"[LinBiolinum_RB.otf]/OT:script=latn;language=df
lt;+tnum;+smcp;mapping=tex-text;"
(fontspec)             - 'italic' (m/it) with NFSS spec.:
(fontspec)             <->s*[1]"[LinBiolinum_RI.otf]/OT:script=latn;language=df
lt;+tnum;+lnum;mapping=tex-text;"
(fontspec)             - 'italic small caps'  (m/scit) with NFSS spec.:
(fontspec)             <->s*[1]"[LinBiolinum_RI.otf]/OT:script=latn;language=df
lt;+tnum;+lnum;+smcp;mapping=tex-text;"
(fontspec)             - 'bold italic' (b/it) with NFSS spec.:
(fontspec)             <->s*[1]"[LinBiolinum_RBO.otf]/OT:script=latn;language=d
flt;+tnum;+lnum;mapping=tex-text;"
(fontspec)             - 'bold italic small caps'  (b/scit) with NFSS spec.:
(fontspec)             <->s*[1]"[LinBiolinum_RBO.otf]/OT:script=latn;language=d
flt;+tnum;+lnum;+smcp;mapping=tex-text;"


Package fontspec Info: Font family 'LinBiolinum(2)' created for font
(fontspec)             'LinBiolinum' with options [Ligatures = TeX,Extension =
(fontspec)             .otf,SmallCapsFeatures={Letters=SmallCaps},Numbers =
(fontspec)             {Monospaced, OldStyle},Scale = 1,UprightFont =
(fontspec)             *_R,ItalicFont = *_RI,BoldFont = *_RB,BoldItalicFont =
(fontspec)             *_RBO].
(fontspec)              
(fontspec)              This font family consists of the following NFSS
(fontspec)             series/shapes:
(fontspec)              
(fontspec)             - 'normal' (m/n) with NFSS spec.:
(fontspec)             <->s*[1]"[LinBiolinum_R.otf]/OT:script=latn;language=dfl
t;+tnum;+onum;mapping=tex-text;"
(fontspec)             - 'small caps'  (m/sc) with NFSS spec.:
(fontspec)             <->s*[1]"[LinBiolinum_R.otf]/OT:script=latn;language=dfl
t;+tnum;+onum;+smcp;mapping=tex-text;"
(fontspec)             - 'bold' (b/n) with NFSS spec.:
(fontspec)             <->s*[1]"[LinBiolinum_RB.otf]/OT:script=latn;language=df
lt;+tnum;+onum;mapping=tex-text;"
(fontspec)             - 'bold small caps'  (b/sc) with NFSS spec.:
(fontspec)             <->s*[1]"[LinBiolinum_RB.otf]/OT:script=latn;language=df
lt;+tnum;+onum;+smcp;mapping=tex-text;"
(fontspec)             - 'italic' (m/it) with NFSS spec.:
(fontspec)             <->s*[1]"[LinBiolinum_RI.otf]/OT:script=latn;language=df
lt;+tnum;+onum;mapping=tex-text;"
(fontspec)             - 'italic small caps'  (m/scit) with NFSS spec.:
(fontspec)             <->s*[1]"[LinBiolinum_RI.otf]/OT:script=latn;language=df
lt;+tnum;+onum;+smcp;mapping=tex-text;"
(fontspec)             - 'bold italic' (b/it) with NFSS spec.:
(fontspec)             <->s*[1]"[LinBiolinum_RBO.otf]/OT:script=latn;language=d
flt;+tnum;+onum;mapping=tex-text;"
(fontspec)             - 'bold italic small caps'  (b/scit) with NFSS spec.:
(fontspec)             <->s*[1]"[LinBiolinum_RBO.otf]/OT:script=latn;language=d
flt;+tnum;+onum;+smcp;mapping=tex-text;"

Requested font "[LinLibertine_M.otf]/OT" at 11.99997pt
 -> /usr/share/texlive/texmf-dist/fonts/opentype/public/libertine/LinLibertine_
M.otf
Requested font "[LinLibertine_M.otf]/OT" at 12.00003pt
 -> /usr/share/texlive/texmf-dist/fonts/opentype/public/libertine/LinLibertine_
M.otf
Requested font "[LinLibertine_M.otf]/OT:script=latn;language=dflt;" at 12.00003
pt
 -> /usr/share/texlive/texmf-dist/fonts/opentype/public/libertine/LinLibertine_
M.otf
Requested font "[LinLibertine_MB.otf]/OT:script=latn;language=dflt;" at 12.0000
3pt
 -> /usr/share/texlive/texmf-dist/fonts/opentype/public/libertine/LinLibertine_
MB.otf
Requested font "[LinLibertine_MO.otf]/OT:script=latn;language=dflt;" at 12.0000
3pt
 -> /usr/share/texlive/texmf-dist/fonts/opentype/public/libertine/LinLibertine_
MO.otf
Requested font "[LinLibertine_MBO.otf]/OT:script=latn;language=dflt;" at 12.000
03pt
 -> /usr/share/texlive/texmf-dist/fonts/opentype/public/libertine/LinLibertine_
MBO.otf

Package fontspec Info: Font family 'LinLibertine(5)' created for font
(fontspec)             'LinLibertine' with options [Extension =
(fontspec)             .otf,HyphenChar=None,WordSpace={1,0,0},HyphenChar=None,P
unctuationSpace=WordSpace,Scale
(fontspec)             = 1,UprightFont = *_M,ItalicFont = *_MO,BoldFont =
(fontspec)             *_MB,BoldItalicFont = *_MBO].
(fontspec)              
(fontspec)              This font family consists of the following NFSS
(fontspec)             series/shapes:
(fontspec)              
(fontspec)             - 'normal' (m/n) with NFSS spec.:
(fontspec)             <->s*[1]"[LinLibertine_M.otf]/OT:script=latn;language=df
lt;"
(fontspec)             - 'small caps'  (m/sc) with NFSS spec.: 
(fontspec)             and font adjustment code:
(fontspec)             \fontdimen 2\font =1\fontdimen 2\font \fontdimen 3\font
(fontspec)             =0\fontdimen 3\font \fontdimen 4\font =0\fontdimen
(fontspec)             4\font \fontdimen 7\font =0\fontdimen 2\font
(fontspec)             \tex_hyphenchar:D \font =-1\scan_stop:
(fontspec)             \tex_hyphenchar:D \font =-1\scan_stop: 
(fontspec)             - 'bold' (b/n) with NFSS spec.:
(fontspec)             <->s*[1]"[LinLibertine_MB.otf]/OT:script=latn;language=d
flt;"
(fontspec)             - 'bold small caps'  (b/sc) with NFSS spec.: 
(fontspec)             and font adjustment code:
(fontspec)             \fontdimen 2\font =1\fontdimen 2\font \fontdimen 3\font
(fontspec)             =0\fontdimen 3\font \fontdimen 4\font =0\fontdimen
(fontspec)             4\font \fontdimen 7\font =0\fontdimen 2\font
(fontspec)             \tex_hyphenchar:D \font =-1\scan_stop:
(fontspec)             \tex_hyphenchar:D \font =-1\scan_stop: 
(fontspec)             - 'italic' (m/it) with NFSS spec.:
(fontspec)             <->s*[1]"[LinLibertine_MO.otf]/OT:script=latn;language=d
flt;"
(fontspec)             - 'italic small caps'  (m/scit) with NFSS spec.: 
(fontspec)             and font adjustment code:
(fontspec)             \fontdimen 2\font =1\fontdimen 2\font \fontdimen 3\font
(fontspec)             =0\fontdimen 3\font \fontdimen 4\font =0\fontdimen
(fontspec)             4\font \fontdimen 7\font =0\fontdimen 2\font
(fontspec)             \tex_hyphenchar:D \font =-1\scan_stop:
(fontspec)             \tex_hyphenchar:D \font =-1\scan_stop: 
(fontspec)             - 'bold italic' (b/it) with NFSS spec.:
(fontspec)             <->s*[1]"[LinLibertine_MBO.otf]/OT:script=latn;language=
dflt;"
(fontspec)             - 'bold italic small caps'  (b/scit) with NFSS spec.: 
(fontspec)             and font adjustment code:
(fontspec)             \fontdimen 2\font =1\fontdimen 2\font \fontdimen 3\font
(fontspec)             =0\fontdimen 3\font \fontdimen 4\font =0\fontdimen
(fontspec)             4\font \fontdimen 7\font =0\fontdimen 2\font
(fontspec)             \tex_hyphenchar:D \font =-1\scan_stop:
(fontspec)             \tex_hyphenchar:D \font =-1\scan_stop: 


Package fontspec Info: Font family 'LinLibertine(6)' created for font
(fontspec)             'LinLibertine' with options [Extension =
(fontspec)             .otf,HyphenChar=None,Scale = 1,UprightFont =
(fontspec)             *_M,ItalicFont = *_MO,BoldFont = *_MB,BoldItalicFont =
(fontspec)             *_MBO].
(fontspec)              
(fontspec)              This font family consists of the following NFSS
(fontspec)             series/shapes:
(fontspec)              
(fontspec)             - 'normal' (m/n) with NFSS spec.:
(fontspec)             <->s*[1]"[LinLibertine_M.otf]/OT:script=latn;language=df
lt;"
(fontspec)             - 'small caps'  (m/sc) with NFSS spec.: 
(fontspec)             and font adjustment code:
(fontspec)             \tex_hyphenchar:D \font =-1\scan_stop: 
(fontspec)             - 'bold' (b/n) with NFSS spec.:
(fontspec)             <->s*[1]"[LinLibertine_MB.otf]/OT:script=latn;language=d
flt;"
(fontspec)             - 'bold small caps'  (b/sc) with NFSS spec.: 
(fontspec)             and font adjustment code:
(fontspec)             \tex_hyphenchar:D \font =-1\scan_stop: 
(fontspec)             - 'italic' (m/it) with NFSS spec.:
(fontspec)             <->s*[1]"[LinLibertine_MO.otf]/OT:script=latn;language=d
flt;"
(fontspec)             - 'italic small caps'  (m/scit) with NFSS spec.: 
(fontspec)             and font adjustment code:
(fontspec)             \tex_hyphenchar:D \font =-1\scan_stop: 
(fontspec)             - 'bold italic' (b/it) with NFSS spec.:
(fontspec)             <->s*[1]"[LinLibertine_MBO.otf]/OT:script=latn;language=
dflt;"
(fontspec)             - 'bold italic small caps'  (b/scit) with NFSS spec.: 
(fontspec)             and font adjustment code:
(fontspec)             \tex_hyphenchar:D \font =-1\scan_stop: 

Requested font "[LinBiolinum_K.otf]/OT" at 11.99997pt
 -> /usr/share/texlive/texmf-dist/fonts/opentype/public/libertine/LinBiolinum_K
.otf
Requested font "[LinBiolinum_K.otf]/OT" at 12.00003pt
 -> /usr/share/texlive/texmf-dist/fonts/opentype/public/libertine/LinBiolinum_K
.otf
Requested font "[LinBiolinum_K.otf]/OT:script=latn;language=dflt;" at 12.00003p
t
 -> /usr/share/texlive/texmf-dist/fonts/opentype/public/libertine/LinBiolinum_K
.otf

Package fontspec Info: Font family 'LinBiolinum_K(0)' created for font
(fontspec)             'LinBiolinum_K' with options [Extension =
(fontspec)             .otf,HyphenChar=None,BoldFont={},ItalicFont={},SmallCaps
Font={}].
(fontspec)              
(fontspec)              This font family consists of the following NFSS
(fontspec)             series/shapes:
(fontspec)              
(fontspec)             - 'normal' (m/n) with NFSS spec.:
(fontspec)             <->"[LinBiolinum_K.otf]/OT:script=latn;language=dflt;"
(fontspec)             - 'small caps'  (m/sc) with NFSS spec.: 
(fontspec)             and font adjustment code:
(fontspec)             \tex_hyphenchar:D \font =-1\scan_stop: 

Requested font "[LinLibertine_I.otf]/OT" at 11.99997pt
 -> /usr/share/texlive/texmf-dist/fonts/opentype/public/libertine/LinLibertine_
I.otf
Requested font "[LinLibertine_I.otf]/OT" at 12.00003pt
 -> /usr/share/texlive/texmf-dist/fonts/opentype/public/libertine/LinLibertine_
I.otf
Requested font "[LinLibertine_I.otf]/OT:script=latn;language=dflt;" at 12.00003
pt
 -> /usr/share/texlive/texmf-dist/fonts/opentype/public/libertine/LinLibertine_
I.otf

Package fontspec Info: Font family 'LinLibertine_I(0)' created for font
(fontspec)             'LinLibertine_I' with options [Extension =
(fontspec)             .otf,HyphenChar=None,BoldFont={},ItalicFont={},SmallCaps
Font={}].
(fontspec)              
(fontspec)              This font family consists of the following NFSS
(fontspec)             series/shapes:
(fontspec)              
(fontspec)             - 'normal' (m/n) with NFSS spec.:
(fontspec)             <->"[LinLibertine_I.otf]/OT:script=latn;language=dflt;"
(fontspec)             - 'small caps'  (m/sc) with NFSS spec.: 
(fontspec)             and font adjustment code:
(fontspec)             \tex_hyphenchar:D \font =-1\scan_stop: 

LaTeX Info: Redefining \oldstylenums on input line 474.
LaTeX Info: Redefining \liningnums on input line 475.

Package fontspec Info: Font family 'LinLibertine(7)' created for font
(fontspec)             'LinLibertine' with options [Extension =
(fontspec)             .otf,HyphenChar=None,Numbers =
(fontspec)             {Monospaced,Lining},UprightFont = *_R,ItalicFont =
(fontspec)             *_RI,BoldFont = *_RB,BoldItalicFont = *_RBI].
(fontspec)              
(fontspec)              This font family consists of the following NFSS
(fontspec)             series/shapes:
(fontspec)              
(fontspec)             - 'normal' (m/n) with NFSS spec.:
(fontspec)             <->"[LinLibertine_R.otf]/OT:script=latn;language=dflt;+t
num;+lnum;"
(fontspec)             - 'small caps'  (m/sc) with NFSS spec.:
(fontspec)             <->"[LinLibertine_R.otf]/OT:script=latn;language=dflt;+t
num;+lnum;+smcp;"
(fontspec)             and font adjustment code:
(fontspec)             \tex_hyphenchar:D \font =-1\scan_stop: 
(fontspec)             - 'bold' (b/n) with NFSS spec.:
(fontspec)             <->"[LinLibertine_RB.otf]/OT:script=latn;language=dflt;+
tnum;+lnum;"
(fontspec)             - 'bold small caps'  (b/sc) with NFSS spec.:
(fontspec)             <->"[LinLibertine_RB.otf]/OT:script=latn;language=dflt;+
tnum;+lnum;+smcp;"
(fontspec)             and font adjustment code:
(fontspec)             \tex_hyphenchar:D \font =-1\scan_stop: 
(fontspec)             - 'italic' (m/it) with NFSS spec.:
(fontspec)             <->"[LinLibertine_RI.otf]/OT:script=latn;language=dflt;+
tnum;+lnum;"
(fontspec)             - 'italic small caps'  (m/scit) with NFSS spec.:
(fontspec)             <->"[LinLibertine_RI.otf]/OT:script=latn;language=dflt;+
tnum;+lnum;+smcp;"
(fontspec)             and font adjustment code:
(fontspec)             \tex_hyphenchar:D \font =-1\scan_stop: 
(fontspec)             - 'bold italic' (b/it) with NFSS spec.:
(fontspec)             <->"[LinLibertine_RBI.otf]/OT:script=latn;language=dflt;
+tnum;+lnum;"
(fontspec)             - 'bold italic small caps'  (b/scit) with NFSS spec.:
(fontspec)             <->"[LinLibertine_RBI.otf]/OT:script=latn;language=dflt;
+tnum;+lnum;+smcp;"
(fontspec)             and font adjustment code:
(fontspec)             \tex_hyphenchar:D \font =-1\scan_stop: 


Package fontspec Info: Font family 'LinLibertine(8)' created for font
(fontspec)             'LinLibertine' with options [Extension =
(fontspec)             .otf,HyphenChar=None,Numbers =
(fontspec)             {Proportional,Lining},UprightFont = *_R,ItalicFont =
(fontspec)             *_RI,BoldFont = *_RB,BoldItalicFont = *_RBI].
(fontspec)              
(fontspec)              This font family consists of the following NFSS
(fontspec)             series/shapes:
(fontspec)              
(fontspec)             - 'normal' (m/n) with NFSS spec.:
(fontspec)             <->"[LinLibertine_R.otf]/OT:script=latn;language=dflt;+p
num;+lnum;"
(fontspec)             - 'small caps'  (m/sc) with NFSS spec.:
(fontspec)             <->"[LinLibertine_R.otf]/OT:script=latn;language=dflt;+p
num;+lnum;+smcp;"
(fontspec)             and font adjustment code:
(fontspec)             \tex_hyphenchar:D \font =-1\scan_stop: 
(fontspec)             - 'bold' (b/n) with NFSS spec.:
(fontspec)             <->"[LinLibertine_RB.otf]/OT:script=latn;language=dflt;+
pnum;+lnum;"
(fontspec)             - 'bold small caps'  (b/sc) with NFSS spec.:
(fontspec)             <->"[LinLibertine_RB.otf]/OT:script=latn;language=dflt;+
pnum;+lnum;+smcp;"
(fontspec)             and font adjustment code:
(fontspec)             \tex_hyphenchar:D \font =-1\scan_stop: 
(fontspec)             - 'italic' (m/it) with NFSS spec.:
(fontspec)             <->"[LinLibertine_RI.otf]/OT:script=latn;language=dflt;+
pnum;+lnum;"
(fontspec)             - 'italic small caps'  (m/scit) with NFSS spec.:
(fontspec)             <->"[LinLibertine_RI.otf]/OT:script=latn;language=dflt;+
pnum;+lnum;+smcp;"
(fontspec)             and font adjustment code:
(fontspec)             \tex_hyphenchar:D \font =-1\scan_stop: 
(fontspec)             - 'bold italic' (b/it) with NFSS spec.:
(fontspec)             <->"[LinLibertine_RBI.otf]/OT:script=latn;language=dflt;
+pnum;+lnum;"
(fontspec)             - 'bold italic small caps'  (b/scit) with NFSS spec.:
(fontspec)             <->"[LinLibertine_RBI.otf]/OT:script=latn;language=dflt;
+pnum;+lnum;+smcp;"
(fontspec)             and font adjustment code:
(fontspec)             \tex_hyphenchar:D \font =-1\scan_stop: 


Package fontspec Warning: OpenType feature 'Numbers=Uppercase' (lnum) not
(fontspec)                available for font 'LinBiolinum_RB' with script
(fontspec)                'CustomDefault' and language 'Default'.


Package fontspec Warning: OpenType feature 'Numbers=Uppercase' (lnum) not
(fontspec)                available for font 'LinBiolinum_RB' with script
(fontspec)                'CustomDefault' and language 'Default'.


Package fontspec Info: Font family 'LinBiolinum(3)' created for font
(fontspec)             'LinBiolinum' with options [Extension =
(fontspec)             .otf,HyphenChar=None,Numbers =
(fontspec)             {Monospaced,Lining},Scale = 1,UprightFont =
(fontspec)             *_R,ItalicFont = *_RI,BoldFont = *_RB,BoldItalicFont =
(fontspec)             *_RBO].
(fontspec)              
(fontspec)              This font family consists of the following NFSS
(fontspec)             series/shapes:
(fontspec)              
(fontspec)             - 'normal' (m/n) with NFSS spec.:
(fontspec)             <->s*[1]"[LinBiolinum_R.otf]/OT:script=latn;language=dfl
t;+tnum;+lnum;"
(fontspec)             - 'small caps'  (m/sc) with NFSS spec.:
(fontspec)             <->s*[1]"[LinBiolinum_R.otf]/OT:script=latn;language=dfl
t;+tnum;+lnum;+smcp;"
(fontspec)             and font adjustment code:
(fontspec)             \tex_hyphenchar:D \font =-1\scan_stop: 
(fontspec)             - 'bold' (b/n) with NFSS spec.:
(fontspec)             <->s*[1]"[LinBiolinum_RB.otf]/OT:script=latn;language=df
lt;+tnum;"
(fontspec)             - 'bold small caps'  (b/sc) with NFSS spec.:
(fontspec)             <->s*[1]"[LinBiolinum_RB.otf]/OT:script=latn;language=df
lt;+tnum;+smcp;"
(fontspec)             and font adjustment code:
(fontspec)             \tex_hyphenchar:D \font =-1\scan_stop: 
(fontspec)             - 'italic' (m/it) with NFSS spec.:
(fontspec)             <->s*[1]"[LinBiolinum_RI.otf]/OT:script=latn;language=df
lt;+tnum;+lnum;"
(fontspec)             - 'italic small caps'  (m/scit) with NFSS spec.:
(fontspec)             <->s*[1]"[LinBiolinum_RI.otf]/OT:script=latn;language=df
lt;+tnum;+lnum;+smcp;"
(fontspec)             and font adjustment code:
(fontspec)             \tex_hyphenchar:D \font =-1\scan_stop: 
(fontspec)             - 'bold italic' (b/it) with NFSS spec.:
(fontspec)             <->s*[1]"[LinBiolinum_RBO.otf]/OT:script=latn;language=d
flt;+tnum;+lnum;"
(fontspec)             - 'bold italic small caps'  (b/scit) with NFSS spec.:
(fontspec)             <->s*[1]"[LinBiolinum_RBO.otf]/OT:script=latn;language=d
flt;+tnum;+lnum;+smcp;"
(fontspec)             and font adjustment code:
(fontspec)             \tex_hyphenchar:D \font =-1\scan_stop: 


Package fontspec Warning: OpenType feature 'Numbers=Uppercase' (lnum) not
(fontspec)                available for font 'LinBiolinum_RB' with script
(fontspec)                'CustomDefault' and language 'Default'.


Package fontspec Warning: OpenType feature 'Numbers=Uppercase' (lnum) not
(fontspec)                available for font 'LinBiolinum_RB' with script
(fontspec)                'CustomDefault' and language 'Default'.


Package fontspec Info: Font family 'LinBiolinum(4)' created for font
(fontspec)             'LinBiolinum' with options [Extension =
(fontspec)             .otf,HyphenChar=None,Numbers =
(fontspec)             {Proportional,Lining},Scale = 1,UprightFont =
(fontspec)             *_R,ItalicFont = *_RI,BoldFont = *_RB,BoldItalicFont =
(fontspec)             *_RBO].
(fontspec)              
(fontspec)              This font family consists of the following NFSS
(fontspec)             series/shapes:
(fontspec)              
(fontspec)             - 'normal' (m/n) with NFSS spec.:
(fontspec)             <->s*[1]"[LinBiolinum_R.otf]/OT:script=latn;language=dfl
t;+pnum;+lnum;"
(fontspec)             - 'small caps'  (m/sc) with NFSS spec.:
(fontspec)             <->s*[1]"[LinBiolinum_R.otf]/OT:script=latn;language=dfl
t;+pnum;+lnum;+smcp;"
(fontspec)             and font adjustment code:
(fontspec)             \tex_hyphenchar:D \font =-1\scan_stop: 
(fontspec)             - 'bold' (b/n) with NFSS spec.:
(fontspec)             <->s*[1]"[LinBiolinum_RB.otf]/OT:script=latn;language=df
lt;+pnum;"
(fontspec)             - 'bold small caps'  (b/sc) with NFSS spec.:
(fontspec)             <->s*[1]"[LinBiolinum_RB.otf]/OT:script=latn;language=df
lt;+pnum;+smcp;"
(fontspec)             and font adjustment code:
(fontspec)             \tex_hyphenchar:D \font =-1\scan_stop: 
(fontspec)             - 'italic' (m/it) with NFSS spec.:
(fontspec)             <->s*[1]"[LinBiolinum_RI.otf]/OT:script=latn;language=df
lt;+pnum;+lnum;"
(fontspec)             - 'italic small caps'  (m/scit) with NFSS spec.:
(fontspec)             <->s*[1]"[LinBiolinum_RI.otf]/OT:script=latn;language=df
lt;+pnum;+lnum;+smcp;"
(fontspec)             and font adjustment code:
(fontspec)             \tex_hyphenchar:D \font =-1\scan_stop: 
(fontspec)             - 'bold italic' (b/it) with NFSS spec.:
(fontspec)             <->s*[1]"[LinBiolinum_RBO.otf]/OT:script=latn;language=d
flt;+pnum;+lnum;"
(fontspec)             - 'bold italic small caps'  (b/scit) with NFSS spec.:
(fontspec)             <->s*[1]"[LinBiolinum_RBO.otf]/OT:script=latn;language=d
flt;+pnum;+lnum;+smcp;"
(fontspec)             and font adjustment code:
(fontspec)             \tex_hyphenchar:D \font =-1\scan_stop: 

(/usr/share/texlive/texmf-dist/tex/latex/libertine/LinLibertine_R.tex)
(/usr/share/texlive/texmf-dist/tex/latex/libertine/LinBiolinum_R.tex)
(/usr/share/texlive/texmf-dist/tex/latex/libertine/LinBiolinum_K.tex)
(/usr/share/texlive/texmf-dist/tex/latex/libertine/LinLibertine_I.tex)
(/usr/share/texlive/texmf-dist/tex/latex/libertine/LKey.tex))
(/usr/share/texlive/texmf-dist/tex/latex/pdfpages/pdfpages.sty
Package: pdfpages 2020/01/28 v0.5q Insert pages of external PDF documents (AM)

(/usr/share/texlive/texmf-dist/tex/latex/base/ifthen.sty
Package: ifthen 2014/09/29 v1.1c Standard LaTeX ifthen package (DPC)
)
(/usr/share/texlive/texmf-dist/tex/latex/tools/calc.sty
Package: calc 2017/05/25 v4.3 Infix arithmetic (KKT,FJ)
\calc@Acount=\count280
\calc@Bcount=\count281
\calc@Adimen=\dimen191
\calc@Bdimen=\dimen192
\calc@Askip=\skip49
\calc@Bskip=\skip50
LaTeX Info: Redefining \setlength on input line 80.
LaTeX Info: Redefining \addtolength on input line 81.
\calc@Ccount=\count282
\calc@Cskip=\skip51
)
(/usr/share/texlive/texmf-dist/tex/latex/eso-pic/eso-pic.sty
Package: eso-pic 2018/04/12 v2.0h eso-pic (RN)

(/usr/share/texlive/texmf-dist/tex/generic/atbegshi/atbegshi.sty
Package: atbegshi 2019/12/05 v1.19 At begin shipout hook (HO)

(/usr/share/texlive/texmf-dist/tex/generic/infwarerr/infwarerr.sty
Package: infwarerr 2019/12/03 v1.5 Providing info/warning/error messages (HO)
)
(/usr/share/texlive/texmf-dist/tex/generic/ltxcmds/ltxcmds.sty
Package: ltxcmds 2019/12/15 v1.24 LaTeX kernel commands for general use (HO)
)))
\AM@pagewidth=\dimen193
\AM@pageheight=\dimen194

(/usr/share/texlive/texmf-dist/tex/latex/pdfpages/ppxetex.def
File: ppxetex.def 2020/01/28 v0.5q Pdfpages driver for XeTeX (AM)
)
\AM@pagebox=\box63
\AM@global@opts=\toks34
\AM@pagecnt=\count283
\AM@toc@title=\toks35
\c@AM@survey=\count284
\AM@templatesizebox=\box64
)
(/usr/share/texlive/texmf-dist/tex/latex/velthuis/dev.sty
Package: dev 2008/03/09 v2.15 LaTeX macros for Velthuis Devanagari

(/usr/share/texlive/texmf-dist/tex/latex/velthuis/devanagari.sty
Package: devanagari 2019/03/05 v2.17.1 LaTeX macros for Velthuis Devanagari
\dev@chnum=\count285
\itdim=\dimen195
LaTeX Info: Redefining \dn@commands on input line 238.
\anudep=\dimen196
\anuwid=\dimen197
)
(/usr/share/texlive/texmf-dist/tex/latex/velthuis/dvngcite.sty
Package: dvngcite 2008/03/09 v2.15 Extension for citations in the nagari text

(/usr/share/texlive/texmf-dist/tex/latex/cite/cite.sty
LaTeX Info: Redefining \cite on input line 302.
LaTeX Info: Redefining \nocite on input line 332.
Package: cite 2015/02/27  v 5.5
)

)) (/usr/share/texlive/texmf-dist/tex/latex/fancyhdr/fancyhdr.sty
Package: fancyhdr 2019/01/31 v3.10 Extensive control of page headers and footer
s
\f@nch@headwidth=\skip52
\f@nch@O@elh=\skip53
\f@nch@O@erh=\skip54
\f@nch@O@olh=\skip55
\f@nch@O@orh=\skip56
\f@nch@O@elf=\skip57
\f@nch@O@erf=\skip58
\f@nch@O@olf=\skip59
\f@nch@O@orf=\skip60
)
(/usr/share/texlive/texmf-dist/tex/latex/ledmac/ledmac.sty
Package: ledmac 2016/08/06 v0.19.4 LaTeX port of EDMAC
\@l@dtempcnta=\count286
\@l@dtempcntb=\count287
\section@num=\count288
\l@dnumpstartsL=\count289
\line@margin=\count290
\c@firstlinenum=\count291
\c@linenumincrement=\count292
\c@firstsublinenum=\count293
\c@sublinenumincrement=\count294
\lock@disp=\count295
\sublock@disp=\count296
\linenumsep=\skip61
\@toksa=\toks36
\@toksb=\toks37
\line@num=\count297
\subline@num=\count298
\absline@num=\count299
\@lock=\count300
\sub@lock=\count301
\page@num=\count302
\endpage@num=\count303
\endline@num=\count304
\endsubline@num=\count305
\@inputcheck=\read3
\last@page@num=\count306
\insert@count=\count307
\linenum@out=\write4
\raw@text=\box65
\num@lines=\count308
\one@line=\box66
\par@line=\count309
\c@pstart=\count310
\ballast@count=\count311
\c@ballast=\count312
\mpAfootins=\insert252
\mpBfootins=\insert251
\mpCfootins=\insert250
\mpDfootins=\insert249
\mpEfootins=\insert248
\Afootins=\insert247
\Bfootins=\insert246
\Cfootins=\insert245
\Dfootins=\insert244
\Efootins=\insert243
\ipn@skip=\skip62
LaTeX Font Info:    Font shape `TU/LinLibertine(0)/m/n' will be
(Font)              scaled to size 10.0pt on input line 1481.
Requested font "[LinLibertine_R.otf]/OT:script=latn;language=dflt;+tnum;+lnum;m
apping=tex-text;" at 10.0pt
 -> /usr/share/texlive/texmf-dist/fonts/opentype/public/libertine/LinLibertine_
R.otf
\prevpage@num=\count313
\@k=\count314
\@h=\dimen198
\l@d@end=\write5
\sidenote@margin=\count315
\l@dlp@rbox=\box67
\l@drp@rbox=\box68
\ledlsnotewidth=\dimen199
\ledrsnotewidth=\dimen256
\ledlsnotesep=\dimen257
\ledrsnotesep=\dimen258
\footinsA=\insert242
\c@footnoteA=\count316
\mpfootinsA=\insert241
\c@footnoteB=\count317
\footinsB=\insert240
\mpfootinsB=\insert239
\c@footnoteC=\count318
\footinsC=\insert238
\mpfootinsC=\insert237
\c@labidx=\count319
\@emptytoks=\toks38
\l@denvbody=\toks39
\stanza@count=\count320
\stanzaindentbase=\skip63
\c@stanzaindentsrepetition=\count321
\stanza@modulo=\count322
\l@dampcount=\count323
\l@dcolcount=\count324
\hilfsbox=\box69
\hilfsskip=\skip64
\Hilfsbox=\box70
\hilfscount=\count325
\dcoli=\dimen259
\dcolii=\dimen260
\dcoliii=\dimen261
\dcoliv=\dimen262
\dcolv=\dimen263
\dcolvi=\dimen264
\dcolvii=\dimen265
\dcolviii=\dimen266
\dcolix=\dimen267
\dcolx=\dimen268
\dcolxi=\dimen269
\dcolxii=\dimen270
\dcolxiii=\dimen271
\dcolxiv=\dimen272
\dcolxv=\dimen273
\dcolxvi=\dimen274
\dcolxvii=\dimen275
\dcolxviii=\dimen276
\dcolxix=\dimen277
\dcolxx=\dimen278
\dcolxxi=\dimen279
\dcolxxii=\dimen280
\dcolxxiii=\dimen281
\dcolxxiv=\dimen282
\dcolxxv=\dimen283
\dcolxxvi=\dimen284
\dcolxxvii=\dimen285
\dcolxxviii=\dimen286
\dcolxxix=\dimen287
\dcolxxx=\dimen288
\dcolerr=\dimen289
\@hilfs@count=\count326
\edtabcolsep=\skip65
\edfilldimen=\dimen290
\c@addcolcount=\count327
\HILFSskip=\skip66
\Hilfsskip=\skip67
\tabhilfbox=\box71
\tabHilfbox=\box72
)
(/usr/share/texlive/texmf-dist/tex/generic/babel/babel.sty
Package: babel 2020/02/14 3.40 The Babel package

(/usr/share/texlive/texmf-dist/tex/generic/babel/switch.def
File: switch.def 2020/02/14 3.40 Babel switching mechanism
)
(/usr/share/texlive/texmf-dist/tex/generic/babel-english/english.ldf
Language: english 2017/06/06 v3.3r English support from the babel system

(/usr/share/texlive/texmf-dist/tex/generic/babel/babel.def
File: babel.def 2020/02/14 3.40 Babel common definitions
\babel@savecnt=\count328
\U@D=\dimen291

(/usr/share/texlive/texmf-dist/tex/generic/babel/xebabel.def
(/usr/share/texlive/texmf-dist/tex/generic/babel/txtbabel.def))
\bbl@readstream=\read4
\bbl@dirlevel=\count329
)
Package babel Info: \l@british = using hyphenrules for english
(babel)             (\language0) on input line 82.
Package babel Info: \l@UKenglish = using hyphenrules for english
(babel)             (\language0) on input line 83.
Package babel Info: \l@canadian = using hyphenrules for english
(babel)             (\language0) on input line 102.
Package babel Info: \l@australian = using hyphenrules for english
(babel)             (\language0) on input line 105.
Package babel Info: \l@newzealand = using hyphenrules for english
(babel)             (\language0) on input line 108.
))
(/usr/share/texlive/texmf-dist/tex/latex/pdflscape/pdflscape.sty
Package: pdflscape 2019/12/05 v0.12 Display of landscape pages in PDF (HO)

(/usr/share/texlive/texmf-dist/tex/latex/graphics/lscape.sty
Package: lscape 2000/10/22 v3.01 Landscape Pages (DPC)
)
Package pdflscape Info: Auto-detected driver: dvipdfm (xetex) on input line 98.

)
(/usr/share/texlive/texmf-dist/tex/generic/ulem/ulem.sty
\UL@box=\box73
\UL@hyphenbox=\box74
\UL@skip=\skip68
\UL@hook=\toks40
\UL@height=\dimen292
\UL@pe=\count330
\UL@pixel=\dimen293
\ULC@box=\box75
Requested font "lasy6" scaled 1000
 -> /usr/share/texlive/texmf-dist/fonts/tfm/public/latex-fonts/lasy6.tfm
Package: ulem 2019/11/18
\ULdepth=\dimen294
)
(/usr/share/texlive/texmf-dist/tex/latex/index/index.sty
Package: index 2004/01/20 v4.2beta Improved index support (dmj)
\@indexbox=\insert236
\indexproofstyle=\toks41


LaTeX Warning: Command \markboth  has changed.
               Check if current package is valid.


LaTeX Warning: Command \markright  has changed.
               Check if current package is valid.

) (/usr/share/texlive/texmf-dist/tex/latex/amsmath/amsmath.sty
Package: amsmath 2020/01/20 v2.17e AMS math features
\@mathmargin=\skip69

For additional information on amsmath, use the `?' option.
(/usr/share/texlive/texmf-dist/tex/latex/amsmath/amstext.sty
Package: amstext 2000/06/29 v2.01 AMS text

(/usr/share/texlive/texmf-dist/tex/latex/amsmath/amsgen.sty
File: amsgen.sty 1999/11/30 v2.0 generic functions
\@emptytoks=\toks42
\ex@=\dimen295
))
(/usr/share/texlive/texmf-dist/tex/latex/amsmath/amsbsy.sty
Package: amsbsy 1999/11/29 v1.2d Bold Symbols
\pmbraise@=\dimen296
)
(/usr/share/texlive/texmf-dist/tex/latex/amsmath/amsopn.sty
Package: amsopn 2016/03/08 v2.02 operator names
)
\inf@bad=\count331
LaTeX Info: Redefining \frac on input line 227.
\uproot@=\count332
\leftroot@=\count333
LaTeX Info: Redefining \overline on input line 389.
\classnum@=\count334
\DOTSCASE@=\count335
LaTeX Info: Redefining \ldots on input line 486.
LaTeX Info: Redefining \dots on input line 489.
LaTeX Info: Redefining \cdots on input line 610.
\Mathstrutbox@=\box76
\strutbox@=\box77
\big@size=\dimen297
LaTeX Font Info:    Redeclaring font encoding OML on input line 733.
LaTeX Font Info:    Redeclaring font encoding OMS on input line 734.
\macc@depth=\count336
\c@MaxMatrixCols=\count337
\dotsspace@=\muskip16
\c@parentequation=\count338
\dspbrk@lvl=\count339
\tag@help=\toks43
\row@=\count340
\column@=\count341
\maxfields@=\count342
\andhelp@=\toks44
\eqnshift@=\dimen298
\alignsep@=\dimen299
\tagshift@=\dimen300
\tagwidth@=\dimen301
\totwidth@=\dimen302
\lineht@=\dimen303
\@envbody=\toks45
\multlinegap=\skip70
\multlinetaggap=\skip71
\mathdisplay@stack=\toks46
LaTeX Info: Redefining \[ on input line 2859.
LaTeX Info: Redefining \] on input line 2860.
)
(/usr/share/texlive/texmf-dist/tex/latex/amsfonts/amssymb.sty
Package: amssymb 2013/01/14 v3.01 AMS font symbols

(/usr/share/texlive/texmf-dist/tex/latex/amsfonts/amsfonts.sty
Package: amsfonts 2013/01/14 v3.01 Basic AMSFonts support
\symAMSa=\mathgroup4
\symAMSb=\mathgroup5
LaTeX Font Info:    Redeclaring math symbol \hbar on input line 98.
LaTeX Font Info:    Overwriting math alphabet `\mathfrak' in version `bold'
(Font)                  U/euf/m/n --> U/euf/b/n on input line 106.
))
\fejno=\count343
\versno=\count344
\ajsa=\count345
\innen=\count346
\innenn=\count347
)
\idxtitle@default=\toks47
\tf@default=\write6
\openout6 = `vrsasara_ed_devnag.idx'.

Package index Info: Writing index file vrsasara_ed_devnag.idx on input line 50.


(./vrsasara_ed_devnag.aux)
\openout1 = `vrsasara_ed_devnag.aux'.

LaTeX Font Info:    Checking defaults for OML/cmm/m/it on input line 53.
LaTeX Font Info:    ... okay on input line 53.
LaTeX Font Info:    Checking defaults for OMS/cmsy/m/n on input line 53.
LaTeX Font Info:    ... okay on input line 53.
LaTeX Font Info:    Checking defaults for OT1/cmr/m/n on input line 53.
LaTeX Font Info:    ... okay on input line 53.
LaTeX Font Info:    Checking defaults for T1/cmr/m/n on input line 53.
LaTeX Font Info:    ... okay on input line 53.
LaTeX Font Info:    Checking defaults for TS1/cmr/m/n on input line 53.
LaTeX Font Info:    Trying to load font information for TS1+cmr on input line 5
3.

(/usr/share/texlive/texmf-dist/tex/latex/base/ts1cmr.fd
File: ts1cmr.fd 2019/12/16 v2.5j Standard LaTeX font definitions
)
LaTeX Font Info:    ... okay on input line 53.
LaTeX Font Info:    Checking defaults for TU/lmr/m/n on input line 53.
LaTeX Font Info:    ... okay on input line 53.
LaTeX Font Info:    Checking defaults for OMX/cmex/m/n on input line 53.
LaTeX Font Info:    ... okay on input line 53.
LaTeX Font Info:    Checking defaults for U/dn/m/n on input line 53.
LaTeX Font Info:    Trying to load font information for U+dn on input line 53.

(/usr/share/texlive/texmf-dist/tex/latex/velthuis/udn.fd
File: Udn.fd 2004/08/03 v2.14
)
LaTeX Font Info:    ... okay on input line 53.
LaTeX Font Info:    Checking defaults for T3/cmr/m/n on input line 53.
LaTeX Font Info:    Trying to load font information for T3+cmr on input line 53
.

(/usr/share/texmf/tex/latex/tipa/t3cmr.fd
File: t3cmr.fd 2001/12/31 TIPA font definitions
)
LaTeX Font Info:    ... okay on input line 53.

Package fontspec Info: Adjusting the maths setup (use [no-math] to avoid
(fontspec)             this).

\symlegacymaths=\mathgroup6
LaTeX Font Info:    Overwriting symbol font `legacymaths' in version `bold'
(Font)                  OT1/cmr/m/n --> OT1/cmr/bx/n on input line 53.
LaTeX Font Info:    Redeclaring math accent \acute on input line 53.
LaTeX Font Info:    Redeclaring math accent \grave on input line 53.
LaTeX Font Info:    Redeclaring math accent \ddot on input line 53.
LaTeX Font Info:    Redeclaring math accent \tilde on input line 53.
LaTeX Font Info:    Redeclaring math accent \bar on input line 53.
LaTeX Font Info:    Redeclaring math accent \breve on input line 53.
LaTeX Font Info:    Redeclaring math accent \check on input line 53.
LaTeX Font Info:    Redeclaring math accent \hat on input line 53.
LaTeX Font Info:    Redeclaring math accent \dot on input line 53.
LaTeX Font Info:    Redeclaring math accent \mathring on input line 53.
LaTeX Font Info:    Redeclaring math symbol \Gamma on input line 53.
LaTeX Font Info:    Redeclaring math symbol \Delta on input line 53.
LaTeX Font Info:    Redeclaring math symbol \Theta on input line 53.
LaTeX Font Info:    Redeclaring math symbol \Lambda on input line 53.
LaTeX Font Info:    Redeclaring math symbol \Xi on input line 53.
LaTeX Font Info:    Redeclaring math symbol \Pi on input line 53.
LaTeX Font Info:    Redeclaring math symbol \Sigma on input line 53.
LaTeX Font Info:    Redeclaring math symbol \Upsilon on input line 53.
LaTeX Font Info:    Redeclaring math symbol \Phi on input line 53.
LaTeX Font Info:    Redeclaring math symbol \Psi on input line 53.
LaTeX Font Info:    Redeclaring math symbol \Omega on input line 53.
LaTeX Font Info:    Redeclaring math symbol \mathdollar on input line 53.
LaTeX Font Info:    Redeclaring symbol font `operators' on input line 53.
LaTeX Font Info:    Encoding `OT1' has changed to `TU' for symbol font
(Font)              `operators' in the math version `normal' on input line 53.
LaTeX Font Info:    Overwriting symbol font `operators' in version `normal'
(Font)                  OT1/cmr/m/n --> TU/LinLibertine(0)/m/n on input line 53
.
LaTeX Font Info:    Encoding `OT1' has changed to `TU' for symbol font
(Font)              `operators' in the math version `bold' on input line 53.
LaTeX Font Info:    Overwriting symbol font `operators' in version `bold'
(Font)                  OT1/cmr/bx/n --> TU/LinLibertine(0)/m/n on input line 5
3.
LaTeX Font Info:    Overwriting symbol font `operators' in version `normal'
(Font)                  TU/LinLibertine(0)/m/n --> TU/LinLibertine(0)/m/n on in
put line 53.
LaTeX Font Info:    Overwriting math alphabet `\mathit' in version `normal'
(Font)                  OT1/cmr/m/it --> TU/LinLibertine(0)/m/it on input line 
53.
LaTeX Font Info:    Overwriting math alphabet `\mathbf' in version `normal'
(Font)                  OT1/cmr/bx/n --> TU/LinLibertine(0)/b/n on input line 5
3.
LaTeX Font Info:    Overwriting math alphabet `\mathsf' in version `normal'
(Font)                  OT1/cmss/m/n --> TU/LinBiolinum(0)/m/n on input line 53
.
LaTeX Font Info:    Overwriting math alphabet `\mathtt' in version `normal'
(Font)                  OT1/cmtt/m/n --> TU/LinLibertine(5)/m/n on input line 5
3.
LaTeX Font Info:    Overwriting symbol font `operators' in version `bold'
(Font)                  TU/LinLibertine(0)/m/n --> TU/LinLibertine(0)/b/n on in
put line 53.
LaTeX Font Info:    Overwriting math alphabet `\mathit' in version `bold'
(Font)                  OT1/cmr/bx/it --> TU/LinLibertine(0)/b/it on input line
 53.
LaTeX Font Info:    Overwriting math alphabet `\mathsf' in version `bold'
(Font)                  OT1/cmss/bx/n --> TU/LinBiolinum(0)/b/n on input line 5
3.
LaTeX Font Info:    Overwriting math alphabet `\mathtt' in version `bold'
(Font)                  OT1/cmtt/m/n --> TU/LinLibertine(5)/b/n on input line 5
3.

ABD: EveryShipout initializing macros
\AtBeginShipoutBox=\box78
LaTeX Font Info:    Font shape `TU/LinLibertine(0)/m/sc' will be
(Font)              scaled to size 12.0pt on input line 66.
Requested font "[LinLibertine_R.otf]/OT:script=latn;language=dflt;+tnum;+lnum;+
smcp;mapping=tex-text;" at 12.0pt
 -> /usr/share/texlive/texmf-dist/fonts/opentype/public/libertine/LinLibertine_
R.otf
LaTeX Font Info:    Font shape `TU/LinLibertine(0)/m/sc' will be
(Font)              scaled to size 17.28pt on input line 66.
Requested font "[LinLibertine_R.otf]/OT:script=latn;language=dflt;+tnum;+lnum;+
smcp;mapping=tex-text;" at 17.28pt
 -> /usr/share/texlive/texmf-dist/fonts/opentype/public/libertine/LinLibertine_
R.otf
LaTeX Font Info:    Font shape `TU/LinLibertine(0)/m/n' will be
(Font)              scaled to size 14.4pt on input line 70.
Requested font "[LinLibertine_R.otf]/OT:script=latn;language=dflt;+tnum;+lnum;m
apping=tex-text;" at 14.4pt
 -> /usr/share/texlive/texmf-dist/fonts/opentype/public/libertine/LinLibertine_
R.otf
 [1

]
Requested font "dvng10" at 12.0pt
 -> /usr/share/texlive/texmf-dist/fonts/tfm/public/velthuis/dvng10.tfm
 [2

]
LaTeX Font Info:    Font shape `TU/LinLibertine(0)/m/n' will be
(Font)              scaled to size 24.88pt on input line 95.
Requested font "[LinLibertine_R.otf]/OT:script=latn;language=dflt;+tnum;+lnum;m
apping=tex-text;" at 24.88pt
 -> /usr/share/texlive/texmf-dist/fonts/opentype/public/libertine/LinLibertine_
R.otf
LaTeX Font Info:    Font shape `TU/LinLibertine(0)/b/n' will be
(Font)              scaled to size 24.88pt on input line 95.
Requested font "[LinLibertine_RB.otf]/OT:script=latn;language=dflt;+tnum;+lnum;
mapping=tex-text;" at 24.88pt
 -> /usr/share/texlive/texmf-dist/fonts/opentype/public/libertine/LinLibertine_
RB.otf
Requested font "cmr12" at 12.0pt
 -> /usr/share/texlive/texmf-dist/fonts/tfm/public/cm/cmr12.tfm
 (./vrsasara_ed_devnag.toc
Requested font "dvng10" at 17.28pt
 -> /usr/share/texlive/texmf-dist/fonts/tfm/public/velthuis/dvng10.tfm
LaTeX Font Info:    Font shape `TU/LinLibertine(0)/m/n' will be
(Font)              scaled to size 8.0pt on input line 2.
Requested font "[LinLibertine_R.otf]/OT:script=latn;language=dflt;+tnum;+lnum;m
apping=tex-text;" at 8.0pt
 -> /usr/share/texlive/texmf-dist/fonts/opentype/public/libertine/LinLibertine_
R.otf
LaTeX Font Info:    Font shape `TU/LinLibertine(0)/m/n' will be
(Font)              scaled to size 6.0pt on input line 2.
Requested font "[LinLibertine_R.otf]/OT:script=latn;language=dflt;+tnum;+lnum;m
apping=tex-text;" at 6.0pt
 -> /usr/share/texlive/texmf-dist/fonts/opentype/public/libertine/LinLibertine_
R.otf
Requested font "cmmi12" at 12.0pt
 -> /usr/share/texlive/texmf-dist/fonts/tfm/public/cm/cmmi12.tfm
Requested font "cmmi8" at 8.0pt
 -> /usr/share/texlive/texmf-dist/fonts/tfm/public/cm/cmmi8.tfm
Requested font "cmmi6" at 6.0pt
 -> /usr/share/texlive/texmf-dist/fonts/tfm/public/cm/cmmi6.tfm
Requested font "cmsy10" at 12.0pt
 -> /usr/share/texlive/texmf-dist/fonts/tfm/public/cm/cmsy10.tfm
Requested font "cmsy8" at 8.0pt
 -> /usr/share/texlive/texmf-dist/fonts/tfm/public/cm/cmsy8.tfm
Requested font "cmsy6" at 6.0pt
 -> /usr/share/texlive/texmf-dist/fonts/tfm/public/cm/cmsy6.tfm
Requested font "cmex10" at 12.0pt
 -> /usr/share/texlive/texmf-dist/fonts/tfm/public/cm/cmex10.tfm
Requested font "cmex8" at 8.0pt
 -> /usr/share/texlive/texmf-dist/fonts/tfm/public/amsfonts/cmextra/cmex8.tfm
Requested font "cmex7" at 6.0pt
 -> /usr/share/texlive/texmf-dist/fonts/tfm/public/amsfonts/cmextra/cmex7.tfm
LaTeX Font Info:    Trying to load font information for U+msa on input line 2.

(/usr/share/texlive/texmf-dist/tex/latex/amsfonts/umsa.fd
File: umsa.fd 2013/01/14 v3.01 AMS symbols A
)
Requested font "msam10" at 12.0pt
 -> /usr/share/texlive/texmf-dist/fonts/tfm/public/amsfonts/symbols/msam10.tfm
Requested font "msam10" at 8.0pt
 -> /usr/share/texlive/texmf-dist/fonts/tfm/public/amsfonts/symbols/msam10.tfm
Requested font "msam7" at 6.0pt
 -> /usr/share/texlive/texmf-dist/fonts/tfm/public/amsfonts/symbols/msam7.tfm
LaTeX Font Info:    Trying to load font information for U+msb on input line 2.

(/usr/share/texlive/texmf-dist/tex/latex/amsfonts/umsb.fd
File: umsb.fd 2013/01/14 v3.01 AMS symbols B
)
Requested font "msbm10" at 12.0pt
 -> /usr/share/texlive/texmf-dist/fonts/tfm/public/amsfonts/symbols/msbm10.tfm
Requested font "msbm10" at 8.0pt
 -> /usr/share/texlive/texmf-dist/fonts/tfm/public/amsfonts/symbols/msbm10.tfm
Requested font "msbm7" at 6.0pt
 -> /usr/share/texlive/texmf-dist/fonts/tfm/public/amsfonts/symbols/msbm7.tfm
Requested font "cmr8" at 8.0pt
 -> /usr/share/texlive/texmf-dist/fonts/tfm/public/cm/cmr8.tfm
Requested font "cmr6" at 6.0pt
 -> /usr/share/texlive/texmf-dist/fonts/tfm/public/cm/cmr6.tfm
)
\tf@toc=\write7
\openout7 = `vrsasara_ed_devnag.toc'.

 [3]
(/home/csaba/indology/dharma_project/vrsa_edition/vrsasara_input_devnag.tex
Requested font "dvng10" at 24.88pt
 -> /usr/share/texlive/texmf-dist/fonts/tfm/public/velthuis/dvng10.tfm

Section 1 (./vrsasara_ed_devnag.1

Package ledmac Warning: \advanceline produced a line number less than zero. on 
input line 5.

)
\openout4 = `vrsasara_ed_devnag.1'.

\openout5 = `vrsasara_ed_devnag.end'.

LaTeX Font Info:    Font shape `TU/LinLibertine(0)/b/n' will be
(Font)              scaled to size 12.0pt on input line 237.
Requested font "[LinLibertine_RB.otf]/OT:script=latn;language=dflt;+tnum;+lnum;
mapping=tex-text;" at 12.0pt
 -> /usr/share/texlive/texmf-dist/fonts/opentype/public/libertine/LinLibertine_
RB.otf
LaTeX Font Info:    Font shape `TU/LinLibertine(0)/m/n' will be
(Font)              scaled to size 17.28pt on input line 237.
Requested font "[LinLibertine_R.otf]/OT:script=latn;language=dflt;+tnum;+lnum;m
apping=tex-text;" at 17.28pt
 -> /usr/share/texlive/texmf-dist/fonts/opentype/public/libertine/LinLibertine_
R.otf


LaTeX Font Warning: Font shape `U/dn/b/n' undefined
(Font)              using `U/dn/m/n' instead on input line 237.

)
\pstartline=\count348
Requested font "dvng10" at 10.0pt
 -> /usr/share/texlive/texmf-dist/fonts/tfm/public/velthuis/dvng10.tfm
LaTeX Font Info:    Font shape `TU/LinLibertine(0)/b/n' will be
(Font)              scaled to size 10.0pt on input line 108.
Requested font "[LinLibertine_RB.otf]/OT:script=latn;language=dflt;+tnum;+lnum;
mapping=tex-text;" at 10.0pt
 -> /usr/share/texlive/texmf-dist/fonts/opentype/public/libertine/LinLibertine_
RB.otf
LaTeX Font Info:    Font shape `TU/LinLibertine(0)/m/n' will be
(Font)              scaled to size 7.0pt on input line 108.
Requested font "[LinLibertine_R.otf]/OT:script=latn;language=dflt;+tnum;+lnum;m
apping=tex-text;" at 7.0pt
 -> /usr/share/texlive/texmf-dist/fonts/opentype/public/libertine/LinLibertine_
R.otf
LaTeX Font Info:    Font shape `TU/LinLibertine(0)/m/n' will be
(Font)              scaled to size 5.0pt on input line 108.
Requested font "[LinLibertine_R.otf]/OT:script=latn;language=dflt;+tnum;+lnum;m
apping=tex-text;" at 5.0pt
 -> /usr/share/texlive/texmf-dist/fonts/opentype/public/libertine/LinLibertine_
R.otf
Requested font "cmex7" at 7.0pt
 -> /usr/share/texlive/texmf-dist/fonts/tfm/public/amsfonts/cmextra/cmex7.tfm
Requested font "cmex7" at 5.0pt
 -> /usr/share/texlive/texmf-dist/fonts/tfm/public/amsfonts/cmextra/cmex7.tfm
Requested font "msam10" at 10.0pt
 -> /usr/share/texlive/texmf-dist/fonts/tfm/public/amsfonts/symbols/msam10.tfm
Requested font "msam7" at 7.0pt
 -> /usr/share/texlive/texmf-dist/fonts/tfm/public/amsfonts/symbols/msam7.tfm
Requested font "msam5" at 5.0pt
 -> /usr/share/texlive/texmf-dist/fonts/tfm/public/amsfonts/symbols/msam5.tfm
Requested font "msbm10" at 10.0pt
 -> /usr/share/texlive/texmf-dist/fonts/tfm/public/amsfonts/symbols/msbm10.tfm
Requested font "msbm7" at 7.0pt
 -> /usr/share/texlive/texmf-dist/fonts/tfm/public/amsfonts/symbols/msbm7.tfm
Requested font "msbm5" at 5.0pt
 -> /usr/share/texlive/texmf-dist/fonts/tfm/public/amsfonts/symbols/msbm5.tfm

Overfull \vbox (1.60732pt too high) has occurred while \output is active []


[4] [5]
ledmac reminder: 
 The number of footnotes in this section has changed since the last run.
 You will need to run LaTeX two more times before the footnote placement
 and line numbering in this section are correct.
[6] (./vrsasara_ed_devnag.aux)

LaTeX Font Warning: Some font shapes were not available, defaults substituted.

 ) 
Here is how much of TeX's memory you used:
 32203 strings out of 481320
 656520 string characters out of 5924377
 887535 words of memory out of 5000000
 48769 multiletter control sequences out of 15000+600000
 541470 words of font info for 105 fonts, out of 8000000 for 9000
 264 hyphenation exceptions out of 8191
 68i,12n,114p,541b,750s stack positions out of 5000i,500n,10000p,200000b,80000s

Output written on vrsasara_ed_devnag.pdf (6 pages).
