This is pdfTeX, Version 3.14159265-2.6-1.40.20 (TeX Live 2019/Debian) (preloaded format=pdflatex 2020.12.14)  26 OCT 2021 21:19
entering extended mode
 restricted \write18 enabled.
 %&-line parsing enabled.
**vss_01_11_notes.tex
(./vss_01_11_notes.tex
LaTeX2e <2020-02-02> patch level 2
L3 programming layer <2020-02-14>
(/usr/share/texlive/texmf-dist/tex/latex/base/article.cls
Document Class: article 2019/12/20 v1.4l Standard LaTeX document class
(/usr/share/texlive/texmf-dist/tex/latex/base/size10.clo
File: size10.clo 2019/12/20 v1.4l Standard LaTeX file (size option)
)
\c@part=\count167
\c@section=\count168
\c@subsection=\count169
\c@subsubsection=\count170
\c@paragraph=\count171
\c@subparagraph=\count172
\c@figure=\count173
\c@table=\count174
\abovecaptionskip=\skip47
\belowcaptionskip=\skip48
\bibindent=\dimen134
)
(/usr/share/texlive/texmf-dist/tex/latex/inputenx/inputenx.sty
Package: inputenx 2019/11/29 v1.12 Enhanced input encoding handling (HO)

(/usr/share/texlive/texmf-dist/tex/latex/inputenx/ix-alias.def
File: ix-alias.def 2019/11/29 v1.12 Alias list (inputenx)
)
Package inputenx Info: Encoding name: utf8x
(inputenx)             Encoding file: utf8x.def
(inputenx)              on input line 175.

(/usr/share/texlive/texmf-dist/tex/latex/base/inputenc.sty
Package: inputenc 2018/08/11 v1.3c Input encoding file
\inpenc@prehook=\toks14
\inpenc@posthook=\toks15
)
(/usr/share/texlive/texmf-dist/tex/latex/ucs/utf8x.def
File: utf8x.def 2004/10/17 UCS: Input encoding UTF-8
))
(/usr/share/texlive/texmf-dist/tex/latex/ucs/ucs.sty
Package: ucs 2013/05/11 v2.2 UCS: Unicode input support

(/usr/share/texlive/texmf-dist/tex/latex/ucs/data/uni-global.def
File: uni-global.def 2013/05/13 UCS: Unicode global data
)
\uc@secondtry=\count175
\uc@combtoks=\toks16
\uc@combtoksb=\toks17
\uc@temptokena=\toks18
)
(/usr/share/texlive/texmf-dist/tex/latex/l3backend/l3backend-pdfmode.def
File: l3backend-pdfmode.def 2020-02-03 L3 backend support: PDF mode
\l__kernel_color_stack_int=\count176
\l__pdf_internal_box=\box45
)
(./vss_01_11_notes.aux)
\openout1 = `vss_01_11_notes.aux'.

LaTeX Font Info:    Checking defaults for OML/cmm/m/it on input line 18.
LaTeX Font Info:    ... okay on input line 18.
LaTeX Font Info:    Checking defaults for OMS/cmsy/m/n on input line 18.
LaTeX Font Info:    ... okay on input line 18.
LaTeX Font Info:    Checking defaults for OT1/cmr/m/n on input line 18.
LaTeX Font Info:    ... okay on input line 18.
LaTeX Font Info:    Checking defaults for T1/cmr/m/n on input line 18.
LaTeX Font Info:    ... okay on input line 18.
LaTeX Font Info:    Checking defaults for TS1/cmr/m/n on input line 18.
LaTeX Font Info:    ... okay on input line 18.
LaTeX Font Info:    Checking defaults for OMX/cmex/m/n on input line 18.
LaTeX Font Info:    ... okay on input line 18.
LaTeX Font Info:    Checking defaults for U/cmr/m/n on input line 18.
LaTeX Font Info:    ... okay on input line 18.

(/usr/share/texlive/texmf-dist/tex/latex/ucs/ucsencs.def
File: ucsencs.def 2011/01/21 Fixes to fontencodings LGR, T3
)
(/usr/share/texlive/texmf-dist/tex/latex/ucs/data/uni-1.def
File: uni-1.def 2013/05/13 UCS: Unicode data U+0100..U+01FF
)
(/usr/share/texlive/texmf-dist/tex/latex/ucs/data/uni-30.def
File: uni-30.def 2013/05/13 UCS: Unicode data U+1E00..U+1EFF
)
(/usr/share/texlive/texmf-dist/tex/latex/ucs/data/uni-0.def
File: uni-0.def 2013/05/13 UCS: Unicode data U+0000..U+00FF
)
LaTeX Font Info:    External font `cmex10' loaded for size
(Font)              <7> on input line 24.
LaTeX Font Info:    External font `cmex10' loaded for size
(Font)              <5> on input line 24.

Overfull \hbox (2.87915pt too wide) in paragraph at lines 24--25
\OT1/cmr/m/n/10 re-cited the Mah^^Vabh^^Varata at the snake sac-ri-fice of Jana
me-jaya. CHECK SOURCE 
 []

[1

{/var/lib/texmf/fonts/map/pdftex/updmap/pdftex.map}] [2]
Underfull \hbox (badness 10000) in paragraph at lines 60--61

 []


Overfull \hbox (1.92242pt too wide) in paragraph at lines 60--61
\OT1/cmr/m/n/10 The name \OT1/cmr/m/it/10 harmyad-vata \OT1/cmr/m/n/10 is prob-
a-bly a vari-ant or a cor-rupted form of \OT1/cmr/m/it/10 harmy^^Vatman\OT1/cmr
/m/n/10 ,
 []

[3] [4]
Overfull \hbox (46.79306pt too wide) in paragraph at lines 84--85
\OT1/cmr/m/it/10 bh^^Vavya ity e[]a dh^^Vatur vai bh^^Vavye k^^Vale vibh^^Vavya
te\OT1/cmr/m/n/10 ; V^^Vayupur^^Va[]a 3.19cd (= Brahm^^Va[][]apur^^Va[]a
 []

[5] [6]
Overfull \hbox (2.02817pt too wide) in paragraph at lines 118--119
[]\OT1/cmr/bx/n/10 3.34: \OT1/cmr/m/n/10 See Ut-tarot-tara chap-ter two for a s
im-i-lar sec-tion on meat-consumption.
 []


Overfull \hbox (14.62558pt too wide) in paragraph at lines 120--121
\OT1/cmr/m/it/10 k^^Varya[] ko[]ihomas tath^^Va ^^Ss[][]u $\OMS/cmsy/m/n/10 jj$
 \OT1/cmr/m/it/10 k[]tv^^Va ku[][]a^^Ssata[] divya[] yathokta[] hastasa[]mitam
 []

[7]
Overfull \hbox (8.01582pt too wide) in paragraph at lines 132--133
[]\OT1/cmr/bx/n/10 4.12: \OT1/cmr/m/it/10 P^^Vada \OT1/cmr/m/n/10 b, \OT1/cmr/m
/it/10 samayena priyavrata[]\OT1/cmr/m/n/10 , prob-a-bly stand for \OT1/cmr/m/i
t/10 samayena priyavrata-
 []


Overfull \hbox (111.75145pt too wide) in paragraph at lines 132--133
\OT1/cmr/m/it/10 ard-henaiva prat-a-p-aty ard-hen^^Vavacch^^Vadayati, tad^^Va h
i [priyavrata[]] bha-gavadup^^Vasanopacit^^Vatipuru[]aprabh^^Vavas
 []


Overfull \hbox (13.03114pt too wide) in paragraph at lines 132--133
\OT1/cmr/m/it/10 tad an-ab-hi-nan-dan sama-javena ra-thena jy-otir-mayena ra-ja
n^^V^^Pm api dina[] kari[]y^^Vam^^V^^Pti
 []


Overfull \hbox (98.86374pt too wide) in paragraph at lines 132--133
\OT1/cmr/m/it/10 saptak[]tvas tara[]im anu-paryakr^^Vamad dvit^^V^^Pya iva pata
_nga[]$\OMS/cmsy/m/n/10 j$\OT1/cmr/m/it/10 ye v^^Va u ha tadrathacara[]anemik[]
taparikh^^Vat^^Vas
 []


Overfull \hbox (36.79288pt too wide) in paragraph at lines 132--133
\OT1/cmr/m/n/10 V^^Vamanapur^^Va[]a 65.66: \OT1/cmr/m/it/10 eva[] pur^^Va cakra
dhare[]a vi[][]un^^Va bad-dho balir v^^Vamanar^^Vupadh^^Vari[]^^Va
 []

[8] [9]
Overfull \hbox (1.02646pt too wide) in paragraph at lines 138--139
\OT1/cmr/m/n/10 Understand \OT1/cmr/m/it/10 pr^^Vapta[]^^Ss^^Vasana t^^V^^Pvras
ahyavi[]ama[] \OT1/cmr/m/n/10 in p^^Vada c as \OT1/cmr/m/it/10 pr^^Vapta^^Ss^^V
asanas t^^V^^Pvram
 []


Overfull \hbox (8.6157pt too wide) in paragraph at lines 138--139
\OT1/cmr/m/it/10 asahya[] ca vi[]ama[] pr^^Vapnoti\OT1/cmr/m/n/10 . Al-ter-na-t
ively, un-der-stand \OT1/cmr/m/it/10 t^^V^^Pvrasahya\TS1/cmr/m/it/10 ° \OT1/cmr
/m/n/10 as \OT1/cmr/m/it/10 du[]sahya\TS1/cmr/m/it/10 °
 []


Underfull \hbox (badness 10000) in paragraph at lines 142--143

 []

[10] [11] [12] [13]
Overfull \hbox (51.20299pt too wide) in paragraph at lines 154--155
\OT1/cmr/m/it/10 ath^^Vato bhojy^^Vabhojya[] ca var[]ayi[]y^^Vama[]$\OMS/cmsy/m
/n/10 j$\OT1/cmr/m/it/10 cikitsaka-m[]gayu-pu[]^^Sscal^^V^^P-[]a[][]ika-sten^^V
abhi^^Ssastar-
 []


Overfull \hbox (12.10326pt too wide) in paragraph at lines 154--155
[]\OT1/cmr/m/it/10 a[][]ha-patit^^Van^^Vam an-nam abhojyam$\OMS/cmsy/m/n/10 j$\
OT1/cmr/m/it/10 kadarya-d^^V^^Pk[]ita-baddh^^Vatura-somavikrayi-tak[]a-
 []

[14]
Overfull \hbox (5.74449pt too wide) in paragraph at lines 172--175
\OT1/cmr/m/n/10 phe-nomenon of `muta cum liq-uida', one of the hall-marks of th
e \OT1/cmr/m/it/10 V[][]as^^Varasa[]graha\OT1/cmr/m/n/10 ,
 []


Overfull \hbox (6.77505pt too wide) in paragraph at lines 176--177
\OT1/cmr/m/it/10 ava^^Sse[]ayet| \OT1/cmr/m/n/10 and Sanny^^Vasopani[]ad 59: \O
T1/cmr/m/it/10 ^^Vah^^Varasya ca bh^^Vagau dvau t[]t^^V^^Pyam udakasya
 []

[15] (/usr/share/texlive/texmf-dist/tex/latex/ucs/data/uni-32.def
File: uni-32.def 2013/05/13 UCS: Unicode data U+2000..U+20FF
) [16]
[17] [18] [19]
Underfull \hbox (badness 10000) in paragraph at lines 266--267

 []

[20]
Overfull \hbox (1.96346pt too wide) in paragraph at lines 278--279
[]\OT1/cmr/bx/n/10 11.22: \OT1/cmr/m/n/10 On the gu[]^^Vat^^V^^Pta state of min
d, see 9.39--43. Un-der-stand gu[]^^Vat^^V^^Ptatva[]
 []

[21] (./vss_01_11_notes.aux) ) 
Here is how much of TeX's memory you used:
 2614 strings out of 482575
 32787 string characters out of 5952987
 281789 words of memory out of 5000000
 17837 multiletter control sequences out of 15000+600000
 534063 words of font info for 29 fonts, out of 8000000 for 9000
 309 hyphenation exceptions out of 8191
 25i,4n,25p,5349b,504s stack positions out of 5000i,500n,10000p,200000b,80000s
{/usr/share/texmf/fonts/enc/dvips/cm-super/cm-sup
er-ts1.enc}</usr/share/texlive/texmf-dist/fonts/type1/public/amsfonts/cm/cmbx10
.pfb></usr/share/texlive/texmf-dist/fonts/type1/public/amsfonts/cm/cmbxti10.pfb
></usr/share/texlive/texmf-dist/fonts/type1/public/amsfonts/cm/cmr10.pfb></usr/
share/texlive/texmf-dist/fonts/type1/public/amsfonts/cm/cmsy10.pfb></usr/share/
texlive/texmf-dist/fonts/type1/public/amsfonts/cm/cmti10.pfb></usr/share/texmf/
fonts/type1/public/cm-super/sfrm1000.pfb></usr/share/texmf/fonts/type1/public/c
m-super/sfti1000.pfb>
Output written on vss_01_11_notes.pdf (21 pages, 161257 bytes).
PDF statistics:
 101 PDF objects out of 1000 (max. 8388607)
 70 compressed objects within 1 object stream
 0 named destinations out of 1000 (max. 500000)
 1 words of extra memory for PDF output out of 10000 (max. 10000000)

