This is XeTeX, Version 3.14159265-2.6-0.999991 (TeX Live 2019/Debian) (preloaded format=xelatex 2021.12.28)  29 MAY 2022 21:51
entering extended mode
 restricted \write18 enabled.
 %&-line parsing enabled.
**leaf.tex
(./leaf.tex
LaTeX2e <2020-02-02> patch level 2
L3 programming layer <2020-02-14>
(/usr/share/texlive/texmf-dist/tex/latex/base/book.cls
Document Class: book 2019/12/20 v1.4l Standard LaTeX document class
(/usr/share/texlive/texmf-dist/tex/latex/base/bk11.clo
File: bk11.clo 2019/12/20 v1.4l Standard LaTeX file (size option)
)
\c@part=\count163
\c@chapter=\count164
\c@section=\count165
\c@subsection=\count166
\c@subsubsection=\count167
\c@paragraph=\count168
\c@subparagraph=\count169
\c@figure=\count170
\c@table=\count171
\abovecaptionskip=\skip47
\belowcaptionskip=\skip48
\bibindent=\dimen134
)
(/usr/share/texlive/texmf-dist/tex/latex/fontspec/fontspec.sty
(/usr/share/texlive/texmf-dist/tex/latex/l3packages/xparse/xparse.sty
(/usr/share/texlive/texmf-dist/tex/latex/l3kernel/expl3.sty
Package: expl3 2020-02-14 L3 programming layer (loader) 

(/usr/share/texlive/texmf-dist/tex/latex/l3backend/l3backend-xdvipdfmx.def
File: l3backend-xdvipdfmx.def 2020-02-03 L3 backend support: xdvipdfmx
\g__graphics_track_int=\count172
\l__pdf_internal_box=\box45
\g__pdf_backend_object_int=\count173
\g__pdf_backend_annotation_int=\count174
))
Package: xparse 2020-02-14 L3 Experimental document command parser
\l__xparse_current_arg_int=\count175
\g__xparse_grabber_int=\count176
\l__xparse_m_args_int=\count177
\l__xparse_v_nesting_int=\count178
)
Package: fontspec 2020/02/03 v2.7h Font selection for XeLaTeX and LuaLaTeX

(/usr/share/texlive/texmf-dist/tex/latex/fontspec/fontspec-xetex.sty
Package: fontspec-xetex 2020/02/03 v2.7h Font selection for XeLaTeX and LuaLaTe
X
\l__fontspec_script_int=\count179
\l__fontspec_language_int=\count180
\l__fontspec_strnum_int=\count181
\l__fontspec_tmp_int=\count182
\l__fontspec_tmpa_int=\count183
\l__fontspec_tmpb_int=\count184
\l__fontspec_tmpc_int=\count185
\l__fontspec_em_int=\count186
\l__fontspec_emdef_int=\count187
\l__fontspec_strong_int=\count188
\l__fontspec_strongdef_int=\count189
\l__fontspec_tmpa_dim=\dimen135
\l__fontspec_tmpb_dim=\dimen136
\l__fontspec_tmpc_dim=\dimen137

(/usr/share/texlive/texmf-dist/tex/latex/base/fontenc.sty
Package: fontenc 2020/02/11 v2.0o Standard LaTeX package
)
(/usr/share/texlive/texmf-dist/tex/latex/fontspec/fontspec.cfg)))
(/usr/share/texlive/texmf-dist/tex/xelatex/xunicode/xunicode.sty
File: xunicode.sty 2011/09/09 v0.981 provides access to latin accents and many 
other characters in Unicode lower plane

(/usr/share/texmf/tex/latex/tipa/t3enc.def
File: t3enc.def 2001/12/31 T3 encoding
)
\tipaTiiicode=\count190
\tipasavetokens=\toks14
\tipachecktokens=\toks15

(/usr/share/texlive/texmf-dist/tex/latex/graphics/graphicx.sty
Package: graphicx 2019/11/30 v1.2a Enhanced LaTeX Graphics (DPC,SPQR)

(/usr/share/texlive/texmf-dist/tex/latex/graphics/keyval.sty
Package: keyval 2014/10/28 v1.15 key=value parser (DPC)
\KV@toks@=\toks16
)
(/usr/share/texlive/texmf-dist/tex/latex/graphics/graphics.sty
Package: graphics 2019/11/30 v1.4a Standard LaTeX Graphics (DPC,SPQR)

(/usr/share/texlive/texmf-dist/tex/latex/graphics/trig.sty
Package: trig 2016/01/03 v1.10 sin cos tan (DPC)
)
(/usr/share/texlive/texmf-dist/tex/latex/graphics-cfg/graphics.cfg
File: graphics.cfg 2016/06/04 v1.11 sample graphics configuration
)
Package graphics Info: Driver file: xetex.def on input line 105.

(/usr/share/texlive/texmf-dist/tex/latex/graphics-def/xetex.def
File: xetex.def 2017/06/24 v5.0h Graphics/color driver for xetex
))
\Gin@req@height=\dimen138
\Gin@req@width=\dimen139
))
(/usr/share/texlive/texmf-dist/tex/latex/polyglossia/polyglossia.sty
Package: polyglossia 2020/01/29 v1.47 Modern multilingual typesetting with XeLa
TeX and LuaLaTeX

(/usr/share/texlive/texmf-dist/tex/latex/etoolbox/etoolbox.sty
Package: etoolbox 2019/09/21 v2.5h e-TeX tools for LaTeX (JAW)
\etb@tempcnta=\count191
)
(/usr/share/texlive/texmf-dist/tex/latex/makecmds/makecmds.sty
Package: makecmds 2009/09/03 v1.0a extra command making commands
)
(/usr/share/texlive/texmf-dist/tex/latex/xkeyval/xkeyval.sty
Package: xkeyval 2014/12/03 v2.7a package option processing (HA)

(/usr/share/texlive/texmf-dist/tex/generic/xkeyval/xkeyval.tex
(/usr/share/texlive/texmf-dist/tex/generic/xkeyval/xkvutils.tex
\XKV@toks=\toks17
\XKV@tempa@toks=\toks18
)
\XKV@depth=\count192
File: xkeyval.tex 2014/12/03 v2.7a key=value parser (HA)
))
(/usr/share/texlive/texmf-dist/tex/generic/iftex/ifluatex.sty
Package: ifluatex 2019/10/25 v1.5 ifluatex legacy package. Use iftex instead.

(/usr/share/texlive/texmf-dist/tex/generic/iftex/iftex.sty
Package: iftex 2019/11/07 v1.0c TeX engine tests
))
(/usr/share/texlive/texmf-dist/tex/generic/iftex/ifxetex.sty
Package: ifxetex 2019/10/25 v0.7 ifxetex legacy package. Use iftex instead.
)
(/usr/share/texlive/texmf-dist/tex/latex/l3packages/l3keys2e/l3keys2e.sty
Package: l3keys2e 2020-02-14 LaTeX2e option processing using LaTeX3 keys
)
(/usr/share/texlive/texmf-dist/tex/latex/filehook/filehook.sty
Package: filehook 2020/02/03 v0.7 Hooks for input files
)
\xpg@normalclass=\XeTeXcharclass1

(/usr/share/texlive/texmf-dist/tex/latex/polyglossia/gloss-latex.ldf
File: gloss-latex.ldf polyglossia: module for default language
The property list \polyglossia@langsetup contains the pairs (without outer
braces):
>  {latex/script}  =>  {latin}
>  {latex/lcscript}  =>  {latin}
>  {latex/scripttag}  =>  {}
>  {latex/language}  =>  {Latex}
>  {latex/langtag}  =>  {ENG}
>  {latex/bcp47}  =>  {}
>  {latex/hyphennames}  =>  {english}
>  {latex/direction}  =>  {LR}
>  {latex/hyphenmins}  =>  {2,3}
>  {latex/frenchspacing}  =>  {false}
>  {latex/indentfirst}  =>  {false}
>  {latex/fontsetup}  =>  {true}
>  {latex/envname}  =>  {latex}
>  {latex/babelname}  =>  {latex}
>  {latex/localnumeral}  =>  {polyglossia@C@localnumeral}
>  {latex/Localnumeral}  =>  {polyglossia@C@localnumeral}.
)
Package polyglossia Info: Default language is latex.
Package polyglossia Info: Option: localmarks.
)
(/usr/share/texlive/texmf-dist/tex/latex/graphics/lscape.sty
Package: lscape 2000/10/22 v3.01 Landscape Pages (DPC)
)
(/usr/share/texlive/texmf-dist/tex/latex/geometry/geometry.sty
Package: geometry 2020/01/02 v5.9 Page Geometry

(/usr/share/texlive/texmf-dist/tex/generic/iftex/ifvtex.sty
Package: ifvtex 2019/10/25 v1.7 ifvtex legacy package. Use iftex instead.
)
\Gm@cnth=\count193
\Gm@cntv=\count194
\c@Gm@tempcnt=\count195
\Gm@bindingoffset=\dimen140
\Gm@wd@mp=\dimen141
\Gm@odd@mp=\dimen142
\Gm@even@mp=\dimen143
\Gm@layoutwidth=\dimen144
\Gm@layoutheight=\dimen145
\Gm@layouthoffset=\dimen146
\Gm@layoutvoffset=\dimen147
\Gm@dimlist=\toks19
)

Package fontspec Info: Could not resolve font "Pedantic Indic/BI" (it probably
(fontspec)             doesn't exist).


Package fontspec Info: Could not resolve font "Pedantic Indic/B" (it probably
(fontspec)             doesn't exist).


Package fontspec Info: Could not resolve font "Pedantic Indic/I" (it probably
(fontspec)             doesn't exist).


Package fontspec Info: Font family 'PedanticIndic(0)' created for font
(fontspec)             'Pedantic Indic' with options
(fontspec)             [Mapping=tex-text,Script=Devanagari].
(fontspec)              
(fontspec)              This font family consists of the following NFSS
(fontspec)             series/shapes:
(fontspec)              
(fontspec)             - 'normal' (m/n) with NFSS spec.: <->"Pedantic
(fontspec)             Indic/OT:script=deva;language=dflt;mapping=tex-text;"
(fontspec)             - 'small caps'  (m/sc) with NFSS spec.: 

 (./leaf.aux
LaTeX Info: Redefining \rmfamily on input line 2.
LaTeX Info: Redefining \sffamily on input line 2.
LaTeX Info: Redefining \ttfamily on input line 2.
)
\openout1 = `leaf.aux'.

LaTeX Font Info:    Checking defaults for OML/cmm/m/it on input line 15.
LaTeX Font Info:    ... okay on input line 15.
LaTeX Font Info:    Checking defaults for OMS/cmsy/m/n on input line 15.
LaTeX Font Info:    ... okay on input line 15.
LaTeX Font Info:    Checking defaults for OT1/cmr/m/n on input line 15.
LaTeX Font Info:    ... okay on input line 15.
LaTeX Font Info:    Checking defaults for T1/cmr/m/n on input line 15.
LaTeX Font Info:    ... okay on input line 15.
LaTeX Font Info:    Checking defaults for TS1/cmr/m/n on input line 15.
LaTeX Font Info:    Trying to load font information for TS1+cmr on input line 1
5.

(/usr/share/texlive/texmf-dist/tex/latex/base/ts1cmr.fd
File: ts1cmr.fd 2019/12/16 v2.5j Standard LaTeX font definitions
)
LaTeX Font Info:    ... okay on input line 15.
LaTeX Font Info:    Checking defaults for TU/lmr/m/n on input line 15.
LaTeX Font Info:    ... okay on input line 15.
LaTeX Font Info:    Checking defaults for OMX/cmex/m/n on input line 15.
LaTeX Font Info:    ... okay on input line 15.
LaTeX Font Info:    Checking defaults for U/cmr/m/n on input line 15.
LaTeX Font Info:    ... okay on input line 15.
LaTeX Font Info:    Checking defaults for T3/cmr/m/n on input line 15.
LaTeX Font Info:    Trying to load font information for T3+cmr on input line 15
.

(/usr/share/texmf/tex/latex/tipa/t3cmr.fd
File: t3cmr.fd 2001/12/31 TIPA font definitions
)
LaTeX Font Info:    ... okay on input line 15.

Package fontspec Info: Adjusting the maths setup (use [no-math] to avoid
(fontspec)             this).

\symlegacymaths=\mathgroup4
LaTeX Font Info:    Overwriting symbol font `legacymaths' in version `bold'
(Font)                  OT1/cmr/m/n --> OT1/cmr/bx/n on input line 15.
LaTeX Font Info:    Redeclaring math accent \acute on input line 15.
LaTeX Font Info:    Redeclaring math accent \grave on input line 15.
LaTeX Font Info:    Redeclaring math accent \ddot on input line 15.
LaTeX Font Info:    Redeclaring math accent \tilde on input line 15.
LaTeX Font Info:    Redeclaring math accent \bar on input line 15.
LaTeX Font Info:    Redeclaring math accent \breve on input line 15.
LaTeX Font Info:    Redeclaring math accent \check on input line 15.
LaTeX Font Info:    Redeclaring math accent \hat on input line 15.
LaTeX Font Info:    Redeclaring math accent \dot on input line 15.
LaTeX Font Info:    Redeclaring math accent \mathring on input line 15.
LaTeX Font Info:    Redeclaring math symbol \colon on input line 15.
LaTeX Font Info:    Redeclaring math symbol \Gamma on input line 15.
LaTeX Font Info:    Redeclaring math symbol \Delta on input line 15.
LaTeX Font Info:    Redeclaring math symbol \Theta on input line 15.
LaTeX Font Info:    Redeclaring math symbol \Lambda on input line 15.
LaTeX Font Info:    Redeclaring math symbol \Xi on input line 15.
LaTeX Font Info:    Redeclaring math symbol \Pi on input line 15.
LaTeX Font Info:    Redeclaring math symbol \Sigma on input line 15.
LaTeX Font Info:    Redeclaring math symbol \Upsilon on input line 15.
LaTeX Font Info:    Redeclaring math symbol \Phi on input line 15.
LaTeX Font Info:    Redeclaring math symbol \Psi on input line 15.
LaTeX Font Info:    Redeclaring math symbol \Omega on input line 15.
LaTeX Font Info:    Redeclaring math symbol \mathdollar on input line 15.
LaTeX Font Info:    Redeclaring symbol font `operators' on input line 15.
LaTeX Font Info:    Encoding `OT1' has changed to `TU' for symbol font
(Font)              `operators' in the math version `normal' on input line 15.
LaTeX Font Info:    Overwriting symbol font `operators' in version `normal'
(Font)                  OT1/cmr/m/n --> TU/lmr/m/n on input line 15.
LaTeX Font Info:    Encoding `OT1' has changed to `TU' for symbol font
(Font)              `operators' in the math version `bold' on input line 15.
LaTeX Font Info:    Overwriting symbol font `operators' in version `bold'
(Font)                  OT1/cmr/bx/n --> TU/lmr/m/n on input line 15.
LaTeX Font Info:    Overwriting symbol font `operators' in version `normal'
(Font)                  TU/lmr/m/n --> TU/lmr/m/n on input line 15.
LaTeX Font Info:    Overwriting math alphabet `\mathit' in version `normal'
(Font)                  OT1/cmr/m/it --> TU/lmr/m/it on input line 15.
LaTeX Font Info:    Overwriting math alphabet `\mathbf' in version `normal'
(Font)                  OT1/cmr/bx/n --> TU/lmr/b/n on input line 15.
LaTeX Font Info:    Overwriting math alphabet `\mathsf' in version `normal'
(Font)                  OT1/cmss/m/n --> TU/lmss/m/n on input line 15.
LaTeX Font Info:    Overwriting math alphabet `\mathtt' in version `normal'
(Font)                  OT1/cmtt/m/n --> TU/lmtt/m/n on input line 15.
LaTeX Font Info:    Overwriting symbol font `operators' in version `bold'
(Font)                  TU/lmr/m/n --> TU/lmr/b/n on input line 15.
LaTeX Font Info:    Overwriting math alphabet `\mathit' in version `bold'
(Font)                  OT1/cmr/bx/it --> TU/lmr/b/it on input line 15.
LaTeX Font Info:    Overwriting math alphabet `\mathsf' in version `bold'
(Font)                  OT1/cmss/bx/n --> TU/lmss/b/n on input line 15.
LaTeX Font Info:    Overwriting math alphabet `\mathtt' in version `bold'
(Font)                  OT1/cmtt/m/n --> TU/lmtt/b/n on input line 15.

*geometry* driver: auto-detecting
*geometry* detected driver: xetex
*geometry* verbose mode - [ preamble ] result:
* driver: xetex
* paper: <default>
* layout: <same size as paper>
* layoutoffset:(h,v)=(0.0pt,0.0pt)
* modes: twoside 
* h-part:(L,W,R)=(142.26378pt, 304.4444pt, 167.58682pt)
* v-part:(T,H,B)=(113.81102pt, 569.05511pt, 112.10385pt)
* \paperwidth=614.295pt
* \paperheight=794.96999pt
* \textwidth=304.4444pt
* \textheight=569.05511pt
* \oddsidemargin=69.99379pt
* \evensidemargin=95.31683pt
* \topmargin=-1.75717pt
* \headheight=12.0pt
* \headsep=31.2982pt
* \topskip=11.0pt
* \footskip=48.36958pt
* \marginparwidth=116.0pt
* \marginparsep=7.0pt
* \columnsep=10.0pt
* \skip\footins=28.45274pt
* \hoffset=0.0pt
* \voffset=0.0pt
* \mag=1000
* \@twocolumnfalse
* \@twosidetrue
* \@mparswitchtrue
* \@reversemarginfalse
* (1in=72.27pt=25.4mm, 1cm=28.453pt)

LaTeX Info: Redefining \rmfamily on input line 15.
LaTeX Info: Redefining \sffamily on input line 15.
LaTeX Info: Redefining \ttfamily on input line 15.

Underfull \vbox (badness 10000) has occurred while \output is active []

 [1


]
Underfull \vbox (badness 1062) has occurred while \output is active []

 [2]
Underfull \vbox (badness 1997) has occurred while \output is active []

 [3]
Underfull \vbox (badness 2495) has occurred while \output is active []

 [4]
Overfull \hbox (12.29478pt too wide) in paragraph at lines 354--407
\TU/PedanticIndic(0)/m/n/10.95 निर्दयाः । तत्प्रहारविभिन्नाङ्गो मृतवध्यमवाप्नुय
ात् ।।३.१९ ।। बद्ध्वा पादौ भुजोरश्च शिरोरुक्कण्ठपाशिताः । अनाहता म्रियन्त्येवं 
वधो बन्धनजः स्मृतः ।।३.२० ।। शत्रुचौरभयैर्घोरैः
 []


Underfull \vbox (badness 3428) has occurred while \output is active []

 [5]
Underfull \vbox (badness 1371) has occurred while \output is active []

 [6]
Underfull \vbox (badness 5274) has occurred while \output is active []

 [7]
[8] [9]
Underfull \vbox (badness 3769) has occurred while \output is active []

 [10]
[11]
Overfull \hbox (14.49698pt too wide) in paragraph at lines 873--885
[]\TU/PedanticIndic(0)/m/n/10.95 पञ्चस्वाध्यायनं कार्यमिहामुत्र सुखार्थिना । शै
वं सांख्यं पुराणं च स्मार्तं भारतसंहिताम् ।।८.१ ।। शैवतत्त्वं विचिन्तेत शैवपाशु
पतद्वये । अत्र विस्तरतः प्रोक्तं तत्त्वसारसमुच्चयम्
 []

[12] [13]
Overfull \hbox (10.40144pt too wide) in paragraph at lines 991--1087
[]\TU/PedanticIndic(0)/m/n/10.95 [अनर्थयज्ञ उवाच ।] त्रिकालगुणभेदेन भिन्नं सर्व
चराचरम् । तस्मात्त्रिगुणबन्धेन वेष्टितं निखिलं जगत् ।।९.१ ।। विगतराग उवाच । त्र
ैकाल्यमिति किं ज्ञेयं त्रैधातुकशरीरिणः
 []


Overfull \hbox (21.0544pt too wide) in paragraph at lines 991--1087
\TU/PedanticIndic(0)/m/n/10.95 शारिकाश्च कुलिङ्गाश्च दशैते तमसाधमाः ।।९.२३ ।। म
करगोहनक्राश्च ऋषा च तमसात्त्विकाः । कच्छपशुशुकुम्भीरमण्डुकास्तमराजसाः । शङ्खशुक
्तिकशम्बूककबन्ध्यास्तमतामसाः
 []


Underfull \vbox (badness 4366) has occurred while \output is active []

 [14]
Underfull \vbox (badness 2662) has occurred while \output is active []

 [15]
Underfull \vbox (badness 4416) has occurred while \output is active []

 [16]
Overfull \hbox (9.3855pt too wide) in paragraph at lines 1267--1296
[]\TU/PedanticIndic(0)/m/n/10.95 वानप्रस्थविधिं वक्ष्ये शृणुष्वायतलोचने । यथाश्
रुतं यथातथ्यमृषिदैवतपूजितम् ।।११.३१ ।। वैराग्यवनमाश्रित्य नियमाश्रममाहरेत् । शी
लशैलदृड्हद्वारे प्राकारे विजितेन्द्रियः
 []


Overfull \hbox (12.43199pt too wide) in paragraph at lines 1267--1296
\TU/PedanticIndic(0)/m/n/10.95 संतोषफलमाहारः कामक्रोधपराजितः ।।११.४१ ।। आशापाशज
याभ्यासो ध्यानयोगरतिप्रियः । अतिथिभ्यो ऽभयं दत्त्वा वानप्रस्थश्चरेद्व्रतम् । वा
नप्रस्थमयं धर्मं यत्पूर्वमवधारितम्
 []


Underfull \vbox (badness 1838) has occurred while \output is active []

 [17]
Underfull \vbox (badness 2142) has occurred while \output is active []

 [18]
Underfull \vbox (badness 10000) has occurred while \output is active []

 [19]
Underfull \vbox (badness 10000) has occurred while \output is active []

 [20]
Underfull \vbox (badness 10000) has occurred while \output is active []

 [21]
Underfull \vbox (badness 10000) has occurred while \output is active []

 [22]
Underfull \vbox (badness 10000) has occurred while \output is active []

 [23]
Underfull \vbox (badness 10000) has occurred while \output is active []

 [24]
Underfull \vbox (badness 1577) has occurred while \output is active []

 [25]
Underfull \vbox (badness 10000) has occurred while \output is active []

 [26]
[27] [28]
Overfull \hbox (44.04149pt too wide) in paragraph at lines 2167--2226
\TU/PedanticIndic(0)/m/n/10.95 कमलपुटकुटीसंकटस्थानलीनः इन्दोर्भासानुरूपी विमलदल
सदाच्छादितः कर्णिकायाम् । तत्र स्थाने स्थितो ऽसौ त्रिभुवननिलयः सर्वभूताधिवासः आ
काशादूर्ध्वतत्त्वस्थितविकसकलासंहतो
 []


Underfull \vbox (badness 3396) has occurred while \output is active []

 [29]
Overfull \hbox (19.51512pt too wide) in paragraph at lines 2232--2427
[]\TU/PedanticIndic(0)/m/n/10.95 देव्युवाच । पृथग्दानस्य इच्छामि श्रोतुं मां दा
तुमर्हसि । अन्नवस्त्रहिरण्यानां गोभूमिकनकस्य च ।।१७.१ ।। भगवानुवाच । ! सुसंस्कृ
तमन्नमतिप्रदद्यात ! घृतप्रभूतमवदंशयुक्तम्
 []


Underfull \vbox (badness 10000) has occurred while \output is active []

 [30]
Underfull \vbox (badness 10000) has occurred while \output is active []

 [31]
Underfull \vbox (badness 10000) has occurred while \output is active []

 [32]
Underfull \vbox (badness 10000) has occurred while \output is active []

 [33]
Underfull \vbox (badness 1286) has occurred while \output is active []

 [34]
Underfull \vbox (badness 3219) has occurred while \output is active []

 [35]
Overfull \hbox (49.35022pt too wide) in paragraph at lines 2796--2812
[]\TU/PedanticIndic(0)/m/n/10.95 एकविंशति यत्तत्त्वं सुषिरं विद्धि भो द्विज । श
ब्दातीतं सुषिरत्वं सशब्दगुणलक्षणम् ।।२०.१२ ।। सप्तस्वरास्त्रयो ग्रामा मूर्छनास्
त्वेकविंशतिः । ताना ।म ।ेकोनपञ्चाशच्छब्दभेदस्तदादयः
 []

[36] [37]
Underfull \vbox (badness 2564) has occurred while \output is active []

 [38]
Underfull \vbox (badness 1337) has occurred while \output is active []

 [39]
Underfull \vbox (badness 10000) has occurred while \output is active []

 [40]
Underfull \vbox (badness 10000) has occurred while \output is active []

 [41]
Overfull \hbox (17.33432pt too wide) in paragraph at lines 3241--3256
[]\TU/PedanticIndic(0)/m/n/10.95 दशाक्षरमहाराज योगीन्द्रस्य महात्मनः । कथयामि स
मासेन शृणुष्वावहितो भव ।।२२.४५ ।। प्रणवादिस्वरा त्रीणि दीर्घबिन्दुसमायुतम् । पञ
्च पञ्च चवर्गे तु वायुबीजमधस्थितम्
 []


Overfull \hbox (7.31277pt too wide) in paragraph at lines 3259--3277
[]\TU/PedanticIndic(0)/m/n/10.95 आचाराल्लभतीह आयुरतुलमैश्वर्यवित्तं तथा आचारात्
सुतमीप्सितं च लभते श्रीकीर्तिप्रज्ञायशः । आचाराल्लभते च लक्ष्मिमतुलं ख्यातिं तथ
ैवोत्तमम आचारादिह मन्त्रधर्मपरमं
 []

[42]
Overfull \hbox (50.48254pt too wide) in paragraph at lines 3299--3319
\TU/PedanticIndic(0)/m/n/10.95 यत्तत्स्थानपरं व्रजन्ति पुरुषाः तस्मात्परिव्राजक
ः । ग्रन्थिदारसुतं धनंश्च विरति निर्ग्रन्थिक सोच्यते रम्यन्ते ऋषिराश्रमे धृतिमन
स्तस्मादृषिः सोच्यते ।।२२.६१ ।। कायवाङ्मनदण्डतत्परतरस्ते
 []

[43]
Underfull \vbox (badness 10000) has occurred while \output is active []

 [44]
[45]
Underfull \vbox (badness 7907) has occurred while \output is active []

 [46]
Overfull \hbox (0.32889pt too wide) in paragraph at lines 3581--3605
\TU/PedanticIndic(0)/m/n/10.95 महाभागो गणैश्च परिवारितः ।।२४.६६ ।। स्कन्दनन्दिप
ुरोगश्च गणकोटिशताकुलः । अनेकरुद्रकन्याभि रूपिणीभिरलङ्कितः ।।२४.६७ ।। तत्र पुण्य
नदी सप्त सर्वपापापनोदनी
 []


Underfull \vbox (badness 1377) has occurred while \output is active []

 [47]
[48]
The property list \polyglossia@langsetup contains the pairs (without outer
braces):
>  {latex/script}  =>  {latin}
>  {latex/lcscript}  =>  {latin}
>  {latex/scripttag}  =>  {}
>  {latex/language}  =>  {Latex}
>  {latex/langtag}  =>  {ENG}
>  {latex/bcp47}  =>  {}
>  {latex/hyphennames}  =>  {english}
>  {latex/direction}  =>  {LR}
>  {latex/hyphenmins}  =>  {2,3}
>  {latex/frenchspacing}  =>  {false}
>  {latex/indentfirst}  =>  {false}
>  {latex/fontsetup}  =>  {true}
>  {latex/envname}  =>  {latex}
>  {latex/babelname}  =>  {latex}
>  {latex/localnumeral}  =>  {polyglossia@C@localnumeral}
>  {latex/Localnumeral}  =>  {polyglossia@C@localnumeral}.
 (./leaf.aux
LaTeX Info: Redefining \rmfamily on input line 2.
LaTeX Info: Redefining \sffamily on input line 2.
LaTeX Info: Redefining \ttfamily on input line 2.
) ) 
Here is how much of TeX's memory you used:
 8434 strings out of 481320
 183086 string characters out of 5924377
 492776 words of memory out of 5000000
 25432 multiletter control sequences out of 15000+600000
 532418 words of font info for 34 fonts, out of 8000000 for 9000
 264 hyphenation exceptions out of 8191
 43i,5n,69p,814b,251s stack positions out of 5000i,500n,10000p,200000b,80000s

Output written on leaf.pdf (48 pages).
