\BOOKMARK [1][-]{section*.1}{\376\377\000A\000c\000k\000n\000o\000w\000l\000e\000d\000g\000e\000m\000e\000n\000t\000s}{}% 1
\BOOKMARK [1][-]{section*.2}{\376\377\000P\000r\000e\000f\000a\000c\000e}{}% 2
\BOOKMARK [1][-]{section*.3}{\376\377\000I\000n\000t\000r\000o\000d\000u\000c\000t\000i\000o\000n}{}% 3
\BOOKMARK [2][-]{section*.4}{\376\377\000O\000n\000\040\000t\000h\000e\000\040\000c\000o\000n\000t\000e\000n\000t\000s\000\040\000o\000f\000\040\000t\000h\000e\000\040\000V\000S\000S}{section*.3}% 4
\BOOKMARK [3][-]{section*.5}{\376\377\000O\000n\000\040\000t\000h\000e\000\040\000t\000i\000t\000l\000e}{section*.4}% 5
\BOOKMARK [3][-]{section*.6}{\376\377\000T\000h\000e\000\040\000s\000t\000r\000u\000c\000t\000u\000r\000e\000\040\000o\000f\000\040\000t\000h\000e\000\040\000V\000S\000S}{section*.4}% 6
\BOOKMARK [3][-]{section*.7}{\376\377\000C\000o\000n\000t\000e\000n\000t\000s}{section*.4}% 7
\BOOKMARK [3][-]{section*.8}{\376\377\000T\000h\000e\000\040\000r\000o\000l\000e\000\040\000o\000f\000\040\000t\000h\000e\000\040\000V\000S\000S\000\040\000i\000n\000\040\000t\000h\000e\000\040\001\132\000i\000v\000a\000d\000h\000a\000r\000m\000a\000\040\000c\000o\000r\000p\000u\000s}{section*.4}% 8
\BOOKMARK [2][-]{section*.9}{\376\377\000D\000a\000t\000i\000n\000g\000\040\000a\000n\000d\000\040\000p\000r\000o\000v\000e\000n\000a\000n\000c\000e}{section*.3}% 9
\BOOKMARK [2][-]{section*.10}{\376\377\000I\000n\000t\000e\000r\000p\000r\000e\000t\000a\000t\000i\000o\000n\000\040\000o\000f\000\040\000c\000h\000a\000p\000t\000e\000r\000s}{section*.3}% 10
\BOOKMARK [2][-]{section*.11}{\376\377\000M\000i\000s\000c}{section*.3}% 11
\BOOKMARK [1][-]{section*.12}{\376\377\000N\000o\000t\000e\000s\000\040\000o\000n\000\040\000t\000h\000e\000\040\000l\000a\000n\000g\000u\000a\000g\000e}{}% 12
\BOOKMARK [2][-]{section*.13}{\376\377\000M\000e\000t\000r\000e}{section*.12}% 13
\BOOKMARK [2][-]{section*.14}{\376\377\000V\000o\000c\000a\000b\000u\000l\000a\000r\000y}{section*.12}% 14
\BOOKMARK [2][-]{section*.15}{\376\377\000N\000u\000m\000b\000e\000r\000\040\000a\000n\000d\000\040\000g\000e\000n\000d\000e\000r}{section*.12}% 15
\BOOKMARK [2][-]{section*.16}{\376\377\000S\000y\000n\000t\000a\000x}{section*.12}% 16
\BOOKMARK [2][-]{section*.17}{\376\377\000S\000t\000e\000m\000\040\000f\000o\000r\000m\000\040\000n\000o\000u\000n\000s}{section*.12}% 17
\BOOKMARK [2][-]{section*.18}{\376\377\000W\000i\000t\000n\000e\000s\000s\000e\000s}{section*.12}% 18
\BOOKMARK [1][-]{section*.19}{\376\377\000H\000o\000w\000\040\000t\000o\000\040\000d\000e\000s\000c\000r\000i\000b\000e\000\040\000a\000\040\000M\000S\000?}{}% 19
\BOOKMARK [1][-]{section*.20}{\376\377\000T\000h\000e\000\040\000C\000a\000m\000b\000r\000i\000d\000g\000e\000\040\000M\000a\000n\000u\000s\000c\000r\000i\000p\000t\000s}{}% 20
\BOOKMARK [2][-]{section*.21}{\376\377\000\050\000N\000\051\000C\0009\0004}{section*.20}% 21
\BOOKMARK [2][-]{section*.22}{\376\377\000\050\000N\000\051\000C\0004\0005}{section*.20}% 22
\BOOKMARK [2][-]{section*.23}{\376\377\000\050\000N\000\051\000C\0000\0002}{section*.20}% 23
\BOOKMARK [1][-]{section*.24}{\376\377\000T\000h\000e\000\040\000K\000a\000t\000h\000m\000a\000n\000d\000u\000\040\000M\000a\000n\000u\000s\000c\000r\000i\000p\000t\000s}{}% 24
\BOOKMARK [2][-]{section*.25}{\376\377\000\050\000N\000\051\000K\0008\0002}{section*.24}% 25
\BOOKMARK [2][-]{section*.26}{\376\377\000\050\000N\000\051\000K\0001\0000}{section*.24}% 26
\BOOKMARK [2][-]{section*.27}{\376\377\000\050\000N\000\051\000K\0007}{section*.24}% 27
\BOOKMARK [2][-]{section*.28}{\376\377\000\050\000N\000\051\000K\0003}{section*.24}% 28
\BOOKMARK [1][-]{section*.29}{\376\377\000T\000h\000e\000\040\000K\000o\000l\000k\000a\000t\000a\000\040\000M\000S\000S}{}% 29
\BOOKMARK [1][-]{section*.30}{\376\377\000T\000h\000e\000\040\000L\000o\000n\000d\000o\000n\000\040\000M\000S}{}% 30
\BOOKMARK [1][-]{section*.31}{\376\377\000T\000h\000e\000\040\000O\000x\000f\000o\000r\000d\000\040\000M\000S}{}% 31
\BOOKMARK [1][-]{section*.32}{\376\377\000T\000h\000e\000\040\000M\000u\000n\000i\000c\000h\000\040\000M\000S}{}% 32
\BOOKMARK [1][-]{section*.33}{\376\377\000N\000P\0005\0007}{}% 33
\BOOKMARK [1][-]{section*.34}{\376\377\000N\000a\000r\000a\000h\000a\000r\000i\000n\000a\000t\000h\000'\000s\000\040\000e\000d\000i\000t\000i\000o\000n}{}% 34
\BOOKMARK [2][-]{section*.35}{\376\377\000E\000d\000i\000t\000o\000r\000i\000a\000l\000\040\000p\000o\000l\000i\000c\000i\000e\000s}{section*.34}% 35
\BOOKMARK [1][-]{section*.36}{\376\377\000A\000\040\000C\000r\000i\000t\000i\000c\000a\000l\000\040\000E\000d\000i\000t\000i\000o\000n\000\040\000o\000f\000\040\000V\000S\000S\000\040\0001\040\023\0001\0002}{}% 36
\BOOKMARK [1][-]{section*.37}{\376\377\000N\000o\000t\000e\000s\000\040\000o\000n\000\040\000t\000h\000e\000\040\000C\000o\000n\000s\000t\000i\000t\000u\000t\000e\000d\000\040\000T\000e\000x\000t}{}% 37
\BOOKMARK [1][-]{section*.38}{\376\377\000A\000n\000\040\000A\000n\000n\000o\000t\000a\000t\000e\000d\000\040\000T\000r\000a\000n\000s\000l\000a\000t\000i\000o\000n}{}% 38
\BOOKMARK [1][-]{section*.39}{\376\377\000A\000b\000b\000r\000e\000v\000i\000a\000t\000i\000o\000n\000s\000\040\000a\000n\000d\000\040\000B\000i\000b\000l\000i\000o\000g\000r\000a\000p\000h\000y}{}% 39
